0 verbose cli /usr/local/bin/node /usr/local/bin/npm
1 info using npm@10.9.3
2 info using node@v22.20.0
3 silly config load:file:/usr/local/lib/node_modules/npm/npmrc
4 silly config load:file:/Users/nag/Desktop/agrisarathi trae/functions/.npmrc
5 silly config load:file:/Users/nag/.npmrc
6 silly config load:file:/usr/local/etc/npmrc
7 verbose title npm i firebase-functions@latest
8 verbose argv "i" "--save" "firebase-functions@latest" "--cache" ".npm-cache"
9 verbose logfile logs-max:10 dir:/Users/nag/Desktop/agrisarathi trae/functions/.npm-cache/_logs/2026-01-21T03_22_11_965Z-
10 verbose logfile /Users/nag/Desktop/agrisarathi trae/functions/.npm-cache/_logs/2026-01-21T03_22_11_965Z-debug-0.log
11 silly logfile done cleaning log files
12 silly packumentCache heap:4345298944 maxSize:1086324736 maxEntrySize:543162368
13 silly packumentCache corgi:https://registry.npmjs.org/firebase-functions cache-miss
14 http fetch GET 200 https://registry.npmjs.org/firebase-functions 615ms (cache miss)
15 silly packumentCache corgi:https://registry.npmjs.org/firebase-functions set size:undefined disposed:false
16 silly idealTree buildDeps
17 silly fetch manifest firebase-functions@7.0.3
18 silly packumentCache full:https://registry.npmjs.org/firebase-functions cache-miss
19 http cache https://registry.npmjs.org/firebase-functions 5ms (cache hit)
20 silly packumentCache full:https://registry.npmjs.org/firebase-functions set size:834071 disposed:false
21 silly fetch manifest @apollo/server@^5.2.0
22 silly packumentCache full:https://registry.npmjs.org/@apollo%2fserver cache-miss
23 http fetch GET 200 https://registry.npmjs.org/@apollo%2fserver 1606ms (cache miss)
24 silly packumentCache full:https://registry.npmjs.org/@apollo%2fserver set size:undefined disposed:false
25 silly fetch manifest graphql@^16.11.0
26 silly packumentCache full:https://registry.npmjs.org/graphql cache-miss
27 http fetch GET 200 https://registry.npmjs.org/graphql 123ms (cache miss)
28 silly packumentCache full:https://registry.npmjs.org/graphql set size:undefined disposed:false
29 silly fetch manifest @as-integrations/express4@^1.1.2
30 silly packumentCache full:https://registry.npmjs.org/@as-integrations%2fexpress4 cache-miss
31 http fetch GET 200 https://registry.npmjs.org/@as-integrations%2fexpress4 1421ms (cache miss)
32 silly packumentCache full:https://registry.npmjs.org/@as-integrations%2fexpress4 set size:undefined disposed:false
33 silly fetch manifest express@^4.0.0
34 silly packumentCache full:https://registry.npmjs.org/express cache-miss
35 http cache https://registry.npmjs.org/express 5ms (cache hit)
36 silly packumentCache full:https://registry.npmjs.org/express set size:801203 disposed:false
37 silly fetch manifest firebase-admin@^12.0.0
38 silly packumentCache full:https://registry.npmjs.org/firebase-admin cache-miss
39 http cache https://registry.npmjs.org/firebase-admin 3ms (cache hit)
40 silly packumentCache full:https://registry.npmjs.org/firebase-admin set size:716837 disposed:false
41 silly placeDep ROOT firebase-functions@7.0.3 REPLACE for:  want: 7.0.3
42 silly fetch manifest @types/express@^4.17.21
43 silly packumentCache full:https://registry.npmjs.org/@types%2fexpress cache-miss
44 http cache https://registry.npmjs.org/@types%2fexpress 4ms (cache hit)
45 silly packumentCache full:https://registry.npmjs.org/@types%2fexpress set size:111364 disposed:false
46 silly placeDep ROOT @types/express@4.17.25 OK for: firebase-functions@7.0.3 want: ^4.17.21
47 silly fetch manifest @types/qs@*
48 silly packumentCache full:https://registry.npmjs.org/@types%2fqs cache-miss
49 silly fetch manifest @types/body-parser@*
50 silly packumentCache full:https://registry.npmjs.org/@types%2fbody-parser cache-miss
51 silly fetch manifest @types/serve-static@^1
52 silly packumentCache full:https://registry.npmjs.org/@types%2fserve-static cache-miss
53 silly fetch manifest @types/express-serve-static-core@^4.17.33
54 silly packumentCache full:https://registry.npmjs.org/@types%2fexpress-serve-static-core cache-miss
55 http cache https://registry.npmjs.org/@types%2fqs 3ms (cache hit)
56 silly packumentCache full:https://registry.npmjs.org/@types%2fqs set size:79370 disposed:false
57 http cache https://registry.npmjs.org/@types%2fserve-static 3ms (cache hit)
58 silly packumentCache full:https://registry.npmjs.org/@types%2fserve-static set size:70859 disposed:false
59 http cache https://registry.npmjs.org/@types%2fexpress-serve-static-core 5ms (cache hit)
60 silly packumentCache full:https://registry.npmjs.org/@types%2fexpress-serve-static-core set size:264345 disposed:false
61 http cache https://registry.npmjs.org/@types%2fbody-parser 6ms (cache hit)
62 silly packumentCache full:https://registry.npmjs.org/@types%2fbody-parser set size:59466 disposed:false
63 silly placeDep ROOT @types/body-parser@1.19.6 OK for: @types/express@4.17.25 want: *
64 silly placeDep ROOT @types/express-serve-static-core@4.19.8 OK for: @types/express@4.17.25 want: ^4.17.33
65 silly placeDep ROOT @types/qs@6.14.0 OK for: @types/express@4.17.25 want: *
66 silly placeDep ROOT @types/serve-static@1.15.10 OK for: @types/express@4.17.25 want: ^1
67 silly fetch manifest @types/connect@*
68 silly packumentCache full:https://registry.npmjs.org/@types%2fconnect cache-miss
69 silly fetch manifest @types/send@*
70 silly packumentCache full:https://registry.npmjs.org/@types%2fsend cache-miss
71 silly fetch manifest @types/range-parser@*
72 silly packumentCache full:https://registry.npmjs.org/@types%2frange-parser cache-miss
73 silly fetch manifest @types/send@<1
74 silly packumentCache full:https://registry.npmjs.org/@types%2fsend cache-miss
75 silly fetch manifest @types/http-errors@*
76 silly packumentCache full:https://registry.npmjs.org/@types%2fhttp-errors cache-miss
77 http cache https://registry.npmjs.org/@types%2fsend 2ms (cache hit)
78 silly packumentCache full:https://registry.npmjs.org/@types%2fsend set size:29985 disposed:false
79 http cache https://registry.npmjs.org/@types%2fsend 3ms (cache hit)
80 silly packumentCache full:https://registry.npmjs.org/@types%2fsend set size:29985 disposed:false
81 silly packumentCache full:https://registry.npmjs.org/@types%2fsend dispose
82 http cache https://registry.npmjs.org/@types%2fconnect 3ms (cache hit)
83 silly packumentCache full:https://registry.npmjs.org/@types%2fconnect set size:31512 disposed:false
84 http cache https://registry.npmjs.org/@types%2frange-parser 3ms (cache hit)
85 silly packumentCache full:https://registry.npmjs.org/@types%2frange-parser set size:15278 disposed:false
86 http cache https://registry.npmjs.org/@types%2fhttp-errors 4ms (cache hit)
87 silly packumentCache full:https://registry.npmjs.org/@types%2fhttp-errors set size:48994 disposed:false
88 silly placeDep ROOT @types/connect@3.4.38 OK for: @types/body-parser@1.19.6 want: *
89 silly placeDep ROOT @types/range-parser@1.2.7 OK for: @types/express-serve-static-core@4.19.8 want: *
90 silly placeDep ROOT @types/send@1.2.1 OK for: @types/express-serve-static-core@4.19.8 want: *
91 silly placeDep ROOT @types/http-errors@2.0.5 OK for: @types/serve-static@1.15.10 want: *
92 silly placeDep node_modules/@types/serve-static @types/send@0.17.6 OK for: @types/serve-static@1.15.10 want: <1
93 silly fetch manifest @types/mime@^1
94 silly packumentCache full:https://registry.npmjs.org/@types%2fmime cache-miss
95 http fetch GET 200 https://registry.npmjs.org/@types%2fmime 77ms (cache miss)
96 silly packumentCache full:https://registry.npmjs.org/@types%2fmime set size:undefined disposed:false
97 silly placeDep ROOT @types/mime@1.3.5 OK for: @types/send@0.17.6 want: ^1
98 warn EBADENGINE Unsupported engine {
98 warn EBADENGINE   package: undefined,
98 warn EBADENGINE   required: { node: '20' },
98 warn EBADENGINE   current: { node: 'v22.20.0', npm: '10.9.3' }
98 warn EBADENGINE }
99 silly reify mark retired [
99 silly reify   '/Users/nag/Desktop/agrisarathi trae/functions/node_modules/@types/express'
99 silly reify ]
100 silly reify mark retired [
100 silly reify   '/Users/nag/Desktop/agrisarathi trae/functions/node_modules/@types/express-serve-static-core'
100 silly reify ]
101 silly reify mark retired [
101 silly reify   '/Users/nag/Desktop/agrisarathi trae/functions/node_modules/@types/serve-static'
101 silly reify ]
102 silly reify mark retired [
102 silly reify   '/Users/nag/Desktop/agrisarathi trae/functions/node_modules/firebase-functions',
102 silly reify   '/Users/nag/Desktop/agrisarathi trae/functions/node_modules/.bin/firebase-functions'
102 silly reify ]
103 silly reify moves {
103 silly reify   '/Users/nag/Desktop/agrisarathi trae/functions/node_modules/@types/express': '/Users/nag/Desktop/agrisarathi trae/functions/node_modules/@types/.express-3SjobZks',
103 silly reify   '/Users/nag/Desktop/agrisarathi trae/functions/node_modules/@types/express-serve-static-core': '/Users/nag/Desktop/agrisarathi trae/functions/node_modules/@types/.express-serve-static-core-y4zoOTbt',
103 silly reify   '/Users/nag/Desktop/agrisarathi trae/functions/node_modules/@types/serve-static': '/Users/nag/Desktop/agrisarathi trae/functions/node_modules/@types/.serve-static-vS8O4QVy',
103 silly reify   '/Users/nag/Desktop/agrisarathi trae/functions/node_modules/firebase-functions': '/Users/nag/Desktop/agrisarathi trae/functions/node_modules/.firebase-functions-6vCwJtuX',
103 silly reify   '/Users/nag/Desktop/agrisarathi trae/functions/node_modules/.bin/firebase-functions': '/Users/nag/Desktop/agrisarathi trae/functions/node_modules/.bin/.firebase-functions-xAaDfvjL'
103 silly reify }
104 silly audit bulk request {
104 silly audit   '@babel/code-frame': [ '7.28.6' ],
104 silly audit   '@babel/compat-data': [ '7.28.6' ],
104 silly audit   '@babel/core': [ '7.28.6' ],
104 silly audit   debug: [ '4.4.3', '2.6.9' ],
104 silly audit   ms: [ '2.1.3', '2.0.0' ],
104 silly audit   semver: [ '6.3.1', '7.7.3' ],
104 silly audit   '@babel/generator': [ '7.28.6' ],
104 silly audit   '@babel/helper-compilation-targets': [ '7.28.6' ],
104 silly audit   '@babel/helper-globals': [ '7.28.0' ],
104 silly audit   '@babel/helper-module-imports': [ '7.28.6' ],
104 silly audit   '@babel/helper-module-transforms': [ '7.28.6' ],
104 silly audit   '@babel/helper-plugin-utils': [ '7.28.6' ],
104 silly audit   '@babel/helper-string-parser': [ '7.27.1' ],
104 silly audit   '@babel/helper-validator-identifier': [ '7.28.5' ],
104 silly audit   '@babel/helper-validator-option': [ '7.27.1' ],
104 silly audit   '@babel/helpers': [ '7.28.6' ],
104 silly audit   '@babel/parser': [ '7.28.6' ],
104 silly audit   '@babel/plugin-syntax-async-generators': [ '7.8.4' ],
104 silly audit   '@babel/plugin-syntax-bigint': [ '7.8.3' ],
104 silly audit   '@babel/plugin-syntax-class-properties': [ '7.12.13' ],
104 silly audit   '@babel/plugin-syntax-class-static-block': [ '7.14.5' ],
104 silly audit   '@babel/plugin-syntax-import-attributes': [ '7.28.6' ],
104 silly audit   '@babel/plugin-syntax-import-meta': [ '7.10.4' ],
104 silly audit   '@babel/plugin-syntax-json-strings': [ '7.8.3' ],
104 silly audit   '@babel/plugin-syntax-jsx': [ '7.28.6' ],
104 silly audit   '@babel/plugin-syntax-logical-assignment-operators': [ '7.10.4' ],
104 silly audit   '@babel/plugin-syntax-nullish-coalescing-operator': [ '7.8.3' ],
104 silly audit   '@babel/plugin-syntax-numeric-separator': [ '7.10.4' ],
104 silly audit   '@babel/plugin-syntax-object-rest-spread': [ '7.8.3' ],
104 silly audit   '@babel/plugin-syntax-optional-catch-binding': [ '7.8.3' ],
104 silly audit   '@babel/plugin-syntax-optional-chaining': [ '7.8.3' ],
104 silly audit   '@babel/plugin-syntax-private-property-in-object': [ '7.14.5' ],
104 silly audit   '@babel/plugin-syntax-top-level-await': [ '7.14.5' ],
104 silly audit   '@babel/plugin-syntax-typescript': [ '7.28.6' ],
104 silly audit   '@babel/template': [ '7.28.6' ],
104 silly audit   '@babel/traverse': [ '7.28.6' ],
104 silly audit   '@babel/types': [ '7.28.6' ],
104 silly audit   '@bcoe/v8-coverage': [ '0.2.3' ],
104 silly audit   '@colors/colors': [ '1.6.0' ],
104 silly audit   '@dabh/diagnostics': [ '2.0.8' ],
104 silly audit   '@emnapi/core': [ '1.8.1' ],
104 silly audit   '@emnapi/runtime': [ '1.8.1' ],
104 silly audit   '@emnapi/wasi-threads': [ '1.1.0' ],
104 silly audit   '@fastify/busboy': [ '3.2.0' ],
104 silly audit   '@firebase/app-check-interop-types': [ '0.3.2' ],
104 silly audit   '@firebase/app-types': [ '0.9.2' ],
104 silly audit   '@firebase/auth-interop-types': [ '0.2.3' ],
104 silly audit   '@firebase/component': [ '0.6.9' ],
104 silly audit   '@firebase/database': [ '1.0.8' ],
104 silly audit   '@firebase/database-compat': [ '1.0.8' ],
104 silly audit   '@firebase/database-types': [ '1.0.5' ],
104 silly audit   '@firebase/logger': [ '0.4.2' ],
104 silly audit   '@firebase/util': [ '1.10.0' ],
104 silly audit   '@genkit-ai/ai': [ '1.27.0' ],
104 silly audit   '@types/node': [ '20.19.30', '22.19.7' ],
104 silly audit   '@genkit-ai/core': [ '1.27.0' ],
104 silly audit   '@genkit-ai/firebase': [ '1.27.0' ],
104 silly audit   '@genkit-ai/google-cloud': [ '1.27.0' ],
104 silly audit   '@genkit-ai/googleai': [ '1.27.0' ],
104 silly audit   '@google-cloud/common': [ '5.0.2' ],
104 silly audit   '@google-cloud/firestore': [ '7.11.6' ],
104 silly audit   '@google-cloud/logging': [ '11.2.1' ],
104 silly audit   '@google-cloud/logging-winston': [ '6.0.1' ],
104 silly audit   uuid: [ '9.0.1', '8.3.2', '10.0.0' ],
104 silly audit   '@google-cloud/modelarmor': [ '0.4.1' ],
104 silly audit   '@grpc/proto-loader': [ '0.8.0', '0.7.15' ],
104 silly audit   'agent-base': [ '6.0.2', '7.1.4' ],
104 silly audit   gaxios: [ '7.1.3', '6.7.1' ],
104 silly audit   'gcp-metadata': [ '8.1.2', '6.1.1' ],
104 silly audit   'google-auth-library': [ '10.5.0', '9.15.1' ],
104 silly audit   'google-gax': [ '5.0.6', '4.6.1' ],
104 silly audit   'google-logging-utils': [ '1.1.3', '0.0.2' ],
104 silly audit   gtoken: [ '8.0.0', '7.1.0' ],
104 silly audit   'proto3-json-serializer': [ '3.0.4', '2.0.2' ],
104 silly audit   'retry-request': [ '8.0.2', '7.0.2' ],
104 silly audit   'teeny-request': [ '10.1.0', '9.0.0' ],
104 silly audit   'https-proxy-agent': [ '5.0.1', '7.0.6' ],
104 silly audit   '@google-cloud/opentelemetry-cloud-monitoring-exporter': [ '0.19.0' ],
104 silly audit   '@google-cloud/opentelemetry-cloud-trace-exporter': [ '2.4.1' ],
104 silly audit   '@google-cloud/opentelemetry-resource-util': [ '2.4.0' ],
104 silly audit   '@google-cloud/paginator': [ '5.0.2' ],
104 silly audit   '@google-cloud/precise-date': [ '4.0.0' ],
104 silly audit   '@google-cloud/projectify': [ '4.0.0' ],
104 silly audit   '@google-cloud/promisify': [ '4.0.0' ],
104 silly audit   '@google-cloud/storage': [ '7.18.0' ],
104 silly audit   '@google/generative-ai': [ '0.24.1' ],
104 silly audit   '@grpc/grpc-js': [ '1.14.3' ],
104 silly audit   '@isaacs/cliui': [ '8.0.2' ],
104 silly audit   '@istanbuljs/load-nyc-config': [ '1.1.0' ],
104 silly audit   '@istanbuljs/schema': [ '0.1.3' ],
104 silly audit   '@jest/console': [ '30.2.0' ],
104 silly audit   '@jest/core': [ '30.2.0' ],
104 silly audit   '@jest/diff-sequences': [ '30.0.1' ],
104 silly audit   '@jest/environment': [ '30.2.0' ],
104 silly audit   '@jest/expect': [ '30.2.0' ],
104 silly audit   '@jest/expect-utils': [ '30.2.0' ],
104 silly audit   '@jest/fake-timers': [ '30.2.0' ],
104 silly audit   '@jest/get-type': [ '30.1.0' ],
104 silly audit   '@jest/globals': [ '30.2.0' ],
104 silly audit   '@jest/pattern': [ '30.0.1' ],
104 silly audit   '@jest/reporters': [ '30.2.0' ],
104 silly audit   '@jest/schemas': [ '30.0.5' ],
104 silly audit   '@jest/snapshot-utils': [ '30.2.0' ],
104 silly audit   '@jest/source-map': [ '30.0.1' ],
104 silly audit   '@jest/test-result': [ '30.2.0' ],
104 silly audit   '@jest/test-sequencer': [ '30.2.0' ],
104 silly audit   '@jest/transform': [ '30.2.0' ],
104 silly audit   '@jest/types': [ '30.2.0' ],
104 silly audit   '@jridgewell/gen-mapping': [ '0.3.13' ],
104 silly audit   '@jridgewell/remapping': [ '2.3.5' ],
104 silly audit   '@jridgewell/resolve-uri': [ '3.1.2' ],
104 silly audit   '@jridgewell/sourcemap-codec': [ '1.5.5' ],
104 silly audit   '@jridgewell/trace-mapping': [ '0.3.31' ],
104 silly audit   '@js-sdsl/ordered-map': [ '4.4.2' ],
104 silly audit   '@napi-rs/wasm-runtime': [ '0.2.12' ],
104 silly audit   '@opentelemetry/api': [ '1.9.0' ],
104 silly audit   '@opentelemetry/api-logs': [ '0.52.1' ],
104 silly audit   '@opentelemetry/auto-instrumentations-node': [ '0.49.2' ],
104 silly audit   '@opentelemetry/context-async-hooks': [ '1.25.1' ],
104 silly audit   '@opentelemetry/core': [ '1.25.1', '1.30.1' ],
104 silly audit   '@opentelemetry/semantic-conventions': [ '1.25.1', '1.28.0', '1.39.0' ],
104 silly audit   '@opentelemetry/exporter-jaeger': [ '1.30.1' ],
104 silly audit   '@opentelemetry/resources': [ '1.30.1', '1.25.1' ],
104 silly audit   '@opentelemetry/sdk-trace-base': [ '1.30.1', '1.25.1' ],
104 silly audit   '@opentelemetry/exporter-trace-otlp-grpc': [ '0.52.1' ],
104 silly audit   '@opentelemetry/exporter-trace-otlp-http': [ '0.52.1' ],
104 silly audit   '@opentelemetry/exporter-trace-otlp-proto': [ '0.52.1' ],
104 silly audit   '@opentelemetry/exporter-zipkin': [ '1.25.1' ],
104 silly audit   '@opentelemetry/instrumentation': [ '0.52.1' ],
104 silly audit   '@opentelemetry/instrumentation-amqplib': [ '0.41.0' ],
104 silly audit   '@opentelemetry/instrumentation-aws-lambda': [ '0.43.0' ],
104 silly audit   '@opentelemetry/instrumentation-aws-sdk': [ '0.43.1' ],
104 silly audit   '@opentelemetry/instrumentation-bunyan': [ '0.40.0' ],
104 silly audit   '@opentelemetry/instrumentation-cassandra-driver': [ '0.40.0' ],
104 silly audit   '@opentelemetry/instrumentation-connect': [ '0.38.0' ],
104 silly audit   '@types/connect': [ '3.4.36', '3.4.38' ],
104 silly audit   '@opentelemetry/instrumentation-cucumber': [ '0.8.0' ],
104 silly audit   '@opentelemetry/instrumentation-dataloader': [ '0.11.0' ],
104 silly audit   '@opentelemetry/instrumentation-dns': [ '0.38.0' ],
104 silly audit   '@opentelemetry/instrumentation-express': [ '0.41.1' ],
104 silly audit   '@opentelemetry/instrumentation-fastify': [ '0.38.0' ],
104 silly audit   '@opentelemetry/instrumentation-fs': [ '0.14.0' ],
104 silly audit   '@opentelemetry/instrumentation-generic-pool': [ '0.38.1' ],
104 silly audit   '@opentelemetry/instrumentation-graphql': [ '0.42.0' ],
104 silly audit   '@opentelemetry/instrumentation-grpc': [ '0.52.1' ],
104 silly audit   '@opentelemetry/instrumentation-hapi': [ '0.40.0' ],
104 silly audit   '@opentelemetry/instrumentation-http': [ '0.52.1' ],
104 silly audit   '@opentelemetry/instrumentation-ioredis': [ '0.42.0' ],
104 silly audit   '@opentelemetry/instrumentation-kafkajs': [ '0.2.0' ],
104 silly audit   '@opentelemetry/instrumentation-knex': [ '0.39.0' ],
104 silly audit   '@opentelemetry/instrumentation-koa': [ '0.42.0' ],
104 silly audit   '@opentelemetry/instrumentation-lru-memoizer': [ '0.39.0' ],
104 silly audit   '@opentelemetry/instrumentation-memcached': [ '0.38.0' ],
104 silly audit   '@opentelemetry/instrumentation-mongodb': [ '0.46.0' ],
104 silly audit   '@opentelemetry/instrumentation-mongoose': [ '0.41.0' ],
104 silly audit   '@opentelemetry/instrumentation-mysql': [ '0.40.0' ],
104 silly audit   '@opentelemetry/instrumentation-mysql2': [ '0.40.0' ],
104 silly audit   '@opentelemetry/instrumentation-nestjs-core': [ '0.39.0' ],
104 silly audit   '@opentelemetry/instrumentation-net': [ '0.38.0' ],
104 silly audit   '@opentelemetry/instrumentation-pg': [ '0.43.0' ],
104 silly audit   '@opentelemetry/instrumentation-pino': [ '0.41.0' ],
104 silly audit   '@opentelemetry/instrumentation-redis': [ '0.41.0' ],
104 silly audit   '@opentelemetry/instrumentation-redis-4': [ '0.41.1' ],
104 silly audit   '@opentelemetry/instrumentation-restify': [ '0.40.0' ],
104 silly audit   '@opentelemetry/instrumentation-router': [ '0.39.0' ],
104 silly audit   '@opentelemetry/instrumentation-socket.io': [ '0.41.0' ],
104 silly audit   '@opentelemetry/instrumentation-tedious': [ '0.13.0' ],
104 silly audit   '@opentelemetry/instrumentation-undici': [ '0.5.0' ],
104 silly audit   '@opentelemetry/instrumentation-winston': [ '0.39.0' ],
104 silly audit   '@opentelemetry/otlp-exporter-base': [ '0.52.1' ],
104 silly audit   '@opentelemetry/otlp-grpc-exporter-base': [ '0.52.1' ],
104 silly audit   '@opentelemetry/otlp-transformer': [ '0.52.1' ],
104 silly audit   '@opentelemetry/propagation-utils': [ '0.30.16' ],
104 silly audit   '@opentelemetry/propagator-aws-xray': [ '1.26.2' ],
104 silly audit   '@opentelemetry/propagator-b3': [ '1.25.1' ],
104 silly audit   '@opentelemetry/propagator-jaeger': [ '1.25.1' ],
104 silly audit   '@opentelemetry/redis-common': [ '0.36.2' ],
104 silly audit   '@opentelemetry/resource-detector-alibaba-cloud': [ '0.29.7' ],
104 silly audit   '@opentelemetry/resource-detector-aws': [ '1.12.0' ],
104 silly audit   '@opentelemetry/resource-detector-azure': [ '0.2.12' ],
104 silly audit   '@opentelemetry/resource-detector-container': [ '0.4.4' ],
104 silly audit   '@opentelemetry/resource-detector-gcp': [ '0.29.13' ],
104 silly audit   '@opentelemetry/sdk-logs': [ '0.52.1' ],
104 silly audit   '@opentelemetry/sdk-metrics': [ '1.25.1' ],
104 silly audit   '@opentelemetry/sdk-node': [ '0.52.1' ],
104 silly audit   '@opentelemetry/sdk-trace-node': [ '1.25.1' ],
104 silly audit   '@opentelemetry/sql-common': [ '0.40.1' ],
104 silly audit   '@pkgjs/parseargs': [ '0.11.0' ],
104 silly audit   '@pkgr/core': [ '0.2.9' ],
104 silly audit   '@protobufjs/aspromise': [ '1.1.2' ],
104 silly audit   '@protobufjs/base64': [ '1.1.2' ],
104 silly audit   '@protobufjs/codegen': [ '2.0.4' ],
104 silly audit   '@protobufjs/eventemitter': [ '1.1.0' ],
104 silly audit   '@protobufjs/fetch': [ '1.1.0' ],
104 silly audit   '@protobufjs/float': [ '1.0.2' ],
104 silly audit   '@protobufjs/inquire': [ '1.1.0' ],
104 silly audit   '@protobufjs/path': [ '1.1.2' ],
104 silly audit   '@protobufjs/pool': [ '1.1.0' ],
104 silly audit   '@protobufjs/utf8': [ '1.1.0' ],
104 silly audit   '@sinclair/typebox': [ '0.34.47' ],
104 silly audit   '@sinonjs/commons': [ '3.0.1' ],
104 silly audit   '@sinonjs/fake-timers': [ '13.0.5' ],
104 silly audit   '@so-ric/colorspace': [ '1.1.6' ],
104 silly audit   '@tootallnate/once': [ '2.0.0' ],
104 silly audit   '@tybys/wasm-util': [ '0.10.1' ],
104 silly audit   '@types/aws-lambda': [ '8.10.122' ],
104 silly audit   '@types/babel__core': [ '7.20.5' ],
104 silly audit   '@types/babel__generator': [ '7.27.0' ],
104 silly audit   '@types/babel__template': [ '7.4.4' ],
104 silly audit   '@types/babel__traverse': [ '7.28.0' ],
104 silly audit   '@types/bunyan': [ '1.8.9' ],
104 silly audit   '@types/caseless': [ '0.12.5' ],
104 silly audit   '@types/cors': [ '2.8.19' ],
104 silly audit   '@types/istanbul-lib-coverage': [ '2.0.6' ],
104 silly audit   '@types/istanbul-lib-report': [ '3.0.3' ],
104 silly audit   '@types/istanbul-reports': [ '3.0.4' ],
104 silly audit   '@types/json-schema': [ '7.0.15' ],
104 silly audit   '@types/jsonwebtoken': [ '9.0.10' ],
104 silly audit   '@types/lodash': [ '4.17.23' ],
104 silly audit   '@types/long': [ '4.0.2' ],
104 silly audit   '@types/memcached': [ '2.2.10' ],
104 silly audit   '@types/ms': [ '2.1.0' ],
104 silly audit   '@types/mysql': [ '2.15.22' ],
104 silly audit   '@types/pg': [ '8.6.1' ],
104 silly audit   '@types/pg-pool': [ '2.0.4' ],
104 silly audit   '@types/request': [ '2.48.13' ],
104 silly audit   '@types/shimmer': [ '1.2.0' ],
104 silly audit   '@types/stack-utils': [ '2.0.3' ],
104 silly audit   '@types/tedious': [ '4.0.14' ],
104 silly audit   '@types/tough-cookie': [ '4.0.5' ],
104 silly audit   '@types/triple-beam': [ '1.3.5' ],
104 silly audit   '@types/yargs': [ '17.0.35' ],
104 silly audit   '@types/yargs-parser': [ '21.0.3' ],
104 silly audit   '@ungap/structured-clone': [ '1.3.0' ],
104 silly audit   '@unrs/resolver-binding-android-arm-eabi': [ '1.11.1' ],
104 silly audit   '@unrs/resolver-binding-android-arm64': [ '1.11.1' ],
104 silly audit   '@unrs/resolver-binding-darwin-arm64': [ '1.11.1' ],
104 silly audit   '@unrs/resolver-binding-darwin-x64': [ '1.11.1' ],
104 silly audit   '@unrs/resolver-binding-freebsd-x64': [ '1.11.1' ],
104 silly audit   '@unrs/resolver-binding-linux-arm-gnueabihf': [ '1.11.1' ],
104 silly audit   '@unrs/resolver-binding-linux-arm-musleabihf': [ '1.11.1' ],
104 silly audit   '@unrs/resolver-binding-linux-arm64-gnu': [ '1.11.1' ],
104 silly audit   '@unrs/resolver-binding-linux-arm64-musl': [ '1.11.1' ],
104 silly audit   '@unrs/resolver-binding-linux-ppc64-gnu': [ '1.11.1' ],
104 silly audit   '@unrs/resolver-binding-linux-riscv64-gnu': [ '1.11.1' ],
104 silly audit   '@unrs/resolver-binding-linux-riscv64-musl': [ '1.11.1' ],
104 silly audit   '@unrs/resolver-binding-linux-s390x-gnu': [ '1.11.1' ],
104 silly audit   '@unrs/resolver-binding-linux-x64-gnu': [ '1.11.1' ],
104 silly audit   '@unrs/resolver-binding-linux-x64-musl': [ '1.11.1' ],
104 silly audit   '@unrs/resolver-binding-wasm32-wasi': [ '1.11.1' ],
104 silly audit   '@unrs/resolver-binding-win32-arm64-msvc': [ '1.11.1' ],
104 silly audit   '@unrs/resolver-binding-win32-ia32-msvc': [ '1.11.1' ],
104 silly audit   '@unrs/resolver-binding-win32-x64-msvc': [ '1.11.1' ],
104 silly audit   'abort-controller': [ '3.0.0' ],
104 silly audit   accepts: [ '1.3.8' ],
104 silly audit   acorn: [ '8.15.0' ],
104 silly audit   'acorn-import-attributes': [ '1.9.5' ],
104 silly audit   ajv: [ '8.17.1' ],
104 silly audit   'ajv-formats': [ '3.0.1' ],
104 silly audit   'ansi-color': [ '0.2.2' ],
104 silly audit   'ansi-escapes': [ '4.3.2' ],
104 silly audit   'ansi-regex': [ '6.2.2', '5.0.1' ],
104 silly audit   'ansi-styles': [ '4.3.0', '5.2.0', '6.2.3' ],
104 silly audit   anymatch: [ '3.1.3' ],
104 silly audit   argparse: [ '1.0.10' ],
104 silly audit   'array-flatten': [ '1.1.1' ],
104 silly audit   arrify: [ '2.0.1' ],
104 silly audit   async: [ '3.2.6' ],
104 silly audit   'async-mutex': [ '0.5.0' ],
104 silly audit   'async-retry': [ '1.3.3' ],
104 silly audit   asynckit: [ '0.4.0' ],
104 silly audit   'babel-jest': [ '30.2.0' ],
104 silly audit   'babel-plugin-istanbul': [ '7.0.1' ],
104 silly audit   'babel-plugin-jest-hoist': [ '30.2.0' ],
104 silly audit   'babel-preset-current-node-syntax': [ '1.2.0' ],
104 silly audit   'babel-preset-jest': [ '30.2.0' ],
104 silly audit   'balanced-match': [ '1.0.2' ],
104 silly audit   'base64-js': [ '1.5.1' ],
104 silly audit   'baseline-browser-mapping': [ '2.9.16' ],
104 silly audit   'bignumber.js': [ '9.3.1' ],
104 silly audit   'body-parser': [ '1.20.4' ],
104 silly audit   'brace-expansion': [ '2.0.2', '1.1.12' ],
104 silly audit   braces: [ '3.0.3' ],
104 silly audit   browserslist: [ '4.28.1' ],
104 silly audit   bser: [ '2.1.1' ],
104 silly audit   'buffer-equal-constant-time': [ '1.0.1' ],
104 silly audit   'buffer-from': [ '1.1.2' ],
104 silly audit   bufrw: [ '1.4.0' ],
104 silly audit   bytes: [ '3.1.2' ],
104 silly audit   'call-bind-apply-helpers': [ '1.0.2' ],
104 silly audit   'call-bound': [ '1.0.4' ],
104 silly audit   callsites: [ '3.1.0' ],
104 silly audit   camelcase: [ '5.3.1', '6.3.0' ],
104 silly audit   'caniuse-lite': [ '1.0.30001765' ],
104 silly audit   chalk: [ '4.1.2' ],
104 silly audit   'char-regex': [ '1.0.2' ],
104 silly audit   'ci-info': [ '4.3.1' ],
104 silly audit   'cjs-module-lexer': [ '1.4.3', '2.2.0' ],
104 silly audit   cliui: [ '8.0.1' ],
104 silly audit   'emoji-regex': [ '8.0.0', '9.2.2' ],
104 silly audit   'string-width': [ '4.2.3', '5.1.2' ],
104 silly audit   'strip-ansi': [ '6.0.1', '7.1.2' ],
104 silly audit   'wrap-ansi': [ '7.0.0', '8.1.0' ],
104 silly audit   co: [ '4.6.0' ],
104 silly audit   'collect-v8-coverage': [ '1.0.3' ],
104 silly audit   color: [ '5.0.3' ],
104 silly audit   'color-convert': [ '2.0.1', '3.1.3' ],
104 silly audit   'color-name': [ '1.1.4', '2.1.0' ],
104 silly audit   'color-string': [ '2.1.4' ],
104 silly audit   colorette: [ '2.0.20' ],
104 silly audit   'combined-stream': [ '1.0.8' ],
104 silly audit   'concat-map': [ '0.0.1' ],
104 silly audit   'content-disposition': [ '0.5.4' ],
104 silly audit   'content-type': [ '1.0.5' ],
104 silly audit   'convert-source-map': [ '2.0.0' ],
104 silly audit   cookie: [ '0.7.2' ],
104 silly audit   'cookie-signature': [ '1.0.7' ],
104 silly audit   cors: [ '2.8.5' ],
104 silly audit   'cross-spawn': [ '7.0.6' ],
104 silly audit   'data-uri-to-buffer': [ '4.0.1' ],
104 silly audit   dedent: [ '1.7.1' ],
104 silly audit   deepmerge: [ '4.3.1' ],
104 silly audit   'delayed-stream': [ '1.0.0' ],
104 silly audit   depd: [ '2.0.0' ],
104 silly audit   destroy: [ '1.2.0' ],
104 silly audit   'detect-newline': [ '3.1.0' ],
104 silly audit   'dot-prop': [ '6.0.1' ],
104 silly audit   dotprompt: [ '1.1.2' ],
104 silly audit   'dunder-proto': [ '1.0.1' ],
104 silly audit   duplexify: [ '4.1.3' ],
104 silly audit   eastasianwidth: [ '0.2.0' ],
104 silly audit   'ecdsa-sig-formatter': [ '1.0.11' ],
104 silly audit   'ee-first': [ '1.1.1' ],
104 silly audit   'electron-to-chromium': [ '1.5.267' ],
104 silly audit   emittery: [ '0.13.1' ],
104 silly audit   enabled: [ '2.0.0' ],
104 silly audit   encodeurl: [ '2.0.0' ],
104 silly audit   'end-of-stream': [ '1.4.5' ],
104 silly audit   error: [ '7.0.2' ],
104 silly audit   'error-ex': [ '1.3.4' ],
104 silly audit   'es-define-property': [ '1.0.1' ],
104 silly audit   'es-errors': [ '1.3.0' ],
104 silly audit   'es-object-atoms': [ '1.1.1' ],
104 silly audit   'es-set-tostringtag': [ '2.1.0' ],
104 silly audit   escalade: [ '3.2.0' ],
104 silly audit   'escape-html': [ '1.0.3' ],
104 silly audit   'escape-string-regexp': [ '2.0.0' ],
104 silly audit   esprima: [ '4.0.1' ],
104 silly audit   etag: [ '1.8.1' ],
104 silly audit   'event-target-shim': [ '5.0.1' ],
104 silly audit   eventid: [ '2.0.1' ],
104 silly audit   execa: [ '5.1.1' ],
104 silly audit   'signal-exit': [ '3.0.7', '4.1.0' ],
104 silly audit   'exit-x': [ '0.2.2' ],
104 silly audit   expect: [ '30.2.0' ],
104 silly audit   express: [ '4.22.1' ],
104 silly audit   extend: [ '3.0.2' ],
104 silly audit   'farmhash-modern': [ '1.1.0' ],
104 silly audit   'fast-deep-equal': [ '3.1.3' ],
104 silly audit   'fast-json-stable-stringify': [ '2.1.0' ],
104 silly audit   'fast-uri': [ '3.1.0' ],
104 silly audit   'fast-xml-parser': [ '4.5.3' ],
104 silly audit   'faye-websocket': [ '0.11.4' ],
104 silly audit   'fb-watchman': [ '2.0.2' ],
104 silly audit   fecha: [ '4.2.3' ],
104 silly audit   'fetch-blob': [ '3.2.0' ],
104 silly audit   'fill-range': [ '7.1.1' ],
104 silly audit   finalhandler: [ '1.3.2' ],
104 silly audit   'find-up': [ '4.1.0' ],
104 silly audit   'firebase-admin': [ '12.7.0' ],
104 silly audit   'firebase-functions-test': [ '3.4.1' ],
104 silly audit   'fn.name': [ '1.1.0' ],
104 silly audit   'foreground-child': [ '3.3.1' ],
104 silly audit   'form-data': [ '2.5.5' ],
104 silly audit   'formdata-polyfill': [ '4.0.10' ],
104 silly audit   forwarded: [ '0.2.0' ],
104 silly audit   fresh: [ '0.5.2' ],
104 silly audit   'fs.realpath': [ '1.0.0' ],
104 silly audit   fsevents: [ '2.3.3' ],
104 silly audit   'function-bind': [ '1.1.2' ],
104 silly audit   'functional-red-black-tree': [ '1.0.1' ],
104 silly audit   'node-fetch': [ '2.7.0', '3.3.2' ],
104 silly audit   genkit: [ '1.27.0' ],
104 silly audit   gensync: [ '1.0.0-beta.2' ],
104 silly audit   'get-caller-file': [ '2.0.5' ],
104 silly audit   'get-intrinsic': [ '1.3.0' ],
104 silly audit   'get-package-type': [ '0.1.0' ],
104 silly audit   'get-port': [ '5.1.1' ],
104 silly audit   'get-proto': [ '1.0.1' ],
104 silly audit   'get-stream': [ '6.0.1' ],
104 silly audit   glob: [ '10.5.0', '7.2.3' ],
104 silly audit   googleapis: [ '137.1.0' ],
104 silly audit   'googleapis-common': [ '7.2.0' ],
104 silly audit   gopd: [ '1.2.0' ],
104 silly audit   'graceful-fs': [ '4.2.11' ],
104 silly audit   handlebars: [ '4.7.8' ],
104 silly audit   'has-flag': [ '4.0.0' ],
104 silly audit   'has-symbols': [ '1.1.0' ],
104 silly audit   'has-tostringtag': [ '1.0.2' ],
104 silly audit   hasown: [ '2.0.2' ],
104 silly audit   hexer: [ '1.5.0' ],
104 silly audit   'html-entities': [ '2.6.0' ],
104 silly audit   'html-escaper': [ '2.0.2' ],
104 silly audit   'http-errors': [ '2.0.1' ],
104 silly audit   'http-parser-js': [ '0.5.10' ],
104 silly audit   'http-proxy-agent': [ '5.0.0' ],
104 silly audit   'human-signals': [ '2.1.0' ],
104 silly audit   'iconv-lite': [ '0.4.24' ],
104 silly audit   'import-in-the-middle': [ '1.15.0' ],
104 silly audit   'import-local': [ '3.2.0' ],
104 silly audit   imurmurhash: [ '0.1.4' ],
104 silly audit   inflight: [ '1.0.6' ],
104 silly audit   inherits: [ '2.0.4' ],
104 silly audit   'ipaddr.js': [ '1.9.1' ],
104 silly audit   'is-arrayish': [ '0.2.1' ],
104 silly audit   'is-core-module': [ '2.16.1' ],
104 silly audit   'is-fullwidth-code-point': [ '3.0.0' ],
104 silly audit   'is-generator-fn': [ '2.1.0' ],
104 silly audit   'is-number': [ '7.0.0' ],
104 silly audit   'is-obj': [ '2.0.0' ],
104 silly audit   'is-stream': [ '2.0.1' ],
104 silly audit   isexe: [ '2.0.0' ],
104 silly audit   'istanbul-lib-coverage': [ '3.2.2' ],
104 silly audit   'istanbul-lib-instrument': [ '6.0.3' ],
104 silly audit   'istanbul-lib-report': [ '3.0.1' ],
104 silly audit   'istanbul-lib-source-maps': [ '5.0.6' ],
104 silly audit   'istanbul-reports': [ '3.2.0' ],
104 silly audit   jackspeak: [ '3.4.3' ],
104 silly audit   'jaeger-client': [ '3.19.0' ],
104 silly audit   jest: [ '30.2.0' ],
104 silly audit   'jest-changed-files': [ '30.2.0' ],
104 silly audit   'jest-circus': [ '30.2.0' ],
104 silly audit   'jest-cli': [ '30.2.0' ],
104 silly audit   'jest-config': [ '30.2.0' ],
104 silly audit   'jest-diff': [ '30.2.0' ],
104 silly audit   'jest-docblock': [ '30.2.0' ],
104 silly audit   'jest-each': [ '30.2.0' ],
104 silly audit   'jest-environment-node': [ '30.2.0' ],
104 silly audit   'jest-haste-map': [ '30.2.0' ],
104 silly audit   'jest-leak-detector': [ '30.2.0' ],
104 silly audit   'jest-matcher-utils': [ '30.2.0' ],
104 silly audit   'jest-message-util': [ '30.2.0' ],
104 silly audit   'jest-mock': [ '30.2.0' ],
104 silly audit   'jest-pnp-resolver': [ '1.2.3' ],
104 silly audit   'jest-regex-util': [ '30.0.1' ],
104 silly audit   'jest-resolve': [ '30.2.0' ],
104 silly audit   'jest-resolve-dependencies': [ '30.2.0' ],
104 silly audit   'jest-runner': [ '30.2.0' ],
104 silly audit   'jest-runtime': [ '30.2.0' ],
104 silly audit   'jest-snapshot': [ '30.2.0' ],
104 silly audit   'jest-util': [ '30.2.0' ],
104 silly audit   picomatch: [ '4.0.3', '2.3.1' ],
104 silly audit   'jest-validate': [ '30.2.0' ],
104 silly audit   'jest-watcher': [ '30.2.0' ],
104 silly audit   'jest-worker': [ '30.2.0' ],
104 silly audit   'supports-color': [ '8.1.1', '7.2.0' ],
104 silly audit   jose: [ '4.15.9' ],
104 silly audit   'js-tokens': [ '4.0.0' ],
104 silly audit   'js-yaml': [ '3.14.2' ],
104 silly audit   jsesc: [ '3.1.0' ],
104 silly audit   'json-bigint': [ '1.0.0' ],
104 silly audit   'json-parse-even-better-errors': [ '2.3.1' ],
104 silly audit   'json-schema': [ '0.4.0' ],
104 silly audit   'json-schema-traverse': [ '1.0.0' ],
104 silly audit   json5: [ '2.2.3' ],
104 silly audit   jsonwebtoken: [ '9.0.3' ],
104 silly audit   jwa: [ '2.0.1' ],
104 silly audit   'jwks-rsa': [ '3.2.1' ],
104 silly audit   jws: [ '4.0.1' ],
104 silly audit   kuler: [ '2.0.0' ],
104 silly audit   leven: [ '3.1.0' ],
104 silly audit   limiter: [ '1.1.5' ],
104 silly audit   'lines-and-columns': [ '1.2.4' ],
104 silly audit   'locate-path': [ '5.0.0' ],
104 silly audit   lodash: [ '4.17.21' ],
104 silly audit   'lodash.camelcase': [ '4.3.0' ],
104 silly audit   'lodash.clonedeep': [ '4.5.0' ],
104 silly audit   'lodash.includes': [ '4.3.0' ],
104 silly audit   'lodash.isboolean': [ '3.0.3' ],
104 silly audit   'lodash.isinteger': [ '4.0.4' ],
104 silly audit   'lodash.isnumber': [ '3.0.3' ],
104 silly audit   'lodash.isplainobject': [ '4.0.6' ],
104 silly audit   'lodash.isstring': [ '4.0.1' ],
104 silly audit   'lodash.mapvalues': [ '4.6.0' ],
104 silly audit   'lodash.merge': [ '4.6.2' ],
104 silly audit   'lodash.once': [ '4.1.1' ],
104 silly audit   logform: [ '2.7.0' ],
104 silly audit   long: [ '5.3.2', '2.4.0' ],
104 silly audit   'lru-cache': [ '5.1.1', '6.0.0', '10.4.3' ],
104 silly audit   'lru-memoizer': [ '2.3.0' ],
104 silly audit   yallist: [ '4.0.0', '3.1.1' ],
104 silly audit   'make-dir': [ '4.0.0' ],
104 silly audit   makeerror: [ '1.0.12' ],
104 silly audit   'math-intrinsics': [ '1.1.0' ],
104 silly audit   'media-typer': [ '0.3.0' ],
104 silly audit   'merge-descriptors': [ '1.0.3' ],
104 silly audit   'merge-stream': [ '2.0.0' ],
104 silly audit   methods: [ '1.1.2' ],
104 silly audit   micromatch: [ '4.0.8' ],
104 silly audit   mime: [ '3.0.0', '1.6.0' ],
104 silly audit   'mime-db': [ '1.52.0' ],
104 silly audit   'mime-types': [ '2.1.35' ],
104 silly audit   'mimic-fn': [ '2.1.0' ],
104 silly audit   minimatch: [ '9.0.5', '3.1.2' ],
104 silly audit   minimist: [ '1.2.8' ],
104 silly audit   minipass: [ '7.1.2' ],
104 silly audit   'module-details-from-path': [ '1.0.4' ],
104 silly audit   'napi-postinstall': [ '0.3.4' ],
104 silly audit   'natural-compare': [ '1.4.0' ],
104 silly audit   negotiator: [ '0.6.3' ],
104 silly audit   'neo-async': [ '2.6.2' ],
104 silly audit   'node-domexception': [ '1.0.0' ],
104 silly audit   'node-forge': [ '1.3.3' ],
104 silly audit   'node-int64': [ '0.4.0' ],
104 silly audit   'node-releases': [ '2.0.27' ],
104 silly audit   'normalize-path': [ '3.0.0' ],
104 silly audit   'npm-run-path': [ '4.0.1' ],
104 silly audit   'object-assign': [ '4.1.1' ],
104 silly audit   'object-hash': [ '3.0.0' ],
104 silly audit   'object-inspect': [ '1.13.4' ],
104 silly audit   'on-finished': [ '2.4.1' ],
104 silly audit   once: [ '1.4.0' ],
104 silly audit   'one-time': [ '1.0.0' ],
104 silly audit   onetime: [ '5.1.2' ],
104 silly audit   opentracing: [ '0.14.7' ],
104 silly audit   'p-limit': [ '3.1.0', '2.3.0' ],
104 silly audit   'p-locate': [ '4.1.0' ],
104 silly audit   'p-try': [ '2.2.0' ],
104 silly audit   'package-json-from-dist': [ '1.0.1' ],
104 silly audit   'parse-json': [ '5.2.0' ],
104 silly audit   parseurl: [ '1.3.3' ],
104 silly audit   'partial-json': [ '0.1.7' ],
104 silly audit   'path-exists': [ '4.0.0' ],
104 silly audit   'path-is-absolute': [ '1.0.1' ],
104 silly audit   'path-key': [ '3.1.1' ],
104 silly audit   'path-parse': [ '1.0.7' ],
104 silly audit   'path-scurry': [ '1.11.1' ],
104 silly audit   'path-to-regexp': [ '0.1.12' ],
104 silly audit   'pg-int8': [ '1.0.1' ],
104 silly audit   'pg-protocol': [ '1.11.0' ],
104 silly audit   'pg-types': [ '2.2.0' ],
104 silly audit   picocolors: [ '1.1.1' ],
104 silly audit   pirates: [ '4.0.7' ],
104 silly audit   'pkg-dir': [ '4.2.0' ],
104 silly audit   'postgres-array': [ '2.0.0' ],
104 silly audit   'postgres-bytea': [ '1.0.1' ],
104 silly audit   'postgres-date': [ '1.0.7' ],
104 silly audit   'postgres-interval': [ '1.2.0' ],
104 silly audit   'pretty-format': [ '30.2.0' ],
104 silly audit   process: [ '0.10.1' ],
104 silly audit   protobufjs: [ '7.5.4' ],
104 silly audit   'proxy-addr': [ '2.0.7' ],
104 silly audit   pump: [ '3.0.3' ],
104 silly audit   pumpify: [ '2.0.1' ],
104 silly audit   'pure-rand': [ '7.0.1' ],
104 silly audit   qs: [ '6.14.1' ],
104 silly audit   'range-parser': [ '1.2.1' ],
104 silly audit   'raw-body': [ '2.5.3' ],
104 silly audit   'react-is': [ '18.3.1' ],
104 silly audit   'readable-stream': [ '3.6.2' ],
104 silly audit   'require-directory': [ '2.1.1' ],
104 silly audit   'require-from-string': [ '2.0.2' ],
104 silly audit   'require-in-the-middle': [ '7.5.2' ],
104 silly audit   resolve: [ '1.22.11' ],
104 silly audit   'resolve-cwd': [ '3.0.0' ],
104 silly audit   'resolve-from': [ '5.0.0' ],
104 silly audit   retry: [ '0.13.1' ],
104 silly audit   rimraf: [ '5.0.10' ],
104 silly audit   'safe-buffer': [ '5.2.1' ],
104 silly audit   'safe-stable-stringify': [ '2.5.0' ],
104 silly audit   'safer-buffer': [ '2.1.2' ],
104 silly audit   send: [ '0.19.2' ],
104 silly audit   'serve-static': [ '1.16.3' ],
104 silly audit   setprototypeof: [ '1.2.0' ],
104 silly audit   'shebang-command': [ '2.0.0' ],
104 silly audit   'shebang-regex': [ '3.0.0' ],
104 silly audit   shimmer: [ '1.2.1' ],
104 silly audit   'side-channel': [ '1.1.0' ],
104 silly audit   'side-channel-list': [ '1.0.0' ],
104 silly audit   'side-channel-map': [ '1.0.1' ],
104 silly audit   'side-channel-weakmap': [ '1.0.2' ],
104 silly audit   slash: [ '3.0.0' ],
104 silly audit   'source-map': [ '0.6.1' ],
104 silly audit   'source-map-support': [ '0.5.13' ],
104 silly audit   'sprintf-js': [ '1.0.3' ],
104 silly audit   'stack-trace': [ '0.0.10' ],
104 silly audit   'stack-utils': [ '2.0.6' ],
104 silly audit   statuses: [ '2.0.2' ],
104 silly audit   'stream-events': [ '1.0.5' ],
104 silly audit   'stream-shift': [ '1.0.3' ],
104 silly audit   string_decoder: [ '1.3.0' ],
104 silly audit   'string-length': [ '4.0.2' ],
104 silly audit   'string-template': [ '0.2.1' ],
104 silly audit   'strip-bom': [ '4.0.0' ],
104 silly audit   'strip-final-newline': [ '2.0.0' ],
104 silly audit   'strip-json-comments': [ '3.1.1' ],
104 silly audit   strnum: [ '1.1.2' ],
104 silly audit   stubs: [ '3.0.0' ],
104 silly audit   'supports-preserve-symlinks-flag': [ '1.0.0' ],
104 silly audit   synckit: [ '0.11.12' ],
104 silly audit   'test-exclude': [ '6.0.0' ],
104 silly audit   'text-hex': [ '1.0.0' ],
104 silly audit   thriftrw: [ '3.11.4' ],
104 silly audit   tmpl: [ '1.0.5' ],
104 silly audit   'to-regex-range': [ '5.0.1' ],
104 silly audit   toidentifier: [ '1.0.1' ],
104 silly audit   tr46: [ '0.0.3' ],
104 silly audit   'triple-beam': [ '1.4.1' ],
104 silly audit   'ts-deepmerge': [ '2.0.7' ],
104 silly audit   tslib: [ '2.8.1' ],
104 silly audit   'type-detect': [ '4.0.8' ],
104 silly audit   'type-fest': [ '0.21.3' ],
104 silly audit   'type-is': [ '1.6.18' ],
104 silly audit   typescript: [ '5.9.3' ],
104 silly audit   'uglify-js': [ '3.19.3' ],
104 silly audit   'undici-types': [ '6.21.0' ],
104 silly audit   unpipe: [ '1.0.0' ],
104 silly audit   'unrs-resolver': [ '1.11.1' ],
104 silly audit   'update-browserslist-db': [ '1.2.3' ],
104 silly audit   'uri-templates': [ '0.2.0' ],
104 silly audit   'url-template': [ '2.0.8' ],
104 silly audit   'util-deprecate': [ '1.0.2' ],
104 silly audit   'utils-merge': [ '1.0.1' ],
104 silly audit   'v8-to-istanbul': [ '9.3.0' ],
104 silly audit   vary: [ '1.1.2' ],
104 silly audit   walker: [ '1.0.8' ],
104 silly audit   'web-streams-polyfill': [ '3.3.3' ],
104 silly audit   'webidl-conversions': [ '3.0.1' ],
104 silly audit   'websocket-driver': [ '0.7.4' ],
104 silly audit   'websocket-extensions': [ '0.1.4' ],
104 silly audit   'whatwg-url': [ '5.0.0' ],
104 silly audit   which: [ '2.0.2' ],
104 silly audit   winston: [ '3.19.0' ],
104 silly audit   'winston-transport': [ '4.9.0' ],
104 silly audit   wordwrap: [ '1.0.0' ],
104 silly audit   wrappy: [ '1.0.2' ],
104 silly audit   'write-file-atomic': [ '5.0.1' ],
104 silly audit   xorshift: [ '1.2.0' ],
104 silly audit   xtend: [ '4.0.2' ],
104 silly audit   y18n: [ '5.0.8' ],
104 silly audit   yaml: [ '2.8.2' ],
104 silly audit   yargs: [ '17.7.2' ],
104 silly audit   'yargs-parser': [ '21.1.1' ],
104 silly audit   'yocto-queue': [ '0.1.0' ],
104 silly audit   zod: [ '3.25.76' ],
104 silly audit   'zod-to-json-schema': [ '3.25.1' ],
104 silly audit   'firebase-functions': [ '7.0.3' ],
104 silly audit   '@types/express': [ '4.17.25' ],
104 silly audit   '@types/body-parser': [ '1.19.6' ],
104 silly audit   '@types/express-serve-static-core': [ '4.19.8' ],
104 silly audit   '@types/qs': [ '6.14.0' ],
104 silly audit   '@types/serve-static': [ '1.15.10' ],
104 silly audit   '@types/range-parser': [ '1.2.7' ],
104 silly audit   '@types/send': [ '1.2.1', '0.17.6' ],
104 silly audit   '@types/http-errors': [ '2.0.5' ],
104 silly audit   '@types/mime': [ '1.3.5' ]
104 silly audit }
105 verbose reify failed optional dependency /Users/nag/Desktop/agrisarathi trae/functions/node_modules/@unrs/resolver-binding-win32-x64-msvc
106 silly reify mark deleted [
106 silly reify   '/Users/nag/Desktop/agrisarathi trae/functions/node_modules/@unrs/resolver-binding-win32-x64-msvc'
106 silly reify ]
107 verbose reify failed optional dependency /Users/nag/Desktop/agrisarathi trae/functions/node_modules/@unrs/resolver-binding-win32-ia32-msvc
108 silly reify mark deleted [
108 silly reify   '/Users/nag/Desktop/agrisarathi trae/functions/node_modules/@unrs/resolver-binding-win32-ia32-msvc'
108 silly reify ]
109 verbose reify failed optional dependency /Users/nag/Desktop/agrisarathi trae/functions/node_modules/@unrs/resolver-binding-win32-arm64-msvc
110 silly reify mark deleted [
110 silly reify   '/Users/nag/Desktop/agrisarathi trae/functions/node_modules/@unrs/resolver-binding-win32-arm64-msvc'
110 silly reify ]
111 verbose reify failed optional dependency /Users/nag/Desktop/agrisarathi trae/functions/node_modules/@unrs/resolver-binding-wasm32-wasi
112 silly reify mark deleted [
112 silly reify   '/Users/nag/Desktop/agrisarathi trae/functions/node_modules/@unrs/resolver-binding-wasm32-wasi'
112 silly reify ]
113 verbose reify failed optional dependency /Users/nag/Desktop/agrisarathi trae/functions/node_modules/@napi-rs/wasm-runtime
114 silly reify mark deleted [
114 silly reify   '/Users/nag/Desktop/agrisarathi trae/functions/node_modules/@napi-rs/wasm-runtime'
114 silly reify ]
115 verbose reify failed optional dependency /Users/nag/Desktop/agrisarathi trae/functions/node_modules/@emnapi/core
116 silly reify mark deleted [
116 silly reify   '/Users/nag/Desktop/agrisarathi trae/functions/node_modules/@emnapi/core'
116 silly reify ]
117 verbose reify failed optional dependency /Users/nag/Desktop/agrisarathi trae/functions/node_modules/@emnapi/runtime
118 silly reify mark deleted [
118 silly reify   '/Users/nag/Desktop/agrisarathi trae/functions/node_modules/@emnapi/runtime'
118 silly reify ]
119 verbose reify failed optional dependency /Users/nag/Desktop/agrisarathi trae/functions/node_modules/@tybys/wasm-util
120 silly reify mark deleted [
120 silly reify   '/Users/nag/Desktop/agrisarathi trae/functions/node_modules/@tybys/wasm-util'
120 silly reify ]
121 verbose reify failed optional dependency /Users/nag/Desktop/agrisarathi trae/functions/node_modules/@emnapi/wasi-threads
122 silly reify mark deleted [
122 silly reify   '/Users/nag/Desktop/agrisarathi trae/functions/node_modules/@emnapi/wasi-threads'
122 silly reify ]
123 verbose reify failed optional dependency /Users/nag/Desktop/agrisarathi trae/functions/node_modules/@unrs/resolver-binding-linux-x64-musl
124 silly reify mark deleted [
124 silly reify   '/Users/nag/Desktop/agrisarathi trae/functions/node_modules/@unrs/resolver-binding-linux-x64-musl'
124 silly reify ]
125 verbose reify failed optional dependency /Users/nag/Desktop/agrisarathi trae/functions/node_modules/@unrs/resolver-binding-linux-x64-gnu
126 silly reify mark deleted [
126 silly reify   '/Users/nag/Desktop/agrisarathi trae/functions/node_modules/@unrs/resolver-binding-linux-x64-gnu'
126 silly reify ]
127 verbose reify failed optional dependency /Users/nag/Desktop/agrisarathi trae/functions/node_modules/@unrs/resolver-binding-linux-s390x-gnu
128 silly reify mark deleted [
128 silly reify   '/Users/nag/Desktop/agrisarathi trae/functions/node_modules/@unrs/resolver-binding-linux-s390x-gnu'
128 silly reify ]
129 verbose reify failed optional dependency /Users/nag/Desktop/agrisarathi trae/functions/node_modules/@unrs/resolver-binding-linux-riscv64-musl
130 silly reify mark deleted [
130 silly reify   '/Users/nag/Desktop/agrisarathi trae/functions/node_modules/@unrs/resolver-binding-linux-riscv64-musl'
130 silly reify ]
131 verbose reify failed optional dependency /Users/nag/Desktop/agrisarathi trae/functions/node_modules/@unrs/resolver-binding-linux-riscv64-gnu
132 silly reify mark deleted [
132 silly reify   '/Users/nag/Desktop/agrisarathi trae/functions/node_modules/@unrs/resolver-binding-linux-riscv64-gnu'
132 silly reify ]
133 verbose reify failed optional dependency /Users/nag/Desktop/agrisarathi trae/functions/node_modules/@unrs/resolver-binding-linux-ppc64-gnu
134 silly reify mark deleted [
134 silly reify   '/Users/nag/Desktop/agrisarathi trae/functions/node_modules/@unrs/resolver-binding-linux-ppc64-gnu'
134 silly reify ]
135 verbose reify failed optional dependency /Users/nag/Desktop/agrisarathi trae/functions/node_modules/@unrs/resolver-binding-linux-arm64-musl
136 silly reify mark deleted [
136 silly reify   '/Users/nag/Desktop/agrisarathi trae/functions/node_modules/@unrs/resolver-binding-linux-arm64-musl'
136 silly reify ]
137 verbose reify failed optional dependency /Users/nag/Desktop/agrisarathi trae/functions/node_modules/@unrs/resolver-binding-linux-arm64-gnu
138 silly reify mark deleted [
138 silly reify   '/Users/nag/Desktop/agrisarathi trae/functions/node_modules/@unrs/resolver-binding-linux-arm64-gnu'
138 silly reify ]
139 verbose reify failed optional dependency /Users/nag/Desktop/agrisarathi trae/functions/node_modules/@unrs/resolver-binding-linux-arm-musleabihf
140 silly reify mark deleted [
140 silly reify   '/Users/nag/Desktop/agrisarathi trae/functions/node_modules/@unrs/resolver-binding-linux-arm-musleabihf'
140 silly reify ]
141 verbose reify failed optional dependency /Users/nag/Desktop/agrisarathi trae/functions/node_modules/@unrs/resolver-binding-linux-arm-gnueabihf
142 silly reify mark deleted [
142 silly reify   '/Users/nag/Desktop/agrisarathi trae/functions/node_modules/@unrs/resolver-binding-linux-arm-gnueabihf'
142 silly reify ]
143 verbose reify failed optional dependency /Users/nag/Desktop/agrisarathi trae/functions/node_modules/@unrs/resolver-binding-freebsd-x64
144 silly reify mark deleted [
144 silly reify   '/Users/nag/Desktop/agrisarathi trae/functions/node_modules/@unrs/resolver-binding-freebsd-x64'
144 silly reify ]
145 verbose reify failed optional dependency /Users/nag/Desktop/agrisarathi trae/functions/node_modules/@unrs/resolver-binding-darwin-x64
146 silly reify mark deleted [
146 silly reify   '/Users/nag/Desktop/agrisarathi trae/functions/node_modules/@unrs/resolver-binding-darwin-x64'
146 silly reify ]
147 verbose reify failed optional dependency /Users/nag/Desktop/agrisarathi trae/functions/node_modules/@unrs/resolver-binding-android-arm64
148 silly reify mark deleted [
148 silly reify   '/Users/nag/Desktop/agrisarathi trae/functions/node_modules/@unrs/resolver-binding-android-arm64'
148 silly reify ]
149 verbose reify failed optional dependency /Users/nag/Desktop/agrisarathi trae/functions/node_modules/@unrs/resolver-binding-android-arm-eabi
150 silly reify mark deleted [
150 silly reify   '/Users/nag/Desktop/agrisarathi trae/functions/node_modules/@unrs/resolver-binding-android-arm-eabi'
150 silly reify ]
151 http cache @tybys/wasm-util@https://registry.npmjs.org/@tybys/wasm-util/-/wasm-util-0.10.1.tgz 0ms (cache hit)
152 http cache @types/mime@https://registry.npmjs.org/@types/mime/-/mime-1.3.5.tgz 0ms (cache hit)
153 http cache @napi-rs/wasm-runtime@https://registry.npmjs.org/@napi-rs/wasm-runtime/-/wasm-runtime-0.2.12.tgz 0ms (cache hit)
154 http cache @emnapi/runtime@https://registry.npmjs.org/@emnapi/runtime/-/runtime-1.8.1.tgz 0ms (cache hit)
155 http cache firebase-functions@https://registry.npmjs.org/firebase-functions/-/firebase-functions-7.0.3.tgz 0ms (cache hit)
156 http cache @emnapi/core@https://registry.npmjs.org/@emnapi/core/-/core-1.8.1.tgz 0ms (cache hit)
157 http cache @emnapi/wasi-threads@https://registry.npmjs.org/@emnapi/wasi-threads/-/wasi-threads-1.1.0.tgz 0ms (cache hit)
158 http cache @types/express-serve-static-core@https://registry.npmjs.org/@types/express-serve-static-core/-/express-serve-static-core-4.19.8.tgz 0ms (cache hit)
159 http cache @types/express@https://registry.npmjs.org/@types/express/-/express-4.17.25.tgz 0ms (cache hit)
160 http cache @types/serve-static@https://registry.npmjs.org/@types/serve-static/-/serve-static-1.15.10.tgz 0ms (cache hit)
161 http cache @types/send@https://registry.npmjs.org/@types/send/-/send-0.17.6.tgz 0ms (cache hit)
162 silly tarball no local data for @types/mime@https://registry.npmjs.org/@types/mime/-/mime-1.3.5.tgz. Extracting by manifest.
163 silly tarball no local data for firebase-functions@https://registry.npmjs.org/firebase-functions/-/firebase-functions-7.0.3.tgz. Extracting by manifest.
164 silly tarball no local data for @types/express-serve-static-core@https://registry.npmjs.org/@types/express-serve-static-core/-/express-serve-static-core-4.19.8.tgz. Extracting by manifest.
165 silly tarball no local data for @types/express@https://registry.npmjs.org/@types/express/-/express-4.17.25.tgz. Extracting by manifest.
166 silly tarball no local data for @types/serve-static@https://registry.npmjs.org/@types/serve-static/-/serve-static-1.15.10.tgz. Extracting by manifest.
167 silly tarball no local data for @types/send@https://registry.npmjs.org/@types/send/-/send-0.17.6.tgz. Extracting by manifest.
168 http fetch POST 200 https://registry.npmjs.org/-/npm/v1/security/advisories/bulk 283ms
169 silly audit report {}
170 http fetch GET 200 https://registry.npmjs.org/@types/mime/-/mime-1.3.5.tgz 383ms (cache miss)
171 http fetch GET 200 https://registry.npmjs.org/@types/express-serve-static-core/-/express-serve-static-core-4.19.8.tgz 413ms (cache miss)
172 http fetch GET 200 https://registry.npmjs.org/@types/serve-static/-/serve-static-1.15.10.tgz 470ms (cache miss)
173 http fetch GET 200 https://registry.npmjs.org/@types/express/-/express-4.17.25.tgz 470ms (cache miss)
174 http fetch GET 200 https://registry.npmjs.org/firebase-functions/-/firebase-functions-7.0.3.tgz 494ms (cache miss)
175 http fetch GET 200 https://registry.npmjs.org/@types/send/-/send-0.17.6.tgz 668ms (cache miss)
176 silly ADD node_modules/@types/mime
177 silly ADD
178 silly ADD
179 silly ADD
180 silly ADD
181 silly ADD
182 silly ADD
183 silly ADD
184 silly ADD
185 silly ADD
186 silly ADD
187 silly ADD
188 silly ADD
189 silly ADD
190 silly ADD
191 silly ADD
192 silly ADD
193 silly ADD
194 silly ADD
195 silly ADD
196 silly ADD
197 silly ADD
198 silly ADD
199 silly ADD
200 silly CHANGE node_modules/firebase-functions
201 silly CHANGE node_modules/@types/serve-static
202 silly ADD node_modules/@types/serve-static/node_modules/@types/send
203 silly CHANGE node_modules/@types/express-serve-static-core
204 silly CHANGE node_modules/@types/express
205 verbose cwd /Users/nag/Desktop/agrisarathi trae/functions
206 verbose os Darwin 25.2.0
207 verbose node v22.20.0
208 verbose npm  v10.9.3
209 verbose exit 0
210 info ok
