0 verbose cli /usr/local/bin/node /usr/local/bin/npm
1 info using npm@10.9.3
2 info using node@v22.20.0
3 silly config load:file:/usr/local/lib/node_modules/npm/npmrc
4 silly config load:file:/Users/nag/Desktop/agrisarathi trae/frontend/.npmrc
5 silly config load:file:/Users/nag/.npmrc
6 silly config load:file:/usr/local/etc/npmrc
7 verbose title npm install @react-navigation/native@^6.0.0 @react-navigation/native-stack@^6.0.0
8 verbose argv "install" "@react-navigation/native@^6.0.0" "@react-navigation/native-stack@^6.0.0" "--legacy-peer-deps" "--cache" ".npm-cache"
9 verbose logfile logs-max:10 dir:/Users/nag/Desktop/agrisarathi trae/frontend/.npm-cache/_logs/2026-01-21T04_00_42_604Z-
10 verbose logfile /Users/nag/Desktop/agrisarathi trae/frontend/.npm-cache/_logs/2026-01-21T04_00_42_604Z-debug-0.log
11 silly logfile done cleaning log files
12 silly packumentCache heap:4345298944 maxSize:1086324736 maxEntrySize:543162368
13 silly idealTree buildDeps
14 silly fetch manifest @react-navigation/native@^6.0.0
15 silly packumentCache full:https://registry.npmjs.org/@react-navigation%2fnative cache-miss
16 verbose shrinkwrap failed to load node_modules/.package-lock.json out of date, updated: node_modules/@firebase/auth-compat
17 http cache https://registry.npmjs.org/@react-navigation%2fnative 31ms (cache hit)
18 silly packumentCache full:https://registry.npmjs.org/@react-navigation%2fnative set size:993874 disposed:false
19 silly fetch manifest @react-navigation/native-stack@^6.0.0
20 silly packumentCache full:https://registry.npmjs.org/@react-navigation%2fnative-stack cache-miss
21 http cache https://registry.npmjs.org/@react-navigation%2fnative-stack 17ms (cache hit)
22 silly packumentCache full:https://registry.npmjs.org/@react-navigation%2fnative-stack set size:724584 disposed:false
23 silly placeDep ROOT @react-navigation/native@6.1.18 REPLACE for: agrisarathi-frontend@1.0.0 want: ^6.0.0
24 silly placeDep ROOT @react-navigation/native-stack@6.11.0 REPLACE for: agrisarathi-frontend@1.0.0 want: ^6.0.0
25 silly fetch manifest @react-navigation/core@^6.4.17
26 silly packumentCache full:https://registry.npmjs.org/@react-navigation%2fcore cache-miss
27 silly fetch manifest @react-navigation/elements@^1.3.31
28 silly packumentCache full:https://registry.npmjs.org/@react-navigation%2felements cache-miss
29 http cache https://registry.npmjs.org/@react-navigation%2felements 206ms (cache hit)
30 silly packumentCache full:https://registry.npmjs.org/@react-navigation%2felements set size:527694 disposed:false
31 http cache https://registry.npmjs.org/@react-navigation%2fcore 208ms (cache hit)
32 silly packumentCache full:https://registry.npmjs.org/@react-navigation%2fcore set size:964374 disposed:false
33 silly placeDep ROOT @react-navigation/core@6.4.17 OK for: @react-navigation/native@6.1.18 want: ^6.4.17
34 silly fetch manifest react-is@^16.13.0
35 silly packumentCache full:https://registry.npmjs.org/react-is cache-miss
36 silly fetch manifest query-string@^7.1.3
37 silly packumentCache full:https://registry.npmjs.org/query-string cache-miss
38 silly fetch manifest use-latest-callback@^0.2.1
39 silly packumentCache full:https://registry.npmjs.org/use-latest-callback cache-miss
40 silly fetch manifest @react-navigation/routers@^6.1.9
41 silly packumentCache full:https://registry.npmjs.org/@react-navigation%2frouters cache-miss
42 http cache https://registry.npmjs.org/query-string 9ms (cache hit)
43 silly packumentCache full:https://registry.npmjs.org/query-string set size:217776 disposed:false
44 http cache https://registry.npmjs.org/use-latest-callback 11ms (cache hit)
45 silly packumentCache full:https://registry.npmjs.org/use-latest-callback set size:64855 disposed:false
46 http cache https://registry.npmjs.org/@react-navigation%2frouters 12ms (cache hit)
47 silly packumentCache full:https://registry.npmjs.org/@react-navigation%2frouters set size:343161 disposed:false
48 http cache https://registry.npmjs.org/react-is 17ms (cache hit)
49 silly packumentCache full:https://registry.npmjs.org/react-is set size:5184184 disposed:false
50 silly placeDep ROOT @react-navigation/routers@6.1.9 OK for: @react-navigation/core@6.4.17 want: ^6.1.9
51 silly placeDep ROOT query-string@7.1.3 OK for: @react-navigation/core@6.4.17 want: ^7.1.3
52 silly placeDep node_modules/@react-navigation/core react-is@16.13.1 OK for: @react-navigation/core@6.4.17 want: ^16.13.0
53 silly placeDep ROOT use-latest-callback@0.2.6 OK for: @react-navigation/core@6.4.17 want: ^0.2.1
54 silly fetch manifest filter-obj@^1.1.0
55 silly packumentCache full:https://registry.npmjs.org/filter-obj cache-miss
56 silly fetch manifest split-on-first@^1.0.0
57 silly packumentCache full:https://registry.npmjs.org/split-on-first cache-miss
58 silly fetch manifest strict-uri-encode@^2.0.0
59 silly packumentCache full:https://registry.npmjs.org/strict-uri-encode cache-miss
60 silly fetch manifest decode-uri-component@^0.2.2
61 silly packumentCache full:https://registry.npmjs.org/decode-uri-component cache-miss
62 http cache https://registry.npmjs.org/split-on-first 4ms (cache hit)
63 silly packumentCache full:https://registry.npmjs.org/split-on-first set size:16494 disposed:false
64 http cache https://registry.npmjs.org/filter-obj 4ms (cache hit)
65 silly packumentCache full:https://registry.npmjs.org/filter-obj set size:26902 disposed:false
66 http cache https://registry.npmjs.org/strict-uri-encode 5ms (cache hit)
67 silly packumentCache full:https://registry.npmjs.org/strict-uri-encode set size:8716 disposed:false
68 http cache https://registry.npmjs.org/decode-uri-component 6ms (cache hit)
69 silly packumentCache full:https://registry.npmjs.org/decode-uri-component set size:20325 disposed:false
70 silly placeDep ROOT @react-navigation/elements@1.3.31 OK for: @react-navigation/native-stack@6.11.0 want: ^1.3.31
71 silly placeDep ROOT decode-uri-component@0.2.2 OK for: query-string@7.1.3 want: ^0.2.2
72 silly placeDep ROOT filter-obj@1.1.0 OK for: query-string@7.1.3 want: ^1.1.0
73 silly placeDep ROOT split-on-first@1.1.0 OK for: query-string@7.1.3 want: ^1.0.0
74 silly placeDep ROOT strict-uri-encode@2.0.0 OK for: query-string@7.1.3 want: ^2.0.0
75 silly reify mark retired [
75 silly reify   '/Users/nag/Desktop/agrisarathi trae/frontend/node_modules/sf-symbols-typescript'
75 silly reify ]
76 silly reify mark retired [
76 silly reify   '/Users/nag/Desktop/agrisarathi trae/frontend/node_modules/simple-swizzle'
76 silly reify ]
77 silly reify mark retired [
77 silly reify   '/Users/nag/Desktop/agrisarathi trae/frontend/node_modules/use-sync-external-store'
77 silly reify ]
78 silly reify mark retired [
78 silly reify   '/Users/nag/Desktop/agrisarathi trae/frontend/node_modules/@react-navigation/core'
78 silly reify ]
79 silly reify mark retired [
79 silly reify   '/Users/nag/Desktop/agrisarathi trae/frontend/node_modules/@react-navigation/elements'
79 silly reify ]
80 silly reify mark retired [
80 silly reify   '/Users/nag/Desktop/agrisarathi trae/frontend/node_modules/@react-navigation/native'
80 silly reify ]
81 silly reify mark retired [
81 silly reify   '/Users/nag/Desktop/agrisarathi trae/frontend/node_modules/@react-navigation/routers'
81 silly reify ]
82 silly reify mark retired [
82 silly reify   '/Users/nag/Desktop/agrisarathi trae/frontend/node_modules/@react-navigation/native-stack'
82 silly reify ]
83 silly reify moves {
83 silly reify   '/Users/nag/Desktop/agrisarathi trae/frontend/node_modules/sf-symbols-typescript': '/Users/nag/Desktop/agrisarathi trae/frontend/node_modules/.sf-symbols-typescript-8HT4T51L',
83 silly reify   '/Users/nag/Desktop/agrisarathi trae/frontend/node_modules/simple-swizzle': '/Users/nag/Desktop/agrisarathi trae/frontend/node_modules/.simple-swizzle-RdrAP76m',
83 silly reify   '/Users/nag/Desktop/agrisarathi trae/frontend/node_modules/use-sync-external-store': '/Users/nag/Desktop/agrisarathi trae/frontend/node_modules/.use-sync-external-store-R3x1VGah',
83 silly reify   '/Users/nag/Desktop/agrisarathi trae/frontend/node_modules/@react-navigation/core': '/Users/nag/Desktop/agrisarathi trae/frontend/node_modules/@react-navigation/.core-UQ2RY8nq',
83 silly reify   '/Users/nag/Desktop/agrisarathi trae/frontend/node_modules/@react-navigation/elements': '/Users/nag/Desktop/agrisarathi trae/frontend/node_modules/@react-navigation/.elements-cm27QbYD',
83 silly reify   '/Users/nag/Desktop/agrisarathi trae/frontend/node_modules/@react-navigation/native': '/Users/nag/Desktop/agrisarathi trae/frontend/node_modules/@react-navigation/.native-86AQeT39',
83 silly reify   '/Users/nag/Desktop/agrisarathi trae/frontend/node_modules/@react-navigation/routers': '/Users/nag/Desktop/agrisarathi trae/frontend/node_modules/@react-navigation/.routers-Ne4iWB8Q',
83 silly reify   '/Users/nag/Desktop/agrisarathi trae/frontend/node_modules/@react-navigation/native-stack': '/Users/nag/Desktop/agrisarathi trae/frontend/node_modules/@react-navigation/.native-stack-MtfhweKE'
83 silly reify }
84 silly audit bulk request {
84 silly audit   '@babel/code-frame': [ '7.28.6', '7.10.4' ],
84 silly audit   '@babel/compat-data': [ '7.28.6' ],
84 silly audit   '@babel/core': [ '7.28.6' ],
84 silly audit   '@babel/generator': [ '7.28.6' ],
84 silly audit   '@babel/helper-annotate-as-pure': [ '7.27.3' ],
84 silly audit   '@babel/helper-compilation-targets': [ '7.28.6' ],
84 silly audit   '@babel/helper-create-class-features-plugin': [ '7.28.6' ],
84 silly audit   '@babel/helper-create-regexp-features-plugin': [ '7.28.5' ],
84 silly audit   '@babel/helper-define-polyfill-provider': [ '0.6.5' ],
84 silly audit   '@babel/helper-environment-visitor': [ '7.24.7' ],
84 silly audit   '@babel/helper-globals': [ '7.28.0' ],
84 silly audit   '@babel/helper-member-expression-to-functions': [ '7.28.5' ],
84 silly audit   '@babel/helper-module-imports': [ '7.28.6' ],
84 silly audit   '@babel/helper-module-transforms': [ '7.28.6' ],
84 silly audit   '@babel/helper-optimise-call-expression': [ '7.27.1' ],
84 silly audit   '@babel/helper-plugin-utils': [ '7.28.6' ],
84 silly audit   '@babel/helper-remap-async-to-generator': [ '7.27.1' ],
84 silly audit   '@babel/helper-replace-supers': [ '7.28.6' ],
84 silly audit   '@babel/helper-skip-transparent-expression-wrappers': [ '7.27.1' ],
84 silly audit   '@babel/helper-string-parser': [ '7.27.1' ],
84 silly audit   '@babel/helper-validator-identifier': [ '7.28.5' ],
84 silly audit   '@babel/helper-validator-option': [ '7.27.1' ],
84 silly audit   '@babel/helper-wrap-function': [ '7.28.6' ],
84 silly audit   '@babel/helpers': [ '7.28.6' ],
84 silly audit   '@babel/highlight': [ '7.25.9' ],
84 silly audit   'ansi-styles': [ '3.2.1', '6.2.3', '4.3.0', '5.2.0' ],
84 silly audit   chalk: [ '2.4.2', '4.1.2' ],
84 silly audit   'color-convert': [ '1.9.3', '2.0.1', '3.1.3' ],
84 silly audit   'color-name': [ '1.1.3', '1.1.4', '2.1.0' ],
84 silly audit   'escape-string-regexp': [ '1.0.5', '4.0.0', '2.0.0' ],
84 silly audit   'has-flag': [ '3.0.0', '4.0.0' ],
84 silly audit   'supports-color': [ '5.5.0', '8.1.1', '7.2.0' ],
84 silly audit   '@babel/parser': [ '7.28.6' ],
84 silly audit   '@babel/plugin-bugfix-firefox-class-in-computed-class-key': [ '7.28.5' ],
84 silly audit   '@babel/plugin-bugfix-safari-class-field-initializer-scope': [ '7.27.1' ],
84 silly audit   '@babel/plugin-bugfix-safari-id-destructuring-collision-in-function-expression': [ '7.27.1' ],
84 silly audit   '@babel/plugin-bugfix-v8-spread-parameters-in-optional-chaining': [ '7.27.1' ],
84 silly audit   '@babel/plugin-bugfix-v8-static-class-fields-redefine-readonly': [ '7.28.6' ],
84 silly audit   '@babel/plugin-proposal-async-generator-functions': [ '7.20.7' ],
84 silly audit   '@babel/plugin-proposal-class-properties': [ '7.18.6' ],
84 silly audit   '@babel/plugin-proposal-decorators': [ '7.28.6' ],
84 silly audit   '@babel/plugin-proposal-export-default-from': [ '7.27.1' ],
84 silly audit   '@babel/plugin-proposal-nullish-coalescing-operator': [ '7.18.6' ],
84 silly audit   '@babel/plugin-proposal-numeric-separator': [ '7.18.6' ],
84 silly audit   '@babel/plugin-proposal-object-rest-spread': [ '7.20.7' ],
84 silly audit   '@babel/plugin-proposal-optional-catch-binding': [ '7.18.6' ],
84 silly audit   '@babel/plugin-proposal-optional-chaining': [ '7.21.0' ],
84 silly audit   '@babel/plugin-proposal-private-property-in-object': [ '7.21.0-placeholder-for-preset-env.2' ],
84 silly audit   '@babel/plugin-syntax-async-generators': [ '7.8.4' ],
84 silly audit   '@babel/plugin-syntax-class-properties': [ '7.12.13' ],
84 silly audit   '@babel/plugin-syntax-decorators': [ '7.28.6' ],
84 silly audit   '@babel/plugin-syntax-dynamic-import': [ '7.8.3' ],
84 silly audit   '@babel/plugin-syntax-export-default-from': [ '7.28.6' ],
84 silly audit   '@babel/plugin-syntax-flow': [ '7.28.6' ],
84 silly audit   '@babel/plugin-syntax-import-assertions': [ '7.28.6' ],
84 silly audit   '@babel/plugin-syntax-import-attributes': [ '7.28.6' ],
84 silly audit   '@babel/plugin-syntax-jsx': [ '7.28.6' ],
84 silly audit   '@babel/plugin-syntax-nullish-coalescing-operator': [ '7.8.3' ],
84 silly audit   '@babel/plugin-syntax-numeric-separator': [ '7.10.4' ],
84 silly audit   '@babel/plugin-syntax-object-rest-spread': [ '7.8.3' ],
84 silly audit   '@babel/plugin-syntax-optional-catch-binding': [ '7.8.3' ],
84 silly audit   '@babel/plugin-syntax-optional-chaining': [ '7.8.3' ],
84 silly audit   '@babel/plugin-syntax-typescript': [ '7.28.6' ],
84 silly audit   '@babel/plugin-syntax-unicode-sets-regex': [ '7.18.6' ],
84 silly audit   '@babel/plugin-transform-arrow-functions': [ '7.27.1' ],
84 silly audit   '@babel/plugin-transform-async-generator-functions': [ '7.28.6' ],
84 silly audit   '@babel/plugin-transform-async-to-generator': [ '7.28.6' ],
84 silly audit   '@babel/plugin-transform-block-scoped-functions': [ '7.27.1' ],
84 silly audit   '@babel/plugin-transform-block-scoping': [ '7.28.6' ],
84 silly audit   '@babel/plugin-transform-class-properties': [ '7.28.6' ],
84 silly audit   '@babel/plugin-transform-class-static-block': [ '7.28.6' ],
84 silly audit   '@babel/plugin-transform-classes': [ '7.28.6' ],
84 silly audit   '@babel/plugin-transform-computed-properties': [ '7.28.6' ],
84 silly audit   '@babel/plugin-transform-destructuring': [ '7.28.5' ],
84 silly audit   '@babel/plugin-transform-dotall-regex': [ '7.28.6' ],
84 silly audit   '@babel/plugin-transform-duplicate-keys': [ '7.27.1' ],
84 silly audit   '@babel/plugin-transform-duplicate-named-capturing-groups-regex': [ '7.28.6' ],
84 silly audit   '@babel/plugin-transform-dynamic-import': [ '7.27.1' ],
84 silly audit   '@babel/plugin-transform-explicit-resource-management': [ '7.28.6' ],
84 silly audit   '@babel/plugin-transform-exponentiation-operator': [ '7.28.6' ],
84 silly audit   '@babel/plugin-transform-export-namespace-from': [ '7.27.1' ],
84 silly audit   '@babel/plugin-transform-flow-strip-types': [ '7.27.1' ],
84 silly audit   '@babel/plugin-transform-for-of': [ '7.27.1' ],
84 silly audit   '@babel/plugin-transform-function-name': [ '7.27.1' ],
84 silly audit   '@babel/plugin-transform-json-strings': [ '7.28.6' ],
84 silly audit   '@babel/plugin-transform-literals': [ '7.27.1' ],
84 silly audit   '@babel/plugin-transform-logical-assignment-operators': [ '7.28.6' ],
84 silly audit   '@babel/plugin-transform-member-expression-literals': [ '7.27.1' ],
84 silly audit   '@babel/plugin-transform-modules-amd': [ '7.27.1' ],
84 silly audit   '@babel/plugin-transform-modules-commonjs': [ '7.28.6' ],
84 silly audit   '@babel/plugin-transform-modules-systemjs': [ '7.28.5' ],
84 silly audit   '@babel/plugin-transform-modules-umd': [ '7.27.1' ],
84 silly audit   '@babel/plugin-transform-named-capturing-groups-regex': [ '7.27.1' ],
84 silly audit   '@babel/plugin-transform-new-target': [ '7.27.1' ],
84 silly audit   '@babel/plugin-transform-nullish-coalescing-operator': [ '7.28.6' ],
84 silly audit   '@babel/plugin-transform-numeric-separator': [ '7.28.6' ],
84 silly audit   '@babel/plugin-transform-object-rest-spread': [ '7.28.6' ],
84 silly audit   '@babel/plugin-transform-object-super': [ '7.27.1' ],
84 silly audit   '@babel/plugin-transform-optional-catch-binding': [ '7.28.6' ],
84 silly audit   '@babel/plugin-transform-optional-chaining': [ '7.28.6' ],
84 silly audit   '@babel/plugin-transform-parameters': [ '7.27.7' ],
84 silly audit   '@babel/plugin-transform-private-methods': [ '7.28.6' ],
84 silly audit   '@babel/plugin-transform-private-property-in-object': [ '7.28.6' ],
84 silly audit   '@babel/plugin-transform-property-literals': [ '7.27.1' ],
84 silly audit   '@babel/plugin-transform-react-display-name': [ '7.28.0' ],
84 silly audit   '@babel/plugin-transform-react-jsx': [ '7.28.6' ],
84 silly audit   '@babel/plugin-transform-react-jsx-development': [ '7.27.1' ],
84 silly audit   '@babel/plugin-transform-react-jsx-self': [ '7.27.1' ],
84 silly audit   '@babel/plugin-transform-react-jsx-source': [ '7.27.1' ],
84 silly audit   '@babel/plugin-transform-react-pure-annotations': [ '7.27.1' ],
84 silly audit   '@babel/plugin-transform-regenerator': [ '7.28.6' ],
84 silly audit   '@babel/plugin-transform-regexp-modifiers': [ '7.28.6' ],
84 silly audit   '@babel/plugin-transform-reserved-words': [ '7.27.1' ],
84 silly audit   '@babel/plugin-transform-runtime': [ '7.28.5' ],
84 silly audit   '@babel/plugin-transform-shorthand-properties': [ '7.27.1' ],
84 silly audit   '@babel/plugin-transform-spread': [ '7.28.6' ],
84 silly audit   '@babel/plugin-transform-sticky-regex': [ '7.27.1' ],
84 silly audit   '@babel/plugin-transform-template-literals': [ '7.27.1' ],
84 silly audit   '@babel/plugin-transform-typeof-symbol': [ '7.27.1' ],
84 silly audit   '@babel/plugin-transform-typescript': [ '7.28.6' ],
84 silly audit   '@babel/plugin-transform-unicode-escapes': [ '7.27.1' ],
84 silly audit   '@babel/plugin-transform-unicode-property-regex': [ '7.28.6' ],
84 silly audit   '@babel/plugin-transform-unicode-regex': [ '7.27.1' ],
84 silly audit   '@babel/plugin-transform-unicode-sets-regex': [ '7.28.6' ],
84 silly audit   '@babel/preset-env': [ '7.28.6' ],
84 silly audit   '@babel/preset-flow': [ '7.27.1' ],
84 silly audit   '@babel/preset-modules': [ '0.1.6-no-external-plugins' ],
84 silly audit   '@babel/preset-react': [ '7.28.5' ],
84 silly audit   '@babel/preset-typescript': [ '7.28.5' ],
84 silly audit   '@babel/register': [ '7.28.6' ],
84 silly audit   '@babel/runtime': [ '7.28.6' ],
84 silly audit   '@babel/template': [ '7.28.6' ],
84 silly audit   '@babel/traverse': [ '7.28.6' ],
84 silly audit   '@babel/types': [ '7.28.6' ],
84 silly audit   '@colors/colors': [ '1.6.0' ],
84 silly audit   '@cspotcode/source-map-support': [ '0.8.1' ],
84 silly audit   '@jridgewell/trace-mapping': [ '0.3.9', '0.3.31' ],
84 silly audit   '@dabh/diagnostics': [ '2.0.8' ],
84 silly audit   '@expo/bunyan': [ '4.0.1' ],
84 silly audit   '@expo/cli': [ '0.17.13' ],
84 silly audit   'form-data': [ '3.0.4', '2.5.5', '4.0.5' ],
84 silly audit   semver: [ '7.7.3', '7.5.3', '7.3.2', '5.7.2', '6.3.1' ],
84 silly audit   '@expo/code-signing-certificates': [ '0.0.5' ],
84 silly audit   '@expo/config': [ '8.5.6' ],
84 silly audit   '@expo/config-plugins': [ '7.9.2' ],
84 silly audit   glob: [ '7.1.6', '10.5.0', '7.2.3' ],
84 silly audit   '@expo/config-types': [ '50.0.1' ],
84 silly audit   'lru-cache': [ '6.0.0', '10.4.3', '5.1.1' ],
84 silly audit   yallist: [ '4.0.0', '3.1.1' ],
84 silly audit   '@expo/devcert': [ '1.2.1' ],
84 silly audit   debug: [ '3.2.7', '2.6.9', '4.4.3' ],
84 silly audit   '@expo/env': [ '0.2.3' ],
84 silly audit   dotenv: [ '16.4.7', '17.2.3', '16.6.1' ],
84 silly audit   '@expo/fingerprint': [ '0.6.1' ],
84 silly audit   '@expo/image-utils': [ '0.4.2' ],
84 silly audit   'crypto-random-string': [ '1.0.0', '2.0.0' ],
84 silly audit   'fs-extra': [ '9.0.0', '9.1.0', '8.1.0' ],
84 silly audit   jsonfile: [ '6.2.0', '4.0.0' ],
84 silly audit   universalify: [ '2.0.1', '1.0.0', '0.1.2' ],
84 silly audit   'temp-dir': [ '1.0.0', '2.0.0' ],
84 silly audit   tempy: [ '0.3.0', '0.7.1' ],
84 silly audit   'type-fest': [ '0.3.1', '0.21.3', '0.16.0', '0.7.1' ],
84 silly audit   'unique-string': [ '1.0.0', '2.0.0' ],
84 silly audit   '@expo/json-file': [ '8.3.3', '10.0.8' ],
84 silly audit   '@expo/metro-config': [ '0.17.8' ],
84 silly audit   '@expo/spawn-async': [ '1.7.2', '1.5.0' ],
84 silly audit   'cross-spawn': [ '7.0.6', '6.0.6' ],
84 silly audit   'path-key': [ '3.1.1', '2.0.1' ],
84 silly audit   'shebang-command': [ '2.0.0', '1.2.0' ],
84 silly audit   'shebang-regex': [ '3.0.0', '1.0.0' ],
84 silly audit   which: [ '2.0.2', '1.3.1' ],
84 silly audit   '@expo/metro-runtime': [ '3.1.3' ],
84 silly audit   '@expo/osascript': [ '2.3.8' ],
84 silly audit   '@expo/package-manager': [ '1.9.10' ],
84 silly audit   'hosted-git-info': [ '7.0.2', '3.0.8' ],
84 silly audit   'npm-package-arg': [ '11.0.3', '7.0.0' ],
84 silly audit   'validate-npm-package-name': [ '5.0.1', '3.0.0' ],
84 silly audit   '@expo/plist': [ '0.1.3' ],
84 silly audit   '@expo/prebuild-config': [ '6.8.1' ],
84 silly audit   '@expo/rudder-sdk-node': [ '1.1.1' ],
84 silly audit   '@expo/sdk-runtime-versions': [ '1.0.0' ],
84 silly audit   '@expo/sudo-prompt': [ '9.3.2' ],
84 silly audit   '@expo/vector-icons': [ '14.1.0' ],
84 silly audit   '@expo/xcpretty': [ '4.3.2' ],
84 silly audit   argparse: [ '2.0.1', '1.0.10' ],
84 silly audit   'js-yaml': [ '4.1.1', '3.14.2' ],
84 silly audit   '@firebase/ai': [ '2.7.0' ],
84 silly audit   '@firebase/analytics': [ '0.10.19' ],
84 silly audit   '@firebase/analytics-compat': [ '0.2.25' ],
84 silly audit   '@firebase/analytics-types': [ '0.8.3' ],
84 silly audit   '@firebase/app': [ '0.14.7' ],
84 silly audit   '@firebase/app-check': [ '0.11.0' ],
84 silly audit   '@firebase/app-check-compat': [ '0.4.0' ],
84 silly audit   '@firebase/app-check-interop-types': [ '0.3.3' ],
84 silly audit   '@firebase/app-check-types': [ '0.5.3' ],
84 silly audit   '@firebase/app-compat': [ '0.5.7' ],
84 silly audit   '@firebase/app-types': [ '0.9.3' ],
84 silly audit   '@firebase/auth-compat': [ '0.6.2' ],
84 silly audit   '@firebase/auth': [ '1.12.0' ],
84 silly audit   '@firebase/auth-interop-types': [ '0.2.4' ],
84 silly audit   '@firebase/auth-types': [ '0.13.0' ],
84 silly audit   '@firebase/component': [ '0.7.0' ],
84 silly audit   '@firebase/data-connect': [ '0.3.12' ],
84 silly audit   '@firebase/database': [ '1.1.0' ],
84 silly audit   '@firebase/database-compat': [ '2.1.0' ],
84 silly audit   '@firebase/database-types': [ '1.0.16' ],
84 silly audit   '@firebase/firestore': [ '4.10.0' ],
84 silly audit   '@firebase/firestore-compat': [ '0.4.4' ],
84 silly audit   '@firebase/firestore-types': [ '3.0.3' ],
84 silly audit   '@firebase/functions': [ '0.13.1' ],
84 silly audit   '@firebase/functions-compat': [ '0.4.1' ],
84 silly audit   '@firebase/functions-types': [ '0.6.3' ],
84 silly audit   '@firebase/installations': [ '0.6.19' ],
84 silly audit   '@firebase/installations-compat': [ '0.2.19' ],
84 silly audit   '@firebase/installations-types': [ '0.5.3' ],
84 silly audit   '@firebase/logger': [ '0.5.0' ],
84 silly audit   '@firebase/messaging': [ '0.12.23' ],
84 silly audit   '@firebase/messaging-compat': [ '0.2.23' ],
84 silly audit   '@firebase/messaging-interop-types': [ '0.2.3' ],
84 silly audit   '@firebase/performance': [ '0.7.9' ],
84 silly audit   '@firebase/performance-compat': [ '0.2.22' ],
84 silly audit   '@firebase/performance-types': [ '0.2.3' ],
84 silly audit   '@firebase/remote-config': [ '0.8.0' ],
84 silly audit   '@firebase/remote-config-compat': [ '0.2.21' ],
84 silly audit   '@firebase/remote-config-types': [ '0.5.0' ],
84 silly audit   '@firebase/storage': [ '0.14.0' ],
84 silly audit   '@firebase/storage-compat': [ '0.4.0' ],
84 silly audit   '@firebase/storage-types': [ '0.8.3' ],
84 silly audit   '@firebase/util': [ '1.13.0' ],
84 silly audit   '@firebase/webchannel-wrapper': [ '1.0.5' ],
84 silly audit   '@gar/promisify': [ '1.1.3' ],
84 silly audit   '@genkit-ai/ai': [ '1.27.0' ],
84 silly audit   '@types/node': [ '20.19.30', '25.0.9' ],
84 silly audit   colorette: [ '2.0.20', '1.4.0' ],
84 silly audit   'node-fetch': [ '3.3.2', '2.7.0' ],
84 silly audit   'undici-types': [ '6.21.0', '7.16.0' ],
84 silly audit   uuid: [ '10.0.0', '9.0.1', '8.3.2', '7.0.3' ],
84 silly audit   '@genkit-ai/core': [ '1.27.0' ],
84 silly audit   '@genkit-ai/firebase': [ '1.27.0' ],
84 silly audit   '@genkit-ai/google-cloud': [ '1.27.0' ],
84 silly audit   '@genkit-ai/googleai': [ '1.27.0' ],
84 silly audit   '@google-cloud/common': [ '5.0.2' ],
84 silly audit   '@google-cloud/logging': [ '11.2.1' ],
84 silly audit   '@google-cloud/logging-winston': [ '6.0.1' ],
84 silly audit   '@google-cloud/modelarmor': [ '0.4.1' ],
84 silly audit   '@grpc/grpc-js': [ '1.14.3', '1.9.15' ],
84 silly audit   '@grpc/proto-loader': [ '0.8.0', '0.7.15' ],
84 silly audit   'agent-base': [ '7.1.4', '6.0.2' ],
84 silly audit   'brace-expansion': [ '2.0.2', '1.1.12' ],
84 silly audit   gaxios: [ '7.1.3', '6.7.1' ],
84 silly audit   'gcp-metadata': [ '8.1.2', '6.1.1' ],
84 silly audit   'google-auth-library': [ '10.5.0', '9.15.1' ],
84 silly audit   'google-gax': [ '5.0.6', '4.6.1' ],
84 silly audit   'google-logging-utils': [ '1.1.3', '0.0.2' ],
84 silly audit   gtoken: [ '8.0.0', '7.1.0' ],
84 silly audit   'https-proxy-agent': [ '7.0.6', '5.0.1' ],
84 silly audit   minimatch: [ '9.0.5', '3.1.2' ],
84 silly audit   minipass: [ '7.1.2', '3.3.6', '5.0.0' ],
84 silly audit   'proto3-json-serializer': [ '3.0.4', '2.0.2' ],
84 silly audit   'retry-request': [ '8.0.2', '7.0.2' ],
84 silly audit   rimraf: [ '5.0.10', '3.0.2', '2.6.3' ],
84 silly audit   'teeny-request': [ '10.1.0', '9.0.0' ],
84 silly audit   '@google-cloud/opentelemetry-cloud-monitoring-exporter': [ '0.19.0' ],
84 silly audit   '@google-cloud/opentelemetry-cloud-trace-exporter': [ '2.4.1' ],
84 silly audit   '@google-cloud/opentelemetry-resource-util': [ '2.4.0' ],
84 silly audit   '@google-cloud/paginator': [ '5.0.2' ],
84 silly audit   '@google-cloud/precise-date': [ '4.0.0' ],
84 silly audit   '@google-cloud/projectify': [ '4.0.0' ],
84 silly audit   '@google-cloud/promisify': [ '4.0.0' ],
84 silly audit   '@google/generative-ai': [ '0.24.1' ],
84 silly audit   '@graphql-typed-document-node/core': [ '3.2.0' ],
84 silly audit   '@hapi/hoek': [ '9.3.0' ],
84 silly audit   '@hapi/topo': [ '5.1.0' ],
84 silly audit   '@isaacs/cliui': [ '8.0.2' ],
84 silly audit   'ansi-regex': [ '6.2.2', '5.0.1', '4.1.1' ],
84 silly audit   'emoji-regex': [ '9.2.2', '8.0.0' ],
84 silly audit   'string-width': [ '5.1.2', '4.2.3' ],
84 silly audit   'strip-ansi': [ '7.1.2', '6.0.1', '5.2.0' ],
84 silly audit   'wrap-ansi': [ '8.1.0', '6.2.0', '7.0.0' ],
84 silly audit   '@isaacs/ttlcache': [ '1.4.1' ],
84 silly audit   '@jest/create-cache-key-function': [ '29.7.0' ],
84 silly audit   '@jest/environment': [ '29.7.0' ],
84 silly audit   '@jest/fake-timers': [ '29.7.0' ],
84 silly audit   '@jest/schemas': [ '29.6.3' ],
84 silly audit   '@jest/types': [ '29.6.3', '26.6.2' ],
84 silly audit   '@jridgewell/gen-mapping': [ '0.3.13' ],
84 silly audit   '@jridgewell/remapping': [ '2.3.5' ],
84 silly audit   '@jridgewell/resolve-uri': [ '3.1.2' ],
84 silly audit   '@jridgewell/source-map': [ '0.3.11' ],
84 silly audit   '@jridgewell/sourcemap-codec': [ '1.5.5' ],
84 silly audit   '@js-sdsl/ordered-map': [ '4.4.2' ],
84 silly audit   '@nodelib/fs.scandir': [ '2.1.5' ],
84 silly audit   '@nodelib/fs.stat': [ '2.0.5' ],
84 silly audit   '@nodelib/fs.walk': [ '1.2.8' ],
84 silly audit   '@npmcli/fs': [ '1.1.1' ],
84 silly audit   '@npmcli/move-file': [ '1.1.2' ],
84 silly audit   mkdirp: [ '1.0.4', '0.5.6' ],
84 silly audit   '@opentelemetry/api': [ '1.9.0' ],
84 silly audit   '@opentelemetry/api-logs': [ '0.52.1' ],
84 silly audit   '@opentelemetry/auto-instrumentations-node': [ '0.49.2' ],
84 silly audit   '@opentelemetry/context-async-hooks': [ '1.25.1' ],
84 silly audit   '@opentelemetry/core': [ '1.25.1', '1.30.1' ],
84 silly audit   '@opentelemetry/semantic-conventions': [ '1.25.1', '1.28.0', '1.39.0' ],
84 silly audit   '@opentelemetry/exporter-jaeger': [ '1.30.1' ],
84 silly audit   '@opentelemetry/resources': [ '1.30.1', '1.25.1' ],
84 silly audit   '@opentelemetry/sdk-trace-base': [ '1.30.1', '1.25.1' ],
84 silly audit   '@opentelemetry/exporter-trace-otlp-grpc': [ '0.52.1' ],
84 silly audit   '@opentelemetry/exporter-trace-otlp-http': [ '0.52.1' ],
84 silly audit   '@opentelemetry/exporter-trace-otlp-proto': [ '0.52.1' ],
84 silly audit   '@opentelemetry/exporter-zipkin': [ '1.25.1' ],
84 silly audit   '@opentelemetry/instrumentation': [ '0.52.1' ],
84 silly audit   '@opentelemetry/instrumentation-amqplib': [ '0.41.0' ],
84 silly audit   '@opentelemetry/instrumentation-aws-lambda': [ '0.43.0' ],
84 silly audit   '@opentelemetry/instrumentation-aws-sdk': [ '0.43.1' ],
84 silly audit   '@opentelemetry/instrumentation-bunyan': [ '0.40.0' ],
84 silly audit   '@opentelemetry/instrumentation-cassandra-driver': [ '0.40.0' ],
84 silly audit   '@opentelemetry/instrumentation-connect': [ '0.38.0' ],
84 silly audit   '@opentelemetry/instrumentation-cucumber': [ '0.8.0' ],
84 silly audit   '@opentelemetry/instrumentation-dataloader': [ '0.11.0' ],
84 silly audit   '@opentelemetry/instrumentation-dns': [ '0.38.0' ],
84 silly audit   '@opentelemetry/instrumentation-express': [ '0.41.1' ],
84 silly audit   '@opentelemetry/instrumentation-fastify': [ '0.38.0' ],
84 silly audit   '@opentelemetry/instrumentation-fs': [ '0.14.0' ],
84 silly audit   '@opentelemetry/instrumentation-generic-pool': [ '0.38.1' ],
84 silly audit   '@opentelemetry/instrumentation-graphql': [ '0.42.0' ],
84 silly audit   '@opentelemetry/instrumentation-grpc': [ '0.52.1' ],
84 silly audit   '@opentelemetry/instrumentation-hapi': [ '0.40.0' ],
84 silly audit   '@opentelemetry/instrumentation-http': [ '0.52.1' ],
84 silly audit   '@opentelemetry/instrumentation-ioredis': [ '0.42.0' ],
84 silly audit   '@opentelemetry/instrumentation-kafkajs': [ '0.2.0' ],
84 silly audit   '@opentelemetry/instrumentation-knex': [ '0.39.0' ],
84 silly audit   '@opentelemetry/instrumentation-koa': [ '0.42.0' ],
84 silly audit   '@opentelemetry/instrumentation-lru-memoizer': [ '0.39.0' ],
84 silly audit   '@opentelemetry/instrumentation-memcached': [ '0.38.0' ],
84 silly audit   '@opentelemetry/instrumentation-mongodb': [ '0.46.0' ],
84 silly audit   '@opentelemetry/instrumentation-mongoose': [ '0.41.0' ],
84 silly audit   '@opentelemetry/instrumentation-mysql': [ '0.40.0' ],
84 silly audit   '@opentelemetry/instrumentation-mysql2': [ '0.40.0' ],
84 silly audit   '@opentelemetry/instrumentation-nestjs-core': [ '0.39.0' ],
84 silly audit   '@opentelemetry/instrumentation-net': [ '0.38.0' ],
84 silly audit   '@opentelemetry/instrumentation-pg': [ '0.43.0' ],
84 silly audit   '@opentelemetry/instrumentation-pino': [ '0.41.0' ],
84 silly audit   '@opentelemetry/instrumentation-redis': [ '0.41.0' ],
84 silly audit   '@opentelemetry/instrumentation-redis-4': [ '0.41.1' ],
84 silly audit   '@opentelemetry/instrumentation-restify': [ '0.40.0' ],
84 silly audit   '@opentelemetry/instrumentation-router': [ '0.39.0' ],
84 silly audit   '@opentelemetry/instrumentation-socket.io': [ '0.41.0' ],
84 silly audit   '@opentelemetry/instrumentation-tedious': [ '0.13.0' ],
84 silly audit   '@opentelemetry/instrumentation-undici': [ '0.5.0' ],
84 silly audit   '@opentelemetry/instrumentation-winston': [ '0.39.0' ],
84 silly audit   '@opentelemetry/otlp-exporter-base': [ '0.52.1' ],
84 silly audit   '@opentelemetry/otlp-grpc-exporter-base': [ '0.52.1' ],
84 silly audit   '@opentelemetry/otlp-transformer': [ '0.52.1' ],
84 silly audit   '@opentelemetry/propagation-utils': [ '0.30.16' ],
84 silly audit   '@opentelemetry/propagator-aws-xray': [ '1.26.2' ],
84 silly audit   '@opentelemetry/propagator-b3': [ '1.25.1' ],
84 silly audit   '@opentelemetry/propagator-jaeger': [ '1.25.1' ],
84 silly audit   '@opentelemetry/redis-common': [ '0.36.2' ],
84 silly audit   '@opentelemetry/resource-detector-alibaba-cloud': [ '0.29.7' ],
84 silly audit   '@opentelemetry/resource-detector-aws': [ '1.12.0' ],
84 silly audit   '@opentelemetry/resource-detector-azure': [ '0.2.12' ],
84 silly audit   '@opentelemetry/resource-detector-container': [ '0.4.4' ],
84 silly audit   '@opentelemetry/resource-detector-gcp': [ '0.29.13' ],
84 silly audit   '@opentelemetry/sdk-logs': [ '0.52.1' ],
84 silly audit   '@opentelemetry/sdk-metrics': [ '1.25.1' ],
84 silly audit   '@opentelemetry/sdk-node': [ '0.52.1' ],
84 silly audit   '@opentelemetry/sdk-trace-node': [ '1.25.1' ],
84 silly audit   '@opentelemetry/sql-common': [ '0.40.1' ],
84 silly audit   '@pkgjs/parseargs': [ '0.11.0' ],
84 silly audit   '@protobufjs/aspromise': [ '1.1.2' ],
84 silly audit   '@protobufjs/base64': [ '1.1.2' ],
84 silly audit   '@protobufjs/codegen': [ '2.0.4' ],
84 silly audit   '@protobufjs/eventemitter': [ '1.1.0' ],
84 silly audit   '@protobufjs/fetch': [ '1.1.0' ],
84 silly audit   '@protobufjs/float': [ '1.0.2' ],
84 silly audit   '@protobufjs/inquire': [ '1.1.0' ],
84 silly audit   '@protobufjs/path': [ '1.1.2' ],
84 silly audit   '@protobufjs/pool': [ '1.1.0' ],
84 silly audit   '@protobufjs/utf8': [ '1.1.0' ],
84 silly audit   '@react-native-async-storage/async-storage': [ '1.21.0' ],
84 silly audit   '@react-native-community/cli': [ '12.3.0' ],
84 silly audit   '@react-native-community/cli-clean': [ '12.3.0' ],
84 silly audit   execa: [ '5.1.1', '1.0.0' ],
84 silly audit   'get-stream': [ '6.0.1', '4.1.0' ],
84 silly audit   'is-stream': [ '2.0.1', '1.1.0' ],
84 silly audit   'mimic-fn': [ '2.1.0', '1.2.0' ],
84 silly audit   'npm-run-path': [ '4.0.1', '2.0.2' ],
84 silly audit   onetime: [ '5.1.2', '2.0.1' ],
84 silly audit   '@react-native-community/cli-config': [ '12.3.0' ],
84 silly audit   '@react-native-community/cli-debugger-ui': [ '12.3.0' ],
84 silly audit   '@react-native-community/cli-doctor': [ '12.3.0' ],
84 silly audit   'cli-cursor': [ '3.1.0', '2.1.0' ],
84 silly audit   'log-symbols': [ '4.1.0', '2.2.0' ],
84 silly audit   ora: [ '5.4.1', '3.4.0' ],
84 silly audit   'restore-cursor': [ '3.1.0', '2.0.0' ],
84 silly audit   '@react-native-community/cli-hermes': [ '12.3.0' ],
84 silly audit   '@react-native-community/cli-platform-android': [ '12.3.0' ],
84 silly audit   '@react-native-community/cli-platform-ios': [ '12.3.0' ],
84 silly audit   '@react-native-community/cli-plugin-metro': [ '12.3.0' ],
84 silly audit   '@react-native-community/cli-server-api': [ '12.3.0' ],
84 silly audit   ws: [ '7.5.10', '6.2.3', '8.19.0' ],
84 silly audit   '@react-native-community/cli-tools': [ '12.3.0' ],
84 silly audit   'is-wsl': [ '1.1.0', '2.2.0' ],
84 silly audit   open: [ '6.4.0', '7.4.2', '8.4.2' ],
84 silly audit   '@react-native-community/cli-types': [ '12.3.0' ],
84 silly audit   commander: [ '9.5.0', '7.2.0', '4.1.1', '2.20.3' ],
84 silly audit   'find-up': [ '4.1.0', '5.0.0', '3.0.0' ],
84 silly audit   'locate-path': [ '5.0.0', '6.0.0', '3.0.0' ],
84 silly audit   'p-limit': [ '2.3.0', '3.1.0' ],
84 silly audit   'p-locate': [ '4.1.0', '5.0.0', '3.0.0' ],
84 silly audit   '@react-native-community/netinfo': [ '11.3.1' ],
84 silly audit   '@react-native/assets-registry': [ '0.73.1' ],
84 silly audit   '@react-native/babel-plugin-codegen': [ '0.73.4', '0.73.2' ],
84 silly audit   '@react-native/babel-preset': [ '0.73.21', '0.73.19' ],
84 silly audit   '@react-native/codegen': [ '0.73.3', '0.73.2' ],
84 silly audit   '@react-native/community-cli-plugin': [ '0.73.12' ],
84 silly audit   '@react-native/dev-middleware': [ '0.73.7', '0.73.8' ],
84 silly audit   ms: [ '2.0.0', '2.1.3' ],
84 silly audit   '@react-native/debugger-frontend': [ '0.73.3' ],
84 silly audit   '@react-native/gradle-plugin': [ '0.73.4' ],
84 silly audit   '@react-native/js-polyfills': [ '0.73.1' ],
84 silly audit   '@react-native/metro-babel-transformer': [ '0.73.13' ],
84 silly audit   '@react-native/normalize-color': [ '2.1.0' ],
84 silly audit   '@react-native/normalize-colors': [ '0.73.2', '0.74.89' ],
84 silly audit   '@react-native/virtualized-lists': [ '0.73.4' ],
84 silly audit   'react-is': [ '18.3.1', '16.13.1', '17.0.2' ],
84 silly audit   color: [ '5.0.3' ],
84 silly audit   'color-string': [ '2.1.4' ],
84 silly audit   '@segment/loosely-validate-event': [ '2.0.0' ],
84 silly audit   '@sideway/address': [ '4.1.5' ],
84 silly audit   '@sideway/formula': [ '3.0.1' ],
84 silly audit   '@sideway/pinpoint': [ '2.0.0' ],
84 silly audit   '@sinclair/typebox': [ '0.27.8' ],
84 silly audit   '@sinonjs/commons': [ '3.0.1' ],
84 silly audit   '@sinonjs/fake-timers': [ '10.3.0' ],
84 silly audit   '@so-ric/colorspace': [ '1.1.6' ],
84 silly audit   '@tootallnate/once': [ '2.0.0' ],
84 silly audit   '@tsconfig/node10': [ '1.0.12' ],
84 silly audit   '@tsconfig/node12': [ '1.0.11' ],
84 silly audit   '@tsconfig/node14': [ '1.0.3' ],
84 silly audit   '@tsconfig/node16': [ '1.0.4' ],
84 silly audit   '@types/aws-lambda': [ '8.10.122' ],
84 silly audit   '@types/bunyan': [ '1.8.9' ],
84 silly audit   '@types/caseless': [ '0.12.5' ],
84 silly audit   '@types/connect': [ '3.4.36' ],
84 silly audit   '@types/istanbul-lib-coverage': [ '2.0.6' ],
84 silly audit   '@types/istanbul-lib-report': [ '3.0.3' ],
84 silly audit   '@types/istanbul-reports': [ '3.0.4' ],
84 silly audit   '@types/json-schema': [ '7.0.15' ],
84 silly audit   '@types/long': [ '4.0.2' ],
84 silly audit   '@types/memcached': [ '2.2.10' ],
84 silly audit   '@types/mysql': [ '2.15.22' ],
84 silly audit   '@types/pg': [ '8.6.1' ],
84 silly audit   '@types/pg-pool': [ '2.0.4' ],
84 silly audit   '@types/prop-types': [ '15.7.15' ],
84 silly audit   '@types/react': [ '18.2.79' ],
84 silly audit   '@types/request': [ '2.48.13' ],
84 silly audit   '@types/shimmer': [ '1.2.0' ],
84 silly audit   '@types/stack-utils': [ '2.0.3' ],
84 silly audit   '@types/tedious': [ '4.0.14' ],
84 silly audit   '@types/tough-cookie': [ '4.0.5' ],
84 silly audit   '@types/triple-beam': [ '1.3.5' ],
84 silly audit   '@types/yargs': [ '17.0.35', '15.0.20' ],
84 silly audit   '@types/yargs-parser': [ '21.0.3' ],
84 silly audit   '@urql/core': [ '2.3.6' ],
84 silly audit   '@urql/exchange-retry': [ '0.3.0' ],
84 silly audit   '@xmldom/xmldom': [ '0.7.13', '0.8.11' ],
84 silly audit   'abort-controller': [ '3.0.0' ],
84 silly audit   accepts: [ '1.3.8' ],
84 silly audit   acorn: [ '8.15.0' ],
84 silly audit   'acorn-import-attributes': [ '1.9.5' ],
84 silly audit   'acorn-walk': [ '8.3.4' ],
84 silly audit   'aggregate-error': [ '3.1.0' ],
84 silly audit   ajv: [ '8.17.1' ],
84 silly audit   'ajv-formats': [ '3.0.1' ],
84 silly audit   anser: [ '1.4.10' ],
84 silly audit   'ansi-color': [ '0.2.2' ],
84 silly audit   'ansi-escapes': [ '4.3.2' ],
84 silly audit   'ansi-fragments': [ '0.2.1' ],
84 silly audit   'any-promise': [ '1.3.0' ],
84 silly audit   anymatch: [ '3.1.3' ],
84 silly audit   picomatch: [ '2.3.1', '3.0.1' ],
84 silly audit   appdirsjs: [ '1.2.7' ],
84 silly audit   arg: [ '5.0.2', '4.1.3' ],
84 silly audit   'array-buffer-byte-length': [ '1.0.2' ],
84 silly audit   'array-flatten': [ '1.1.1' ],
84 silly audit   'array-union': [ '2.1.0' ],
84 silly audit   'arraybuffer.prototype.slice': [ '1.0.4' ],
84 silly audit   arrify: [ '2.0.1' ],
84 silly audit   asap: [ '2.0.6' ],
84 silly audit   'ast-types': [ '0.15.2' ],
84 silly audit   'astral-regex': [ '1.0.0' ],
84 silly audit   async: [ '3.2.6' ],
84 silly audit   'async-function': [ '1.0.0' ],
84 silly audit   'async-limiter': [ '1.0.1' ],
84 silly audit   'async-mutex': [ '0.5.0' ],
84 silly audit   asynckit: [ '0.4.0' ],
84 silly audit   'at-least-node': [ '1.0.0' ],
84 silly audit   'available-typed-arrays': [ '1.0.7' ],
84 silly audit   axios: [ '1.13.2' ],
84 silly audit   'babel-core': [ '7.0.0-bridge.0' ],
84 silly audit   'babel-plugin-polyfill-corejs2': [ '0.4.14' ],
84 silly audit   'babel-plugin-polyfill-corejs3': [ '0.13.0' ],
84 silly audit   'babel-plugin-polyfill-regenerator': [ '0.6.5' ],
84 silly audit   'babel-plugin-react-native-web': [ '0.18.12' ],
84 silly audit   'babel-plugin-syntax-trailing-function-commas': [ '7.0.0-beta.0' ],
84 silly audit   'babel-plugin-transform-flow-enums': [ '0.0.2' ],
84 silly audit   'babel-preset-expo': [ '10.0.2' ],
84 silly audit   'babel-preset-fbjs': [ '3.4.0' ],
84 silly audit   'balanced-match': [ '1.0.2' ],
84 silly audit   'base64-js': [ '1.5.1' ],
84 silly audit   'baseline-browser-mapping': [ '2.9.15' ],
84 silly audit   'better-opn': [ '3.0.2' ],
84 silly audit   'big-integer': [ '1.6.52' ],
84 silly audit   'bignumber.js': [ '9.3.1' ],
84 silly audit   bl: [ '4.1.0' ],
84 silly audit   'readable-stream': [ '3.6.2', '2.3.8' ],
84 silly audit   'blueimp-md5': [ '2.19.0' ],
84 silly audit   'body-parser': [ '1.20.4' ],
84 silly audit   'http-errors': [ '2.0.1', '2.0.0' ],
84 silly audit   'on-finished': [ '2.4.1', '2.3.0' ],
84 silly audit   statuses: [ '2.0.2', '2.0.1', '1.5.0' ],
84 silly audit   'bplist-creator': [ '0.1.0' ],
84 silly audit   'bplist-parser': [ '0.3.2', '0.3.1' ],
84 silly audit   braces: [ '3.0.3' ],
84 silly audit   browserslist: [ '4.28.1' ],
84 silly audit   bser: [ '2.1.1' ],
84 silly audit   buffer: [ '5.7.1' ],
84 silly audit   'buffer-alloc': [ '1.2.0' ],
84 silly audit   'buffer-alloc-unsafe': [ '1.1.0' ],
84 silly audit   'buffer-equal-constant-time': [ '1.0.1' ],
84 silly audit   'buffer-fill': [ '1.0.0' ],
84 silly audit   'buffer-from': [ '1.1.2' ],
84 silly audit   bufrw: [ '1.4.0' ],
84 silly audit   builtins: [ '1.0.3' ],
84 silly audit   bytes: [ '3.1.2' ],
84 silly audit   cacache: [ '15.3.0' ],
84 silly audit   'call-bind': [ '1.0.8' ],
84 silly audit   'call-bind-apply-helpers': [ '1.0.2' ],
84 silly audit   'call-bound': [ '1.0.4' ],
84 silly audit   'caller-callsite': [ '2.0.0' ],
84 silly audit   'caller-path': [ '2.0.0' ],
84 silly audit   callsites: [ '2.0.0' ],
84 silly audit   camelcase: [ '6.3.0', '5.3.1' ],
84 silly audit   'caniuse-lite': [ '1.0.30001765' ],
84 silly audit   charenc: [ '0.0.2' ],
84 silly audit   chownr: [ '2.0.0' ],
84 silly audit   'chrome-launcher': [ '0.15.2' ],
84 silly audit   'chromium-edge-launcher': [ '1.0.0' ],
84 silly audit   'ci-info': [ '3.9.0', '2.0.0' ],
84 silly audit   'cjs-module-lexer': [ '1.4.3' ],
84 silly audit   'clean-stack': [ '2.2.0' ],
84 silly audit   'cli-spinners': [ '2.9.2' ],
84 silly audit   cliui: [ '8.0.1', '6.0.0' ],
84 silly audit   clone: [ '2.1.2', '1.0.4' ],
84 silly audit   'clone-deep': [ '4.0.1' ],
84 silly audit   'combined-stream': [ '1.0.8' ],
84 silly audit   'command-exists': [ '1.2.9' ],
84 silly audit   commondir: [ '1.0.1' ],
84 silly audit   'component-type': [ '1.2.2' ],
84 silly audit   compressible: [ '2.0.18' ],
84 silly audit   compression: [ '1.8.1' ],
84 silly audit   negotiator: [ '0.6.4', '0.6.3' ],
84 silly audit   'concat-map': [ '0.0.1' ],
84 silly audit   connect: [ '3.7.0' ],
84 silly audit   'content-disposition': [ '0.5.4' ],
84 silly audit   'content-type': [ '1.0.5' ],
84 silly audit   'convert-source-map': [ '2.0.0' ],
84 silly audit   cookie: [ '0.7.2' ],
84 silly audit   'cookie-signature': [ '1.0.7' ],
84 silly audit   'core-js-compat': [ '3.47.0' ],
84 silly audit   'core-util-is': [ '1.0.3' ],
84 silly audit   cors: [ '2.8.5' ],
84 silly audit   cosmiconfig: [ '5.2.1' ],
84 silly audit   'create-require': [ '1.1.1' ],
84 silly audit   'cross-fetch': [ '3.2.0' ],
84 silly audit   crypt: [ '0.0.2' ],
84 silly audit   'css-in-js-utils': [ '3.1.0' ],
84 silly audit   csstype: [ '3.2.3' ],
84 silly audit   'dag-map': [ '1.0.2' ],
84 silly audit   'data-uri-to-buffer': [ '4.0.1' ],
84 silly audit   'data-view-buffer': [ '1.0.2' ],
84 silly audit   'data-view-byte-length': [ '1.0.2' ],
84 silly audit   'data-view-byte-offset': [ '1.0.1' ],
84 silly audit   dayjs: [ '1.11.19' ],
84 silly audit   decamelize: [ '1.2.0' ],
84 silly audit   'deep-extend': [ '0.6.0' ],
84 silly audit   deepmerge: [ '4.3.1' ],
84 silly audit   'default-gateway': [ '4.2.0' ],
84 silly audit   defaults: [ '1.0.4' ],
84 silly audit   'define-data-property': [ '1.1.4' ],
84 silly audit   'define-lazy-prop': [ '2.0.0' ],
84 silly audit   'define-properties': [ '1.2.1' ],
84 silly audit   del: [ '6.1.1' ],
84 silly audit   'delayed-stream': [ '1.0.0' ],
84 silly audit   denodeify: [ '1.2.1' ],
84 silly audit   depd: [ '2.0.0' ],
84 silly audit   'deprecated-react-native-prop-types': [ '5.0.0' ],
84 silly audit   destroy: [ '1.2.0' ],
84 silly audit   'detect-libc': [ '1.0.3' ],
84 silly audit   diff: [ '4.0.4' ],
84 silly audit   'dir-glob': [ '3.0.1' ],
84 silly audit   'dot-prop': [ '6.0.1' ],
84 silly audit   'dotenv-expand': [ '11.0.7' ],
84 silly audit   dotprompt: [ '1.1.2' ],
84 silly audit   'dunder-proto': [ '1.0.1' ],
84 silly audit   duplexify: [ '4.1.3' ],
84 silly audit   eastasianwidth: [ '0.2.0' ],
84 silly audit   'ecdsa-sig-formatter': [ '1.0.11' ],
84 silly audit   'ee-first': [ '1.1.1' ],
84 silly audit   'electron-to-chromium': [ '1.5.267' ],
84 silly audit   enabled: [ '2.0.0' ],
84 silly audit   encodeurl: [ '1.0.2', '2.0.0' ],
84 silly audit   'end-of-stream': [ '1.4.5' ],
84 silly audit   'env-editor': [ '0.4.2' ],
84 silly audit   envinfo: [ '7.21.0' ],
84 silly audit   error: [ '7.0.2' ],
84 silly audit   'error-ex': [ '1.3.4' ],
84 silly audit   'error-stack-parser': [ '2.1.4' ],
84 silly audit   errorhandler: [ '1.5.2' ],
84 silly audit   'es-abstract': [ '1.24.1' ],
84 silly audit   'es-define-property': [ '1.0.1' ],
84 silly audit   'es-errors': [ '1.3.0' ],
84 silly audit   'es-object-atoms': [ '1.1.1' ],
84 silly audit   'es-set-tostringtag': [ '2.1.0' ],
84 silly audit   'es-to-primitive': [ '1.3.0' ],
84 silly audit   escalade: [ '3.2.0' ],
84 silly audit   'escape-html': [ '1.0.3' ],
84 silly audit   esprima: [ '4.0.1' ],
84 silly audit   esutils: [ '2.0.3' ],
84 silly audit   etag: [ '1.8.1' ],
84 silly audit   'event-target-shim': [ '5.0.1' ],
84 silly audit   eventid: [ '2.0.1' ],
84 silly audit   'exec-async': [ '2.2.0' ],
84 silly audit   expo: [ '50.0.21' ],
84 silly audit   'expo-asset': [ '9.0.2' ],
84 silly audit   'expo-av': [ '13.10.6' ],
84 silly audit   'expo-camera': [ '17.0.10' ],
84 silly audit   'expo-constants': [ '15.4.6' ],
84 silly audit   'expo-file-system': [ '16.0.9' ],
84 silly audit   'expo-font': [ '11.10.3' ],
84 silly audit   'expo-image-loader': [ '6.0.0' ],
84 silly audit   'expo-image-picker': [ '17.0.10' ],
84 silly audit   'expo-keep-awake': [ '12.8.2' ],
84 silly audit   'expo-modules-autolinking': [ '1.10.3' ],
84 silly audit   'expo-modules-core': [ '1.11.14' ],
84 silly audit   'expo-status-bar': [ '1.11.1' ],
84 silly audit   'exponential-backoff': [ '3.1.3' ],
84 silly audit   express: [ '4.22.1' ],
84 silly audit   finalhandler: [ '1.3.2', '1.1.2' ],
84 silly audit   mime: [ '1.6.0', '2.6.0' ],
84 silly audit   send: [ '0.19.2', '0.18.0' ],
84 silly audit   extend: [ '3.0.2' ],
84 silly audit   'fast-deep-equal': [ '3.1.3' ],
84 silly audit   'fast-glob': [ '3.3.3' ],
84 silly audit   'fast-loops': [ '1.1.4' ],
84 silly audit   'fast-uri': [ '3.1.0' ],
84 silly audit   'fast-xml-parser': [ '4.5.3' ],
84 silly audit   fastq: [ '1.20.1' ],
84 silly audit   'faye-websocket': [ '0.11.4' ],
84 silly audit   'fb-watchman': [ '2.0.2' ],
84 silly audit   fbemitter: [ '3.0.0' ],
84 silly audit   fbjs: [ '3.0.5' ],
84 silly audit   'fbjs-css-vars': [ '1.0.2' ],
84 silly audit   fecha: [ '4.2.3' ],
84 silly audit   'fetch-blob': [ '3.2.0' ],
84 silly audit   'fetch-retry': [ '4.1.1' ],
84 silly audit   'fill-range': [ '7.1.1' ],
84 silly audit   'find-cache-dir': [ '2.1.0' ],
84 silly audit   'find-yarn-workspace-root': [ '2.0.0' ],
84 silly audit   firebase: [ '12.8.0' ],
84 silly audit   'flow-enums-runtime': [ '0.0.6' ],
84 silly audit   'flow-parser': [ '0.206.0' ],
84 silly audit   'fn.name': [ '1.1.0' ],
84 silly audit   'follow-redirects': [ '1.15.11' ],
84 silly audit   fontfaceobserver: [ '2.3.0' ],
84 silly audit   'for-each': [ '0.3.5' ],
84 silly audit   'foreground-child': [ '3.3.1' ],
84 silly audit   'signal-exit': [ '4.1.0', '3.0.7' ],
84 silly audit   'formdata-polyfill': [ '4.0.10' ],
84 silly audit   forwarded: [ '0.2.0' ],
84 silly audit   'freeport-async': [ '2.0.0' ],
84 silly audit   fresh: [ '0.5.2' ],
84 silly audit   'fs-minipass': [ '2.1.0' ],
84 silly audit   'fs.realpath': [ '1.0.0' ],
84 silly audit   fsevents: [ '2.3.3' ],
84 silly audit   'function-bind': [ '1.1.2' ],
84 silly audit   'function.prototype.name': [ '1.1.8' ],
84 silly audit   'functions-have-names': [ '1.2.3' ],
84 silly audit   'generator-function': [ '2.0.1' ],
84 silly audit   genkit: [ '1.27.0' ],
84 silly audit   gensync: [ '1.0.0-beta.2' ],
84 silly audit   'get-caller-file': [ '2.0.5' ],
84 silly audit   'get-intrinsic': [ '1.3.0' ],
84 silly audit   'get-port': [ '5.1.1' ],
84 silly audit   'get-proto': [ '1.0.1' ],
84 silly audit   'get-symbol-description': [ '1.1.0' ],
84 silly audit   getenv: [ '1.0.0' ],
84 silly audit   'glob-parent': [ '5.1.2' ],
84 silly audit   globalthis: [ '1.0.4' ],
84 silly audit   globby: [ '11.1.0' ],
84 silly audit   googleapis: [ '137.1.0' ],
84 silly audit   'googleapis-common': [ '7.2.0' ],
84 silly audit   gopd: [ '1.2.0' ],
84 silly audit   'graceful-fs': [ '4.2.11' ],
84 silly audit   graphql: [ '15.8.0' ],
84 silly audit   'graphql-tag': [ '2.12.6' ],
84 silly audit   handlebars: [ '4.7.8' ],
84 silly audit   'source-map': [ '0.6.1', '0.5.7', '0.7.6' ],
84 silly audit   'has-bigints': [ '1.1.0' ],
84 silly audit   'has-property-descriptors': [ '1.0.2' ],
84 silly audit   'has-proto': [ '1.2.0' ],
84 silly audit   'has-symbols': [ '1.1.0' ],
84 silly audit   'has-tostringtag': [ '1.0.2' ],
84 silly audit   hasown: [ '2.0.2' ],
84 silly audit   'hermes-estree': [ '0.15.0', '0.23.1' ],
84 silly audit   'hermes-parser': [ '0.15.0', '0.23.1' ],
84 silly audit   'hermes-profile-transformer': [ '0.0.6' ],
84 silly audit   hexer: [ '1.5.0' ],
84 silly audit   'html-entities': [ '2.6.0' ],
84 silly audit   'http-parser-js': [ '0.5.10' ],
84 silly audit   'http-proxy-agent': [ '5.0.0' ],
84 silly audit   'human-signals': [ '2.1.0' ],
84 silly audit   'hyphenate-style-name': [ '1.1.0' ],
84 silly audit   'iconv-lite': [ '0.4.24' ],
84 silly audit   idb: [ '7.1.1' ],
84 silly audit   ieee754: [ '1.2.1' ],
84 silly audit   ignore: [ '5.3.2' ],
84 silly audit   'image-size': [ '1.2.1' ],
84 silly audit   'import-fresh': [ '2.0.0' ],
84 silly audit   'resolve-from': [ '3.0.0', '5.0.0' ],
84 silly audit   'import-in-the-middle': [ '1.15.0' ],
84 silly audit   imurmurhash: [ '0.1.4' ],
84 silly audit   'indent-string': [ '4.0.0' ],
84 silly audit   'infer-owner': [ '1.0.4' ],
84 silly audit   inflight: [ '1.0.6' ],
84 silly audit   inherits: [ '2.0.4' ],
84 silly audit   ini: [ '1.3.8' ],
84 silly audit   'inline-style-prefixer': [ '6.0.4' ],
84 silly audit   'internal-ip': [ '4.3.0' ],
84 silly audit   'internal-slot': [ '1.1.0' ],
84 silly audit   invariant: [ '2.2.4' ],
84 silly audit   ip: [ '1.1.9' ],
84 silly audit   'ip-regex': [ '2.1.0' ],
84 silly audit   'ipaddr.js': [ '1.9.1' ],
84 silly audit   'is-array-buffer': [ '3.0.5' ],
84 silly audit   'is-arrayish': [ '0.2.1' ],
84 silly audit   'is-async-function': [ '2.1.1' ],
84 silly audit   'is-bigint': [ '1.1.0' ],
84 silly audit   'is-boolean-object': [ '1.2.2' ],
84 silly audit   'is-buffer': [ '1.1.6' ],
84 silly audit   'is-callable': [ '1.2.7' ],
84 silly audit   'is-core-module': [ '2.16.1' ],
84 silly audit   'is-data-view': [ '1.0.2' ],
84 silly audit   'is-date-object': [ '1.1.0' ],
84 silly audit   'is-directory': [ '0.3.1' ],
84 silly audit   'is-docker': [ '2.2.1' ],
84 silly audit   'is-extglob': [ '2.1.1', '1.0.0' ],
84 silly audit   'is-finalizationregistry': [ '1.1.1' ],
84 silly audit   'is-fullwidth-code-point': [ '2.0.0', '3.0.0' ],
84 silly audit   'is-generator-function': [ '1.1.2' ],
84 silly audit   'is-glob': [ '4.0.3', '2.0.1' ],
84 silly audit   'is-interactive': [ '1.0.0' ],
84 silly audit   'is-invalid-path': [ '0.1.0' ],
84 silly audit   'is-map': [ '2.0.3' ],
84 silly audit   'is-negative-zero': [ '2.0.3' ],
84 silly audit   'is-number': [ '7.0.0' ],
84 silly audit   'is-number-object': [ '1.1.1' ],
84 silly audit   'is-obj': [ '2.0.0' ],
84 silly audit   'is-path-cwd': [ '2.2.0' ],
84 silly audit   'is-path-inside': [ '3.0.3' ],
84 silly audit   'is-plain-obj': [ '2.1.0' ],
84 silly audit   'is-plain-object': [ '2.0.4' ],
84 silly audit   'is-regex': [ '1.2.1' ],
84 silly audit   'is-set': [ '2.0.3' ],
84 silly audit   'is-shared-array-buffer': [ '1.0.4' ],
84 silly audit   'is-string': [ '1.1.1' ],
84 silly audit   'is-symbol': [ '1.1.1' ],
84 silly audit   'is-typed-array': [ '1.1.15' ],
84 silly audit   'is-unicode-supported': [ '0.1.0' ],
84 silly audit   'is-valid-path': [ '0.1.1' ],
84 silly audit   'is-weakmap': [ '2.0.2' ],
84 silly audit   'is-weakref': [ '1.1.1' ],
84 silly audit   'is-weakset': [ '2.0.4' ],
84 silly audit   isarray: [ '1.0.0', '2.0.5' ],
84 silly audit   isexe: [ '2.0.0' ],
84 silly audit   isobject: [ '3.0.1' ],
84 silly audit   jackspeak: [ '3.4.3' ],
84 silly audit   'jaeger-client': [ '3.19.0' ],
84 silly audit   'jest-environment-node': [ '29.7.0' ],
84 silly audit   'jest-get-type': [ '29.6.3' ],
84 silly audit   'jest-message-util': [ '29.7.0' ],
84 silly audit   'pretty-format': [ '29.7.0', '26.6.2' ],
84 silly audit   'jest-mock': [ '29.7.0' ],
84 silly audit   'jest-util': [ '29.7.0' ],
84 silly audit   'jest-validate': [ '29.7.0' ],
84 silly audit   'jest-worker': [ '29.7.0' ],
84 silly audit   'jimp-compact': [ '0.16.1' ],
84 silly audit   joi: [ '17.13.3' ],
84 silly audit   'join-component': [ '1.1.0' ],
84 silly audit   'js-tokens': [ '4.0.0' ],
84 silly audit   'jsc-android': [ '250231.0.0' ],
84 silly audit   'jsc-safe-url': [ '0.2.4' ],
84 silly audit   jscodeshift: [ '0.14.0' ],
84 silly audit   jsesc: [ '3.1.0' ],
84 silly audit   'json-bigint': [ '1.0.0' ],
84 silly audit   'json-parse-better-errors': [ '1.0.2' ],
84 silly audit   'json-schema': [ '0.4.0' ],
84 silly audit   'json-schema-deref-sync': [ '0.13.0' ],
84 silly audit   md5: [ '2.2.1', '2.3.0' ],
84 silly audit   'json-schema-traverse': [ '1.0.0' ],
84 silly audit   json5: [ '2.2.3' ],
84 silly audit   jwa: [ '2.0.1' ],
84 silly audit   jws: [ '4.0.1' ],
84 silly audit   'kind-of': [ '6.0.3' ],
84 silly audit   kleur: [ '3.0.3' ],
84 silly audit   kuler: [ '2.0.0' ],
84 silly audit   leven: [ '3.1.0' ],
84 silly audit   'lighthouse-logger': [ '1.4.2' ],
84 silly audit   lightningcss: [ '1.19.0' ],
84 silly audit   'lightningcss-darwin-arm64': [ '1.19.0' ],
84 silly audit   'lightningcss-darwin-x64': [ '1.19.0' ],
84 silly audit   'lightningcss-linux-arm-gnueabihf': [ '1.19.0' ],
84 silly audit   'lightningcss-linux-arm64-gnu': [ '1.19.0' ],
84 silly audit   'lightningcss-linux-arm64-musl': [ '1.19.0' ],
84 silly audit   'lightningcss-linux-x64-gnu': [ '1.19.0' ],
84 silly audit   'lightningcss-linux-x64-musl': [ '1.19.0' ],
84 silly audit   'lightningcss-win32-x64-msvc': [ '1.19.0' ],
84 silly audit   'lines-and-columns': [ '1.2.4' ],
84 silly audit   lodash: [ '4.17.21' ],
84 silly audit   'lodash.camelcase': [ '4.3.0' ],
84 silly audit   'lodash.debounce': [ '4.0.8' ],
84 silly audit   'lodash.mapvalues': [ '4.6.0' ],
84 silly audit   'lodash.merge': [ '4.6.2' ],
84 silly audit   'lodash.throttle': [ '4.1.1' ],
84 silly audit   logform: [ '2.7.0' ],
84 silly audit   logkitty: [ '0.7.1' ],
84 silly audit   y18n: [ '4.0.3', '5.0.8' ],
84 silly audit   yargs: [ '15.4.1', '17.7.2' ],
84 silly audit   'yargs-parser': [ '18.1.3', '21.1.1' ],
84 silly audit   long: [ '5.3.2', '2.4.0' ],
84 silly audit   'loose-envify': [ '1.4.0' ],
84 silly audit   'make-dir': [ '2.1.0' ],
84 silly audit   'make-error': [ '1.3.6' ],
84 silly audit   makeerror: [ '1.0.12' ],
84 silly audit   marky: [ '1.3.0' ],
84 silly audit   'math-intrinsics': [ '1.1.0' ],
84 silly audit   'md5-file': [ '3.2.3' ],
84 silly audit   md5hex: [ '1.0.0' ],
84 silly audit   'media-typer': [ '0.3.0' ],
84 silly audit   'memoize-one': [ '5.2.1', '6.0.0' ],
84 silly audit   'memory-cache': [ '0.2.0' ],
84 silly audit   'merge-descriptors': [ '1.0.3' ],
84 silly audit   'merge-options': [ '3.0.4' ],
84 silly audit   'merge-stream': [ '2.0.0' ],
84 silly audit   merge2: [ '1.4.1' ],
84 silly audit   methods: [ '1.1.2' ],
84 silly audit   metro: [ '0.80.12' ],
84 silly audit   'metro-babel-transformer': [ '0.80.12' ],
84 silly audit   'metro-cache': [ '0.80.12' ],
84 silly audit   'metro-cache-key': [ '0.80.12' ],
84 silly audit   'metro-config': [ '0.80.12' ],
84 silly audit   'metro-core': [ '0.80.12' ],
84 silly audit   'metro-file-map': [ '0.80.12' ],
84 silly audit   'metro-minify-terser': [ '0.80.12' ],
84 silly audit   'metro-resolver': [ '0.80.12' ],
84 silly audit   'metro-runtime': [ '0.80.12' ],
84 silly audit   'metro-source-map': [ '0.80.12' ],
84 silly audit   'metro-symbolicate': [ '0.80.12' ],
84 silly audit   'metro-transform-plugins': [ '0.80.12' ],
84 silly audit   'metro-transform-worker': [ '0.80.12' ],
84 silly audit   micromatch: [ '4.0.8' ],
84 silly audit   'mime-db': [ '1.52.0' ],
84 silly audit   'mime-types': [ '2.1.35' ],
84 silly audit   minimist: [ '1.2.8' ],
84 silly audit   'minipass-collect': [ '1.0.2' ],
84 silly audit   'minipass-flush': [ '1.0.5' ],
84 silly audit   'minipass-pipeline': [ '1.2.4' ],
84 silly audit   minizlib: [ '2.1.2' ],
84 silly audit   'module-details-from-path': [ '1.0.4' ],
84 silly audit   mz: [ '2.7.0' ],
84 silly audit   nanoid: [ '3.3.11' ],
84 silly audit   'neo-async': [ '2.6.2' ],
84 silly audit   'nested-error-stacks': [ '2.0.1' ],
84 silly audit   'nice-try': [ '1.0.5' ],
84 silly audit   nocache: [ '3.0.4' ],
84 silly audit   'node-abort-controller': [ '3.1.1' ],
84 silly audit   'node-dir': [ '0.1.17' ],
84 silly audit   'node-domexception': [ '1.0.0' ],
84 silly audit   'node-forge': [ '1.3.3' ],
84 silly audit   'node-int64': [ '0.4.0' ],
84 silly audit   'node-releases': [ '2.0.27' ],
84 silly audit   'node-stream-zip': [ '1.15.0' ],
84 silly audit   'normalize-path': [ '3.0.0' ],
84 silly audit   nullthrows: [ '1.1.1' ],
84 silly audit   ob1: [ '0.80.12' ],
84 silly audit   'object-assign': [ '4.1.1' ],
84 silly audit   'object-hash': [ '3.0.0' ],
84 silly audit   'object-inspect': [ '1.13.4' ],
84 silly audit   'object-keys': [ '1.1.1' ],
84 silly audit   'object.assign': [ '4.1.7' ],
84 silly audit   'on-headers': [ '1.1.0' ],
84 silly audit   once: [ '1.4.0' ],
84 silly audit   'one-time': [ '1.0.0' ],
84 silly audit   opentracing: [ '0.14.7' ],
84 silly audit   'os-homedir': [ '1.0.2' ],
84 silly audit   'os-tmpdir': [ '1.0.2' ],
84 silly audit   osenv: [ '0.1.5' ],
84 silly audit   'own-keys': [ '1.0.1' ],
84 silly audit   'p-finally': [ '1.0.0' ],
84 silly audit   'p-map': [ '4.0.0' ],
84 silly audit   'p-try': [ '2.2.0' ],
84 silly audit   'package-json-from-dist': [ '1.0.1' ],
84 silly audit   'parse-json': [ '4.0.0' ],
84 silly audit   'parse-png': [ '2.1.0' ],
84 silly audit   parseurl: [ '1.3.3' ],
84 silly audit   'partial-json': [ '0.1.7' ],
84 silly audit   'path-exists': [ '4.0.0', '3.0.0' ],
84 silly audit   'path-is-absolute': [ '1.0.1' ],
84 silly audit   'path-parse': [ '1.0.7' ],
84 silly audit   'path-scurry': [ '1.11.1' ],
84 silly audit   'path-to-regexp': [ '0.1.12' ],
84 silly audit   'path-type': [ '4.0.0' ],
84 silly audit   'pg-int8': [ '1.0.1' ],
84 silly audit   'pg-protocol': [ '1.11.0' ],
84 silly audit   'pg-types': [ '2.2.0' ],
84 silly audit   picocolors: [ '1.1.1' ],
84 silly audit   pify: [ '4.0.1' ],
84 silly audit   pirates: [ '4.0.7' ],
84 silly audit   'pkg-dir': [ '3.0.0' ],
84 silly audit   plist: [ '3.1.0' ],
84 silly audit   xmlbuilder: [ '15.1.1', '11.0.1', '14.0.0' ],
84 silly audit   pngjs: [ '3.4.0' ],
84 silly audit   'possible-typed-array-names': [ '1.1.0' ],
84 silly audit   postcss: [ '8.4.49' ],
84 silly audit   'postcss-value-parser': [ '4.2.0' ],
84 silly audit   'postgres-array': [ '2.0.0' ],
84 silly audit   'postgres-bytea': [ '1.0.1' ],
84 silly audit   'postgres-date': [ '1.0.7' ],
84 silly audit   'postgres-interval': [ '1.2.0' ],
84 silly audit   'pretty-bytes': [ '5.6.0' ],
84 silly audit   'proc-log': [ '4.2.0' ],
84 silly audit   process: [ '0.10.1' ],
84 silly audit   'process-nextick-args': [ '2.0.1' ],
84 silly audit   progress: [ '2.0.3' ],
84 silly audit   promise: [ '7.3.1', '8.3.0' ],
84 silly audit   'promise-inflight': [ '1.0.1' ],
84 silly audit   prompts: [ '2.4.2' ],
84 silly audit   'prop-types': [ '15.8.1' ],
84 silly audit   protobufjs: [ '7.5.4' ],
84 silly audit   'proxy-addr': [ '2.0.7' ],
84 silly audit   'proxy-from-env': [ '1.1.0' ],
84 silly audit   pump: [ '3.0.3' ],
84 silly audit   pumpify: [ '2.0.1' ],
84 silly audit   punycode: [ '2.3.1' ],
84 silly audit   'qrcode-terminal': [ '0.11.0' ],
84 silly audit   qs: [ '6.14.1' ],
84 silly audit   queue: [ '6.0.2' ],
84 silly audit   'queue-microtask': [ '1.2.3' ],
84 silly audit   'range-parser': [ '1.2.1' ],
84 silly audit   'raw-body': [ '2.5.3' ],
84 silly audit   rc: [ '1.2.8' ],
84 silly audit   react: [ '18.2.0' ],
84 silly audit   'react-devtools-core': [ '4.28.5' ],
84 silly audit   'react-dom': [ '18.2.0' ],
84 silly audit   'react-freeze': [ '1.0.4' ],
84 silly audit   'react-native': [ '0.73.2' ],
84 silly audit   'react-native-safe-area-context': [ '4.8.2' ],
84 silly audit   'react-native-screens': [ '3.29.0' ],
84 silly audit   'react-native-web': [ '0.19.13' ],
84 silly audit   scheduler: [ '0.24.0-canary-efb381bbf-20230505', '0.23.2' ],
84 silly audit   'react-refresh': [ '0.14.0' ],
84 silly audit   'react-shallow-renderer': [ '16.15.0' ],
84 silly audit   'safe-buffer': [ '5.1.2', '5.2.1' ],
84 silly audit   readline: [ '1.3.0' ],
84 silly audit   recast: [ '0.21.5' ],
84 silly audit   'reflect.getprototypeof': [ '1.0.10' ],
84 silly audit   regenerate: [ '1.4.2' ],
84 silly audit   'regenerate-unicode-properties': [ '10.2.2' ],
84 silly audit   'regenerator-runtime': [ '0.13.11' ],
84 silly audit   'regexp.prototype.flags': [ '1.5.4' ],
84 silly audit   'regexpu-core': [ '6.4.0' ],
84 silly audit   regjsgen: [ '0.8.0' ],
84 silly audit   regjsparser: [ '0.13.0' ],
84 silly audit   'remove-trailing-slash': [ '0.1.1' ],
84 silly audit   'require-directory': [ '2.1.1' ],
84 silly audit   'require-from-string': [ '2.0.2' ],
84 silly audit   'require-in-the-middle': [ '7.5.2' ],
84 silly audit   'require-main-filename': [ '2.0.0' ],
84 silly audit   requireg: [ '0.2.2' ],
84 silly audit   resolve: [ '1.7.1', '1.22.11' ],
84 silly audit   'resolve-workspace-root': [ '2.0.1' ],
84 silly audit   'resolve.exports': [ '2.0.3' ],
84 silly audit   reusify: [ '1.1.0' ],
84 silly audit   'run-parallel': [ '1.2.0' ],
84 silly audit   'safe-array-concat': [ '1.1.3' ],
84 silly audit   'safe-push-apply': [ '1.0.0' ],
84 silly audit   'safe-regex-test': [ '1.1.0' ],
84 silly audit   'safe-stable-stringify': [ '2.5.0' ],
84 silly audit   'safer-buffer': [ '2.1.2' ],
84 silly audit   sax: [ '1.4.4' ],
84 silly audit   'serialize-error': [ '2.1.0' ],
84 silly audit   'serve-static': [ '1.16.3' ],
84 silly audit   'set-blocking': [ '2.0.0' ],
84 silly audit   'set-function-length': [ '1.2.2' ],
84 silly audit   'set-function-name': [ '2.0.2' ],
84 silly audit   'set-proto': [ '1.0.0' ],
84 silly audit   setimmediate: [ '1.0.5' ],
84 silly audit   setprototypeof: [ '1.2.0' ],
84 silly audit   'shallow-clone': [ '3.0.1' ],
84 silly audit   'shell-quote': [ '1.8.3' ],
84 silly audit   shimmer: [ '1.2.1' ],
84 silly audit   'side-channel': [ '1.1.0' ],
84 silly audit   'side-channel-list': [ '1.0.0' ],
84 silly audit   'side-channel-map': [ '1.0.1' ],
84 silly audit   'side-channel-weakmap': [ '1.0.2' ],
84 silly audit   'simple-plist': [ '1.3.1' ],
84 silly audit   sisteransi: [ '1.0.5' ],
84 silly audit   slash: [ '3.0.0' ],
84 silly audit   'slice-ansi': [ '2.1.0' ],
84 silly audit   slugify: [ '1.6.6' ],
84 silly audit   'source-map-js': [ '1.2.1' ],
84 silly audit   'source-map-support': [ '0.5.21' ],
84 silly audit   'sprintf-js': [ '1.0.3' ],
84 silly audit   ssri: [ '8.0.1' ],
84 silly audit   'stack-trace': [ '0.0.10' ],
84 silly audit   'stack-utils': [ '2.0.6' ],
84 silly audit   stackframe: [ '1.3.4' ],
84 silly audit   'stacktrace-parser': [ '0.1.11' ],
84 silly audit   'stop-iteration-iterator': [ '1.1.0' ],
84 silly audit   'stream-buffers': [ '2.2.0' ],
84 silly audit   'stream-events': [ '1.0.5' ],
84 silly audit   'stream-shift': [ '1.0.3' ],
84 silly audit   string_decoder: [ '1.1.1' ],
84 silly audit   'string-template': [ '0.2.1' ],
84 silly audit   'string.prototype.trim': [ '1.2.10' ],
84 silly audit   'string.prototype.trimend': [ '1.0.9' ],
84 silly audit   'string.prototype.trimstart': [ '1.0.8' ],
84 silly audit   'strip-eof': [ '1.0.0' ],
84 silly audit   'strip-final-newline': [ '2.0.0' ],
84 silly audit   'strip-json-comments': [ '2.0.1' ],
84 silly audit   strnum: [ '1.1.2' ],
84 silly audit   'structured-headers': [ '0.4.1' ],
84 silly audit   stubs: [ '3.0.0' ],
84 silly audit   styleq: [ '0.1.3' ],
84 silly audit   sucrase: [ '3.34.0' ],
84 silly audit   'sudo-prompt': [ '9.2.1' ],
84 silly audit   'supports-hyperlinks': [ '2.3.0' ],
84 silly audit   'supports-preserve-symlinks-flag': [ '1.0.0' ],
84 silly audit   tar: [ '6.2.1' ],
84 silly audit   temp: [ '0.8.4' ],
84 silly audit   'terminal-link': [ '2.1.1' ],
84 silly audit   terser: [ '5.46.0' ],
84 silly audit   'text-hex': [ '1.0.0' ],
84 silly audit   'text-table': [ '0.2.0' ],
84 silly audit   thenify: [ '3.3.1' ],
84 silly audit   'thenify-all': [ '1.6.0' ],
84 silly audit   thriftrw: [ '3.11.4' ],
84 silly audit   throat: [ '5.0.0' ],
84 silly audit   through2: [ '2.0.5' ],
84 silly audit   tmpl: [ '1.0.5' ],
84 silly audit   'to-regex-range': [ '5.0.1' ],
84 silly audit   toidentifier: [ '1.0.1' ],
84 silly audit   tr46: [ '0.0.3' ],
84 silly audit   traverse: [ '0.6.11' ],
84 silly audit   'triple-beam': [ '1.4.1' ],
84 silly audit   'ts-interface-checker': [ '0.1.13' ],
84 silly audit   'ts-node': [ '10.9.2' ],
84 silly audit   tslib: [ '2.8.1' ],
84 silly audit   'type-detect': [ '4.0.8' ],
84 silly audit   'type-is': [ '1.6.18' ],
84 silly audit   'typed-array-buffer': [ '1.0.3' ],
84 silly audit   'typed-array-byte-length': [ '1.0.3' ],
84 silly audit   'typed-array-byte-offset': [ '1.0.4' ],
84 silly audit   'typed-array-length': [ '1.0.7' ],
84 silly audit   'typedarray.prototype.slice': [ '1.0.5' ],
84 silly audit   typescript: [ '5.9.3' ],
84 silly audit   'ua-parser-js': [ '1.0.41' ],
84 silly audit   'uglify-js': [ '3.19.3' ],
84 silly audit   'unbox-primitive': [ '1.1.0' ],
84 silly audit   'unicode-canonical-property-names-ecmascript': [ '2.0.1' ],
84 silly audit   'unicode-match-property-ecmascript': [ '2.0.0' ],
84 silly audit   'unicode-match-property-value-ecmascript': [ '2.2.1' ],
84 silly audit   'unicode-property-aliases-ecmascript': [ '2.2.0' ],
84 silly audit   'unique-filename': [ '1.1.1' ],
84 silly audit   'unique-slug': [ '2.0.2' ],
84 silly audit   unpipe: [ '1.0.0' ],
84 silly audit   'update-browserslist-db': [ '1.2.3' ],
84 silly audit   'uri-templates': [ '0.2.0' ],
84 silly audit   'url-join': [ '4.0.0' ],
84 silly audit   'url-template': [ '2.0.8' ],
84 silly audit   'util-deprecate': [ '1.0.2' ],
84 silly audit   'utils-merge': [ '1.0.1' ],
84 silly audit   'v8-compile-cache-lib': [ '3.0.1' ],
84 silly audit   'valid-url': [ '1.0.9' ],
84 silly audit   vary: [ '1.1.2' ],
84 silly audit   vlq: [ '1.0.1' ],
84 silly audit   walker: [ '1.0.8' ],
84 silly audit   'warn-once': [ '0.1.1' ],
84 silly audit   wcwidth: [ '1.0.1' ],
84 silly audit   'web-streams-polyfill': [ '3.3.3' ],
84 silly audit   'web-vitals': [ '4.2.4' ],
84 silly audit   'webidl-conversions': [ '3.0.1', '5.0.0' ],
84 silly audit   'websocket-driver': [ '0.7.4' ],
84 silly audit   'websocket-extensions': [ '0.1.4' ],
84 silly audit   'whatwg-fetch': [ '3.6.20' ],
84 silly audit   'whatwg-url': [ '5.0.0' ],
84 silly audit   'whatwg-url-without-unicode': [ '8.0.0-3' ],
84 silly audit   'which-boxed-primitive': [ '1.1.1' ],
84 silly audit   'which-builtin-type': [ '1.2.1' ],
84 silly audit   'which-collection': [ '1.0.2' ],
84 silly audit   'which-module': [ '2.0.1' ],
84 silly audit   'which-typed-array': [ '1.1.20' ],
84 silly audit   winston: [ '3.19.0' ],
84 silly audit   'winston-transport': [ '4.9.0' ],
84 silly audit   wonka: [ '4.0.15' ],
84 silly audit   wordwrap: [ '1.0.0' ],
84 silly audit   wrappy: [ '1.0.2' ],
84 silly audit   'write-file-atomic': [ '2.4.3' ],
84 silly audit   xcode: [ '3.0.1' ],
84 silly audit   xml2js: [ '0.6.0' ],
84 silly audit   xorshift: [ '1.2.0' ],
84 silly audit   xtend: [ '4.0.2' ],
84 silly audit   yaml: [ '2.8.2' ],
84 silly audit   yn: [ '3.1.1' ],
84 silly audit   'yocto-queue': [ '0.1.0' ],
84 silly audit   zod: [ '3.25.76' ],
84 silly audit   'zod-to-json-schema': [ '3.25.1' ],
84 silly audit   '@react-navigation/native': [ '6.1.18' ],
84 silly audit   '@react-navigation/native-stack': [ '6.11.0' ],
84 silly audit   '@react-navigation/core': [ '6.4.17' ],
84 silly audit   '@react-navigation/routers': [ '6.1.9' ],
84 silly audit   'query-string': [ '7.1.3' ],
84 silly audit   'use-latest-callback': [ '0.2.6' ],
84 silly audit   '@react-navigation/elements': [ '1.3.31' ],
84 silly audit   'decode-uri-component': [ '0.2.2' ],
84 silly audit   'filter-obj': [ '1.1.0' ],
84 silly audit   'split-on-first': [ '1.1.0' ],
84 silly audit   'strict-uri-encode': [ '2.0.0' ]
84 silly audit }
85 verbose reify failed optional dependency /Users/nag/Desktop/agrisarathi trae/frontend/node_modules/lightningcss-win32-x64-msvc
86 silly reify mark deleted [
86 silly reify   '/Users/nag/Desktop/agrisarathi trae/frontend/node_modules/lightningcss-win32-x64-msvc'
86 silly reify ]
87 verbose reify failed optional dependency /Users/nag/Desktop/agrisarathi trae/frontend/node_modules/lightningcss-linux-x64-musl
88 silly reify mark deleted [
88 silly reify   '/Users/nag/Desktop/agrisarathi trae/frontend/node_modules/lightningcss-linux-x64-musl'
88 silly reify ]
89 verbose reify failed optional dependency /Users/nag/Desktop/agrisarathi trae/frontend/node_modules/lightningcss-linux-x64-gnu
90 silly reify mark deleted [
90 silly reify   '/Users/nag/Desktop/agrisarathi trae/frontend/node_modules/lightningcss-linux-x64-gnu'
90 silly reify ]
91 verbose reify failed optional dependency /Users/nag/Desktop/agrisarathi trae/frontend/node_modules/lightningcss-linux-arm64-musl
92 silly reify mark deleted [
92 silly reify   '/Users/nag/Desktop/agrisarathi trae/frontend/node_modules/lightningcss-linux-arm64-musl'
92 silly reify ]
93 verbose reify failed optional dependency /Users/nag/Desktop/agrisarathi trae/frontend/node_modules/lightningcss-linux-arm64-gnu
94 silly reify mark deleted [
94 silly reify   '/Users/nag/Desktop/agrisarathi trae/frontend/node_modules/lightningcss-linux-arm64-gnu'
94 silly reify ]
95 verbose reify failed optional dependency /Users/nag/Desktop/agrisarathi trae/frontend/node_modules/lightningcss-linux-arm-gnueabihf
96 silly reify mark deleted [
96 silly reify   '/Users/nag/Desktop/agrisarathi trae/frontend/node_modules/lightningcss-linux-arm-gnueabihf'
96 silly reify ]
97 verbose reify failed optional dependency /Users/nag/Desktop/agrisarathi trae/frontend/node_modules/lightningcss-darwin-x64
98 silly reify mark deleted [
98 silly reify   '/Users/nag/Desktop/agrisarathi trae/frontend/node_modules/lightningcss-darwin-x64'
98 silly reify ]
99 http cache @react-navigation/native-stack@https://registry.npmjs.org/@react-navigation/native-stack/-/native-stack-6.11.0.tgz 0ms (cache hit)
100 http cache @react-navigation/routers@https://registry.npmjs.org/@react-navigation/routers/-/routers-6.1.9.tgz 0ms (cache hit)
101 http cache @react-navigation/core@https://registry.npmjs.org/@react-navigation/core/-/core-6.4.17.tgz 0ms (cache hit)
102 http cache @react-navigation/native@https://registry.npmjs.org/@react-navigation/native/-/native-6.1.18.tgz 0ms (cache hit)
103 http cache react-is@https://registry.npmjs.org/react-is/-/react-is-16.13.1.tgz 0ms (cache hit)
104 http cache @react-navigation/elements@https://registry.npmjs.org/@react-navigation/elements/-/elements-1.3.31.tgz 0ms (cache hit)
105 silly tarball no local data for @react-navigation/native-stack@https://registry.npmjs.org/@react-navigation/native-stack/-/native-stack-6.11.0.tgz. Extracting by manifest.
106 silly tarball no local data for @react-navigation/routers@https://registry.npmjs.org/@react-navigation/routers/-/routers-6.1.9.tgz. Extracting by manifest.
107 silly tarball no local data for @react-navigation/core@https://registry.npmjs.org/@react-navigation/core/-/core-6.4.17.tgz. Extracting by manifest.
108 silly tarball no local data for @react-navigation/native@https://registry.npmjs.org/@react-navigation/native/-/native-6.1.18.tgz. Extracting by manifest.
109 silly tarball no local data for @react-navigation/elements@https://registry.npmjs.org/@react-navigation/elements/-/elements-1.3.31.tgz. Extracting by manifest.
110 http fetch GET 200 https://registry.npmjs.org/@react-navigation/native/-/native-6.1.18.tgz 428ms (cache miss)
111 http fetch POST 200 https://registry.npmjs.org/-/npm/v1/security/advisories/bulk 718ms
112 silly audit report {
112 silly audit report   semver: [
112 silly audit report     {
112 silly audit report       id: 1101088,
112 silly audit report       url: 'https://github.com/advisories/GHSA-c2qf-rxjj-qqgw',
112 silly audit report       title: 'semver vulnerable to Regular Expression Denial of Service',
112 silly audit report       severity: 'high',
112 silly audit report       vulnerable_versions: '>=7.0.0 <7.5.2',
112 silly audit report       cwe: [Array],
112 silly audit report       cvss: [Object]
112 silly audit report     }
112 silly audit report   ],
112 silly audit report   send: [
112 silly audit report     {
112 silly audit report       id: 1109556,
112 silly audit report       url: 'https://github.com/advisories/GHSA-m6fv-jmcg-4jfg',
112 silly audit report       title: 'send vulnerable to template injection that can lead to XSS',
112 silly audit report       severity: 'low',
112 silly audit report       vulnerable_versions: '<0.19.0',
112 silly audit report       cwe: [Array],
112 silly audit report       cvss: [Object]
112 silly audit report     }
112 silly audit report   ],
112 silly audit report   ip: [
112 silly audit report     {
112 silly audit report       id: 1101851,
112 silly audit report       url: 'https://github.com/advisories/GHSA-2p57-rm9w-gvfp',
112 silly audit report       title: 'ip SSRF improper categorization in isPublic',
112 silly audit report       severity: 'high',
112 silly audit report       vulnerable_versions: '<=2.0.1',
112 silly audit report       cwe: [Array],
112 silly audit report       cvss: [Object]
112 silly audit report     }
112 silly audit report   ],
112 silly audit report   tar: [
112 silly audit report     {
112 silly audit report       id: 1112255,
112 silly audit report       url: 'https://github.com/advisories/GHSA-8qq5-rm4j-mr97',
112 silly audit report       title: 'node-tar is Vulnerable to Arbitrary File Overwrite and Symlink Poisoning via Insufficient Path Sanitization',
112 silly audit report       severity: 'high',
112 silly audit report       vulnerable_versions: '<=7.5.2',
112 silly audit report       cwe: [Array],
112 silly audit report       cvss: [Object]
112 silly audit report     },
112 silly audit report     {
112 silly audit report       id: 1112329,
112 silly audit report       url: 'https://github.com/advisories/GHSA-r6q2-hw4h-h46w',
112 silly audit report       title: 'Race Condition in node-tar Path Reservations via Unicode Ligature Collisions on macOS APFS',
112 silly audit report       severity: 'high',
112 silly audit report       vulnerable_versions: '<=7.5.3',
112 silly audit report       cwe: [Array],
112 silly audit report       cvss: [Object]
112 silly audit report     }
112 silly audit report   ]
112 silly audit report }
113 silly packumentCache corgi:https://registry.npmjs.org/semver cache-miss
114 silly packumentCache corgi:https://registry.npmjs.org/send cache-miss
115 silly packumentCache corgi:https://registry.npmjs.org/ip cache-miss
116 silly packumentCache corgi:https://registry.npmjs.org/tar cache-miss
117 http cache https://registry.npmjs.org/tar 8ms (cache hit)
118 silly packumentCache corgi:https://registry.npmjs.org/tar set size:191940 disposed:false
119 http cache https://registry.npmjs.org/semver 10ms (cache hit)
120 silly packumentCache corgi:https://registry.npmjs.org/semver set size:95618 disposed:false
121 http cache https://registry.npmjs.org/send 10ms (cache hit)
122 silly packumentCache corgi:https://registry.npmjs.org/send set size:63171 disposed:false
123 http cache https://registry.npmjs.org/ip 10ms (cache hit)
124 silly packumentCache corgi:https://registry.npmjs.org/ip set size:17316 disposed:false
125 silly packumentCache corgi:https://registry.npmjs.org/@expo%2fimage-utils cache-miss
126 http cache https://registry.npmjs.org/@expo%2fimage-utils 5ms (cache hit)
127 silly packumentCache corgi:https://registry.npmjs.org/@expo%2fimage-utils set size:225090 disposed:false
128 silly packumentCache corgi:https://registry.npmjs.org/@expo%2fcli cache-miss
129 http fetch GET 200 https://registry.npmjs.org/@react-navigation/routers/-/routers-6.1.9.tgz 729ms (cache miss)
130 http cache https://registry.npmjs.org/@expo%2fcli 9ms (cache hit)
131 silly packumentCache corgi:https://registry.npmjs.org/@expo%2fcli set size:1328750 disposed:false
132 silly packumentCache corgi:https://registry.npmjs.org/@react-native-community%2fcli-doctor cache-miss
133 silly packumentCache corgi:https://registry.npmjs.org/@react-native-community%2fcli-hermes cache-miss
134 http fetch GET 200 https://registry.npmjs.org/@react-navigation/core/-/core-6.4.17.tgz 738ms (cache miss)
135 http cache https://registry.npmjs.org/@react-native-community%2fcli-doctor 5ms (cache hit)
136 silly packumentCache corgi:https://registry.npmjs.org/@react-native-community%2fcli-doctor set size:254833 disposed:false
137 http cache https://registry.npmjs.org/@react-native-community%2fcli-hermes 7ms (cache hit)
138 silly packumentCache corgi:https://registry.npmjs.org/@react-native-community%2fcli-hermes set size:162123 disposed:false
139 silly packumentCache corgi:https://registry.npmjs.org/cacache cache-miss
140 http cache https://registry.npmjs.org/cacache 5ms (cache hit)
141 silly packumentCache corgi:https://registry.npmjs.org/cacache set size:155668 disposed:false
142 silly packumentCache corgi:https://registry.npmjs.org/@expo%2fprebuild-config cache-miss
143 http cache https://registry.npmjs.org/@expo%2fprebuild-config 6ms (cache hit)
144 silly packumentCache corgi:https://registry.npmjs.org/@expo%2fprebuild-config set size:314617 disposed:false
145 silly packumentCache corgi:https://registry.npmjs.org/expo cache-miss
146 http cache https://registry.npmjs.org/expo 9ms (cache hit)
147 silly packumentCache corgi:https://registry.npmjs.org/expo set size:1566086 disposed:false
148 silly packumentCache corgi:https://registry.npmjs.org/@react-native-community%2fcli cache-miss
149 http cache https://registry.npmjs.org/@react-native-community%2fcli 3ms (cache hit)
150 silly packumentCache corgi:https://registry.npmjs.org/@react-native-community%2fcli set size:702040 disposed:false
151 silly packumentCache corgi:https://registry.npmjs.org/react-native cache-miss
152 http cache https://registry.npmjs.org/react-native 11ms (cache hit)
153 silly packumentCache corgi:https://registry.npmjs.org/react-native set size:6767488 disposed:false
154 http fetch GET 200 https://registry.npmjs.org/@react-navigation/elements/-/elements-1.3.31.tgz 839ms (cache miss)
155 http fetch GET 200 https://registry.npmjs.org/@react-navigation/native-stack/-/native-stack-6.11.0.tgz 1263ms (cache miss)
156 silly ADD
157 silly ADD
158 silly ADD
159 silly ADD
160 silly ADD
161 silly ADD
162 silly ADD
163 silly CHANGE node_modules/@react-navigation/native-stack
164 silly REMOVE node_modules/@react-navigation/native-stack/node_modules/color
165 silly REMOVE node_modules/@react-navigation/native-stack/node_modules/color-string
166 silly CHANGE node_modules/@react-navigation/routers
167 silly CHANGE node_modules/@react-navigation/native
168 silly CHANGE node_modules/@react-navigation/elements
169 silly REMOVE node_modules/@react-navigation/elements/node_modules/color-string
170 silly REMOVE node_modules/@react-navigation/elements/node_modules/color
171 silly CHANGE node_modules/@react-navigation/core
172 silly CHANGE node_modules/@react-navigation/core/node_modules/react-is
173 silly REMOVE node_modules/use-sync-external-store
174 silly REMOVE node_modules/simple-swizzle
175 silly REMOVE node_modules/simple-swizzle/node_modules/is-arrayish
176 silly REMOVE node_modules/sf-symbols-typescript
177 verbose cwd /Users/nag/Desktop/agrisarathi trae/frontend
178 verbose os Darwin 25.2.0
179 verbose node v22.20.0
180 verbose npm  v10.9.3
181 verbose exit 0
182 info ok
