0 verbose cli /usr/local/bin/node /usr/local/bin/npm
1 info using npm@10.9.3
2 info using node@v22.20.0
3 silly config load:file:/usr/local/lib/node_modules/npm/npmrc
4 silly config load:file:/Users/nag/Desktop/agrisarathi trae/frontend/.npmrc
5 silly config load:file:/Users/nag/.npmrc
6 silly config load:file:/usr/local/etc/npmrc
7 verbose title npm install @react-navigation/native @react-navigation/native-stack
8 verbose argv "install" "@react-navigation/native" "@react-navigation/native-stack" "--legacy-peer-deps" "--cache" ".npm-cache"
9 verbose logfile logs-max:10 dir:/Users/nag/Desktop/agrisarathi trae/frontend/.npm-cache/_logs/2026-01-21T03_58_16_623Z-
10 verbose logfile /Users/nag/Desktop/agrisarathi trae/frontend/.npm-cache/_logs/2026-01-21T03_58_16_623Z-debug-0.log
11 silly logfile done cleaning log files
12 silly packumentCache heap:4345298944 maxSize:1086324736 maxEntrySize:543162368
13 silly idealTree buildDeps
14 silly fetch manifest @react-navigation/native@*
15 silly packumentCache full:https://registry.npmjs.org/@react-navigation%2fnative cache-miss
16 http fetch GET 200 https://registry.npmjs.org/@react-navigation%2fnative 1166ms (cache miss)
17 silly packumentCache full:https://registry.npmjs.org/@react-navigation%2fnative set size:undefined disposed:false
18 silly fetch manifest @react-navigation/native-stack@*
19 silly packumentCache full:https://registry.npmjs.org/@react-navigation%2fnative-stack cache-miss
20 http fetch GET 200 https://registry.npmjs.org/@react-navigation%2fnative-stack 303ms (cache miss)
21 silly packumentCache full:https://registry.npmjs.org/@react-navigation%2fnative-stack set size:undefined disposed:false
22 silly placeDep ROOT @react-navigation/native@7.1.28 OK for: agrisarathi-frontend@1.0.0 want: *
23 silly placeDep ROOT @react-navigation/native-stack@7.10.1 OK for: agrisarathi-frontend@1.0.0 want: *
24 silly fetch manifest use-latest-callback@^0.2.4
25 silly packumentCache full:https://registry.npmjs.org/use-latest-callback cache-miss
26 silly fetch manifest @react-navigation/core@^7.14.0
27 silly packumentCache full:https://registry.npmjs.org/@react-navigation%2fcore cache-miss
28 silly fetch manifest color@^4.2.3
29 silly packumentCache full:https://registry.npmjs.org/color cache-miss
30 silly fetch manifest sf-symbols-typescript@^2.1.0
31 silly packumentCache full:https://registry.npmjs.org/sf-symbols-typescript cache-miss
32 silly fetch manifest @react-navigation/elements@^2.9.5
33 silly packumentCache full:https://registry.npmjs.org/@react-navigation%2felements cache-miss
34 http fetch GET 200 https://registry.npmjs.org/use-latest-callback 288ms (cache miss)
35 silly packumentCache full:https://registry.npmjs.org/use-latest-callback set size:undefined disposed:false
36 http fetch GET 200 https://registry.npmjs.org/color 751ms (cache revalidated)
37 silly packumentCache full:https://registry.npmjs.org/color set size:98234 disposed:false
38 http fetch GET 200 https://registry.npmjs.org/sf-symbols-typescript 754ms (cache miss)
39 silly packumentCache full:https://registry.npmjs.org/sf-symbols-typescript set size:undefined disposed:false
40 http fetch GET 200 https://registry.npmjs.org/@react-navigation%2felements 791ms (cache miss)
41 silly packumentCache full:https://registry.npmjs.org/@react-navigation%2felements set size:undefined disposed:false
42 http fetch GET 200 https://registry.npmjs.org/@react-navigation%2fcore 894ms (cache miss)
43 silly packumentCache full:https://registry.npmjs.org/@react-navigation%2fcore set size:undefined disposed:false
44 silly placeDep ROOT @react-navigation/core@7.14.0 OK for: @react-navigation/native@7.1.28 want: ^7.14.0
45 silly placeDep ROOT use-latest-callback@0.2.6 OK for: @react-navigation/native@7.1.28 want: ^0.2.4
46 silly fetch manifest react-is@^19.1.0
47 silly packumentCache full:https://registry.npmjs.org/react-is cache-miss
48 silly fetch manifest query-string@^7.1.3
49 silly packumentCache full:https://registry.npmjs.org/query-string cache-miss
50 silly fetch manifest use-sync-external-store@^1.5.0
51 silly packumentCache full:https://registry.npmjs.org/use-sync-external-store cache-miss
52 silly fetch manifest @react-navigation/routers@^7.5.3
53 silly packumentCache full:https://registry.npmjs.org/@react-navigation%2frouters cache-miss
54 http fetch GET 200 https://registry.npmjs.org/query-string 152ms (cache miss)
55 silly packumentCache full:https://registry.npmjs.org/query-string set size:undefined disposed:false
56 http fetch GET 200 https://registry.npmjs.org/@react-navigation%2frouters 207ms (cache miss)
57 silly packumentCache full:https://registry.npmjs.org/@react-navigation%2frouters set size:undefined disposed:false
58 http fetch GET 200 https://registry.npmjs.org/use-sync-external-store 920ms (cache miss)
59 silly packumentCache full:https://registry.npmjs.org/use-sync-external-store set size:undefined disposed:false
60 http fetch GET 200 https://registry.npmjs.org/react-is 1074ms (cache updated)
61 silly packumentCache full:https://registry.npmjs.org/react-is set size:undefined disposed:false
62 silly placeDep ROOT @react-navigation/routers@7.5.3 OK for: @react-navigation/core@7.14.0 want: ^7.5.3
63 silly placeDep ROOT query-string@7.1.3 OK for: @react-navigation/core@7.14.0 want: ^7.1.3
64 silly placeDep node_modules/@react-navigation/core react-is@19.2.3 OK for: @react-navigation/core@7.14.0 want: ^19.1.0
65 silly placeDep ROOT use-sync-external-store@1.6.0 OK for: @react-navigation/core@7.14.0 want: ^1.5.0
66 silly fetch manifest filter-obj@^1.1.0
67 silly packumentCache full:https://registry.npmjs.org/filter-obj cache-miss
68 silly fetch manifest split-on-first@^1.0.0
69 silly packumentCache full:https://registry.npmjs.org/split-on-first cache-miss
70 silly fetch manifest strict-uri-encode@^2.0.0
71 silly packumentCache full:https://registry.npmjs.org/strict-uri-encode cache-miss
72 silly fetch manifest decode-uri-component@^0.2.2
73 silly packumentCache full:https://registry.npmjs.org/decode-uri-component cache-miss
74 http fetch GET 200 https://registry.npmjs.org/strict-uri-encode 111ms (cache miss)
75 silly packumentCache full:https://registry.npmjs.org/strict-uri-encode set size:undefined disposed:false
76 http fetch GET 200 https://registry.npmjs.org/decode-uri-component 112ms (cache miss)
77 silly packumentCache full:https://registry.npmjs.org/decode-uri-component set size:undefined disposed:false
78 http fetch GET 200 https://registry.npmjs.org/split-on-first 112ms (cache miss)
79 silly packumentCache full:https://registry.npmjs.org/split-on-first set size:undefined disposed:false
80 http fetch GET 200 https://registry.npmjs.org/filter-obj 145ms (cache miss)
81 silly packumentCache full:https://registry.npmjs.org/filter-obj set size:undefined disposed:false
82 silly placeDep ROOT @react-navigation/elements@2.9.5 OK for: @react-navigation/native-stack@7.10.1 want: ^2.9.5
83 silly placeDep node_modules/@react-navigation/native-stack color@4.2.3 OK for: @react-navigation/native-stack@7.10.1 want: ^4.2.3
84 silly placeDep ROOT sf-symbols-typescript@2.2.0 OK for: @react-navigation/native-stack@7.10.1 want: ^2.1.0
85 silly fetch manifest color-string@^1.9.0
86 silly packumentCache full:https://registry.npmjs.org/color-string cache-miss
87 http fetch GET 200 https://registry.npmjs.org/color-string 124ms (cache revalidated)
88 silly packumentCache full:https://registry.npmjs.org/color-string set size:84418 disposed:false
89 silly placeDep node_modules/@react-navigation/elements color@4.2.3 OK for: @react-navigation/elements@2.9.5 want: ^4.2.3
90 silly placeDep ROOT decode-uri-component@0.2.2 OK for: query-string@7.1.3 want: ^0.2.2
91 silly placeDep ROOT filter-obj@1.1.0 OK for: query-string@7.1.3 want: ^1.1.0
92 silly placeDep ROOT split-on-first@1.1.0 OK for: query-string@7.1.3 want: ^1.0.0
93 silly placeDep ROOT strict-uri-encode@2.0.0 OK for: query-string@7.1.3 want: ^2.0.0
94 silly placeDep node_modules/@react-navigation/elements color-string@1.9.1 OK for: color@4.2.3 want: ^1.9.0
95 silly fetch manifest simple-swizzle@^0.2.2
96 silly packumentCache full:https://registry.npmjs.org/simple-swizzle cache-miss
97 http fetch GET 200 https://registry.npmjs.org/simple-swizzle 170ms (cache miss)
98 silly packumentCache full:https://registry.npmjs.org/simple-swizzle set size:undefined disposed:false
99 silly placeDep ROOT simple-swizzle@0.2.4 OK for: color-string@1.9.1 want: ^0.2.2
100 silly fetch manifest is-arrayish@^0.3.1
101 silly packumentCache full:https://registry.npmjs.org/is-arrayish cache-miss
102 http fetch GET 200 https://registry.npmjs.org/is-arrayish 144ms (cache revalidated)
103 silly packumentCache full:https://registry.npmjs.org/is-arrayish set size:15371 disposed:false
104 silly placeDep node_modules/simple-swizzle is-arrayish@0.3.4 OK for: simple-swizzle@0.2.4 want: ^0.3.1
105 silly placeDep node_modules/@react-navigation/native-stack color-string@1.9.1 OK for: color@4.2.3 want: ^1.9.0
106 silly reify mark retired [
106 silly reify   '/Users/nag/Desktop/agrisarathi trae/frontend/node_modules/@fastify/busboy'
106 silly reify ]
107 silly reify mark retired [
107 silly reify   '/Users/nag/Desktop/agrisarathi trae/frontend/node_modules/@firebase/auth-compat/node_modules/@react-native-async-storage/async-storage'
107 silly reify ]
108 silly reify mark retired [
108 silly reify   '/Users/nag/Desktop/agrisarathi trae/frontend/node_modules/@google-cloud/firestore'
108 silly reify ]
109 silly reify mark retired [
109 silly reify   '/Users/nag/Desktop/agrisarathi trae/frontend/node_modules/@google-cloud/storage'
109 silly reify ]
110 silly reify mark retired [
110 silly reify   '/Users/nag/Desktop/agrisarathi trae/frontend/node_modules/@types/jsonwebtoken'
110 silly reify ]
111 silly reify mark retired [
111 silly reify   '/Users/nag/Desktop/agrisarathi trae/frontend/node_modules/@types/ms'
111 silly reify ]
112 silly reify mark retired [
112 silly reify   '/Users/nag/Desktop/agrisarathi trae/frontend/node_modules/async-retry'
112 silly reify ]
113 silly reify mark retired [
113 silly reify   '/Users/nag/Desktop/agrisarathi trae/frontend/node_modules/farmhash-modern'
113 silly reify ]
114 silly reify mark retired [
114 silly reify   '/Users/nag/Desktop/agrisarathi trae/frontend/node_modules/firebase/node_modules/@react-native-async-storage/async-storage'
114 silly reify ]
115 silly reify mark retired [
115 silly reify   '/Users/nag/Desktop/agrisarathi trae/frontend/node_modules/firebase-admin'
115 silly reify ]
116 silly reify mark retired [
116 silly reify   '/Users/nag/Desktop/agrisarathi trae/frontend/node_modules/functional-red-black-tree'
116 silly reify ]
117 silly reify mark retired [ '/Users/nag/Desktop/agrisarathi trae/frontend/node_modules/jose' ]
118 silly reify mark retired [
118 silly reify   '/Users/nag/Desktop/agrisarathi trae/frontend/node_modules/jsonwebtoken'
118 silly reify ]
119 silly reify mark retired [
119 silly reify   '/Users/nag/Desktop/agrisarathi trae/frontend/node_modules/jwks-rsa'
119 silly reify ]
120 silly reify mark retired [ '/Users/nag/Desktop/agrisarathi trae/frontend/node_modules/limiter' ]
121 silly reify mark retired [
121 silly reify   '/Users/nag/Desktop/agrisarathi trae/frontend/node_modules/lodash.clonedeep'
121 silly reify ]
122 silly reify mark retired [
122 silly reify   '/Users/nag/Desktop/agrisarathi trae/frontend/node_modules/lodash.includes'
122 silly reify ]
123 silly reify mark retired [
123 silly reify   '/Users/nag/Desktop/agrisarathi trae/frontend/node_modules/lodash.isboolean'
123 silly reify ]
124 silly reify mark retired [
124 silly reify   '/Users/nag/Desktop/agrisarathi trae/frontend/node_modules/lodash.isinteger'
124 silly reify ]
125 silly reify mark retired [
125 silly reify   '/Users/nag/Desktop/agrisarathi trae/frontend/node_modules/lodash.isnumber'
125 silly reify ]
126 silly reify mark retired [
126 silly reify   '/Users/nag/Desktop/agrisarathi trae/frontend/node_modules/lodash.isplainobject'
126 silly reify ]
127 silly reify mark retired [
127 silly reify   '/Users/nag/Desktop/agrisarathi trae/frontend/node_modules/lodash.isstring'
127 silly reify ]
128 silly reify mark retired [
128 silly reify   '/Users/nag/Desktop/agrisarathi trae/frontend/node_modules/lodash.once'
128 silly reify ]
129 silly reify mark retired [
129 silly reify   '/Users/nag/Desktop/agrisarathi trae/frontend/node_modules/lru-memoizer'
129 silly reify ]
130 silly reify mark retired [ '/Users/nag/Desktop/agrisarathi trae/frontend/node_modules/retry' ]
131 silly reify moves {
131 silly reify   '/Users/nag/Desktop/agrisarathi trae/frontend/node_modules/@fastify/busboy': '/Users/nag/Desktop/agrisarathi trae/frontend/node_modules/@fastify/.busboy-cyd2GuaR',
131 silly reify   '/Users/nag/Desktop/agrisarathi trae/frontend/node_modules/@firebase/auth-compat/node_modules/@react-native-async-storage/async-storage': '/Users/nag/Desktop/agrisarathi trae/frontend/node_modules/@firebase/auth-compat/node_modules/@react-native-async-storage/.async-storage-aYrfMcw4',
131 silly reify   '/Users/nag/Desktop/agrisarathi trae/frontend/node_modules/@google-cloud/firestore': '/Users/nag/Desktop/agrisarathi trae/frontend/node_modules/@google-cloud/.firestore-3fCLtnK7',
131 silly reify   '/Users/nag/Desktop/agrisarathi trae/frontend/node_modules/@google-cloud/storage': '/Users/nag/Desktop/agrisarathi trae/frontend/node_modules/@google-cloud/.storage-BfJ4XyXy',
131 silly reify   '/Users/nag/Desktop/agrisarathi trae/frontend/node_modules/@types/jsonwebtoken': '/Users/nag/Desktop/agrisarathi trae/frontend/node_modules/@types/.jsonwebtoken-ppDA8Z6E',
131 silly reify   '/Users/nag/Desktop/agrisarathi trae/frontend/node_modules/@types/ms': '/Users/nag/Desktop/agrisarathi trae/frontend/node_modules/@types/.ms-MVCETSeh',
131 silly reify   '/Users/nag/Desktop/agrisarathi trae/frontend/node_modules/async-retry': '/Users/nag/Desktop/agrisarathi trae/frontend/node_modules/.async-retry-pxXXKECS',
131 silly reify   '/Users/nag/Desktop/agrisarathi trae/frontend/node_modules/farmhash-modern': '/Users/nag/Desktop/agrisarathi trae/frontend/node_modules/.farmhash-modern-YEhFqlgB',
131 silly reify   '/Users/nag/Desktop/agrisarathi trae/frontend/node_modules/firebase/node_modules/@react-native-async-storage/async-storage': '/Users/nag/Desktop/agrisarathi trae/frontend/node_modules/firebase/node_modules/@react-native-async-storage/.async-storage-XcwKR798',
131 silly reify   '/Users/nag/Desktop/agrisarathi trae/frontend/node_modules/firebase-admin': '/Users/nag/Desktop/agrisarathi trae/frontend/node_modules/.firebase-admin-AlBGgiOD',
131 silly reify   '/Users/nag/Desktop/agrisarathi trae/frontend/node_modules/functional-red-black-tree': '/Users/nag/Desktop/agrisarathi trae/frontend/node_modules/.functional-red-black-tree-iM1IHucj',
131 silly reify   '/Users/nag/Desktop/agrisarathi trae/frontend/node_modules/jose': '/Users/nag/Desktop/agrisarathi trae/frontend/node_modules/.jose-3BWyJwRB',
131 silly reify   '/Users/nag/Desktop/agrisarathi trae/frontend/node_modules/jsonwebtoken': '/Users/nag/Desktop/agrisarathi trae/frontend/node_modules/.jsonwebtoken-WO4kowIh',
131 silly reify   '/Users/nag/Desktop/agrisarathi trae/frontend/node_modules/jwks-rsa': '/Users/nag/Desktop/agrisarathi trae/frontend/node_modules/.jwks-rsa-XBd7IdAj',
131 silly reify   '/Users/nag/Desktop/agrisarathi trae/frontend/node_modules/limiter': '/Users/nag/Desktop/agrisarathi trae/frontend/node_modules/.limiter-Mtcffpwd',
131 silly reify   '/Users/nag/Desktop/agrisarathi trae/frontend/node_modules/lodash.clonedeep': '/Users/nag/Desktop/agrisarathi trae/frontend/node_modules/.lodash.clonedeep-kFMp5614',
131 silly reify   '/Users/nag/Desktop/agrisarathi trae/frontend/node_modules/lodash.includes': '/Users/nag/Desktop/agrisarathi trae/frontend/node_modules/.lodash.includes-9n9BwAMs',
131 silly reify   '/Users/nag/Desktop/agrisarathi trae/frontend/node_modules/lodash.isboolean': '/Users/nag/Desktop/agrisarathi trae/frontend/node_modules/.lodash.isboolean-yzQMAHTu',
131 silly reify   '/Users/nag/Desktop/agrisarathi trae/frontend/node_modules/lodash.isinteger': '/Users/nag/Desktop/agrisarathi trae/frontend/node_modules/.lodash.isinteger-HFsAlnei',
131 silly reify   '/Users/nag/Desktop/agrisarathi trae/frontend/node_modules/lodash.isnumber': '/Users/nag/Desktop/agrisarathi trae/frontend/node_modules/.lodash.isnumber-trtC5WbR',
131 silly reify   '/Users/nag/Desktop/agrisarathi trae/frontend/node_modules/lodash.isplainobject': '/Users/nag/Desktop/agrisarathi trae/frontend/node_modules/.lodash.isplainobject-hGa7L64J',
131 silly reify   '/Users/nag/Desktop/agrisarathi trae/frontend/node_modules/lodash.isstring': '/Users/nag/Desktop/agrisarathi trae/frontend/node_modules/.lodash.isstring-xYhZY21S',
131 silly reify   '/Users/nag/Desktop/agrisarathi trae/frontend/node_modules/lodash.once': '/Users/nag/Desktop/agrisarathi trae/frontend/node_modules/.lodash.once-wgWb2jZk',
131 silly reify   '/Users/nag/Desktop/agrisarathi trae/frontend/node_modules/lru-memoizer': '/Users/nag/Desktop/agrisarathi trae/frontend/node_modules/.lru-memoizer-D0SjSb3A',
131 silly reify   '/Users/nag/Desktop/agrisarathi trae/frontend/node_modules/retry': '/Users/nag/Desktop/agrisarathi trae/frontend/node_modules/.retry-qqiRlndK'
131 silly reify }
132 silly audit bulk request {
132 silly audit   '@babel/code-frame': [ '7.28.6', '7.10.4' ],
132 silly audit   '@babel/compat-data': [ '7.28.6' ],
132 silly audit   '@babel/core': [ '7.28.6' ],
132 silly audit   '@babel/generator': [ '7.28.6' ],
132 silly audit   '@babel/helper-annotate-as-pure': [ '7.27.3' ],
132 silly audit   '@babel/helper-compilation-targets': [ '7.28.6' ],
132 silly audit   '@babel/helper-create-class-features-plugin': [ '7.28.6' ],
132 silly audit   '@babel/helper-create-regexp-features-plugin': [ '7.28.5' ],
132 silly audit   '@babel/helper-define-polyfill-provider': [ '0.6.5' ],
132 silly audit   '@babel/helper-environment-visitor': [ '7.24.7' ],
132 silly audit   '@babel/helper-globals': [ '7.28.0' ],
132 silly audit   '@babel/helper-member-expression-to-functions': [ '7.28.5' ],
132 silly audit   '@babel/helper-module-imports': [ '7.28.6' ],
132 silly audit   '@babel/helper-module-transforms': [ '7.28.6' ],
132 silly audit   '@babel/helper-optimise-call-expression': [ '7.27.1' ],
132 silly audit   '@babel/helper-plugin-utils': [ '7.28.6' ],
132 silly audit   '@babel/helper-remap-async-to-generator': [ '7.27.1' ],
132 silly audit   '@babel/helper-replace-supers': [ '7.28.6' ],
132 silly audit   '@babel/helper-skip-transparent-expression-wrappers': [ '7.27.1' ],
132 silly audit   '@babel/helper-string-parser': [ '7.27.1' ],
132 silly audit   '@babel/helper-validator-identifier': [ '7.28.5' ],
132 silly audit   '@babel/helper-validator-option': [ '7.27.1' ],
132 silly audit   '@babel/helper-wrap-function': [ '7.28.6' ],
132 silly audit   '@babel/helpers': [ '7.28.6' ],
132 silly audit   '@babel/highlight': [ '7.25.9' ],
132 silly audit   'ansi-styles': [ '3.2.1', '6.2.3', '4.3.0', '5.2.0' ],
132 silly audit   chalk: [ '2.4.2', '4.1.2' ],
132 silly audit   'color-convert': [ '1.9.3', '2.0.1', '3.1.3' ],
132 silly audit   'color-name': [ '1.1.3', '1.1.4', '2.1.0' ],
132 silly audit   'escape-string-regexp': [ '1.0.5', '4.0.0', '2.0.0' ],
132 silly audit   'has-flag': [ '3.0.0', '4.0.0' ],
132 silly audit   'supports-color': [ '5.5.0', '8.1.1', '7.2.0' ],
132 silly audit   '@babel/parser': [ '7.28.6' ],
132 silly audit   '@babel/plugin-bugfix-firefox-class-in-computed-class-key': [ '7.28.5' ],
132 silly audit   '@babel/plugin-bugfix-safari-class-field-initializer-scope': [ '7.27.1' ],
132 silly audit   '@babel/plugin-bugfix-safari-id-destructuring-collision-in-function-expression': [ '7.27.1' ],
132 silly audit   '@babel/plugin-bugfix-v8-spread-parameters-in-optional-chaining': [ '7.27.1' ],
132 silly audit   '@babel/plugin-bugfix-v8-static-class-fields-redefine-readonly': [ '7.28.6' ],
132 silly audit   '@babel/plugin-proposal-async-generator-functions': [ '7.20.7' ],
132 silly audit   '@babel/plugin-proposal-class-properties': [ '7.18.6' ],
132 silly audit   '@babel/plugin-proposal-decorators': [ '7.28.6' ],
132 silly audit   '@babel/plugin-proposal-export-default-from': [ '7.27.1' ],
132 silly audit   '@babel/plugin-proposal-nullish-coalescing-operator': [ '7.18.6' ],
132 silly audit   '@babel/plugin-proposal-numeric-separator': [ '7.18.6' ],
132 silly audit   '@babel/plugin-proposal-object-rest-spread': [ '7.20.7' ],
132 silly audit   '@babel/plugin-proposal-optional-catch-binding': [ '7.18.6' ],
132 silly audit   '@babel/plugin-proposal-optional-chaining': [ '7.21.0' ],
132 silly audit   '@babel/plugin-proposal-private-property-in-object': [ '7.21.0-placeholder-for-preset-env.2' ],
132 silly audit   '@babel/plugin-syntax-async-generators': [ '7.8.4' ],
132 silly audit   '@babel/plugin-syntax-class-properties': [ '7.12.13' ],
132 silly audit   '@babel/plugin-syntax-decorators': [ '7.28.6' ],
132 silly audit   '@babel/plugin-syntax-dynamic-import': [ '7.8.3' ],
132 silly audit   '@babel/plugin-syntax-export-default-from': [ '7.28.6' ],
132 silly audit   '@babel/plugin-syntax-flow': [ '7.28.6' ],
132 silly audit   '@babel/plugin-syntax-import-assertions': [ '7.28.6' ],
132 silly audit   '@babel/plugin-syntax-import-attributes': [ '7.28.6' ],
132 silly audit   '@babel/plugin-syntax-jsx': [ '7.28.6' ],
132 silly audit   '@babel/plugin-syntax-nullish-coalescing-operator': [ '7.8.3' ],
132 silly audit   '@babel/plugin-syntax-numeric-separator': [ '7.10.4' ],
132 silly audit   '@babel/plugin-syntax-object-rest-spread': [ '7.8.3' ],
132 silly audit   '@babel/plugin-syntax-optional-catch-binding': [ '7.8.3' ],
132 silly audit   '@babel/plugin-syntax-optional-chaining': [ '7.8.3' ],
132 silly audit   '@babel/plugin-syntax-typescript': [ '7.28.6' ],
132 silly audit   '@babel/plugin-syntax-unicode-sets-regex': [ '7.18.6' ],
132 silly audit   '@babel/plugin-transform-arrow-functions': [ '7.27.1' ],
132 silly audit   '@babel/plugin-transform-async-generator-functions': [ '7.28.6' ],
132 silly audit   '@babel/plugin-transform-async-to-generator': [ '7.28.6' ],
132 silly audit   '@babel/plugin-transform-block-scoped-functions': [ '7.27.1' ],
132 silly audit   '@babel/plugin-transform-block-scoping': [ '7.28.6' ],
132 silly audit   '@babel/plugin-transform-class-properties': [ '7.28.6' ],
132 silly audit   '@babel/plugin-transform-class-static-block': [ '7.28.6' ],
132 silly audit   '@babel/plugin-transform-classes': [ '7.28.6' ],
132 silly audit   '@babel/plugin-transform-computed-properties': [ '7.28.6' ],
132 silly audit   '@babel/plugin-transform-destructuring': [ '7.28.5' ],
132 silly audit   '@babel/plugin-transform-dotall-regex': [ '7.28.6' ],
132 silly audit   '@babel/plugin-transform-duplicate-keys': [ '7.27.1' ],
132 silly audit   '@babel/plugin-transform-duplicate-named-capturing-groups-regex': [ '7.28.6' ],
132 silly audit   '@babel/plugin-transform-dynamic-import': [ '7.27.1' ],
132 silly audit   '@babel/plugin-transform-explicit-resource-management': [ '7.28.6' ],
132 silly audit   '@babel/plugin-transform-exponentiation-operator': [ '7.28.6' ],
132 silly audit   '@babel/plugin-transform-export-namespace-from': [ '7.27.1' ],
132 silly audit   '@babel/plugin-transform-flow-strip-types': [ '7.27.1' ],
132 silly audit   '@babel/plugin-transform-for-of': [ '7.27.1' ],
132 silly audit   '@babel/plugin-transform-function-name': [ '7.27.1' ],
132 silly audit   '@babel/plugin-transform-json-strings': [ '7.28.6' ],
132 silly audit   '@babel/plugin-transform-literals': [ '7.27.1' ],
132 silly audit   '@babel/plugin-transform-logical-assignment-operators': [ '7.28.6' ],
132 silly audit   '@babel/plugin-transform-member-expression-literals': [ '7.27.1' ],
132 silly audit   '@babel/plugin-transform-modules-amd': [ '7.27.1' ],
132 silly audit   '@babel/plugin-transform-modules-commonjs': [ '7.28.6' ],
132 silly audit   '@babel/plugin-transform-modules-systemjs': [ '7.28.5' ],
132 silly audit   '@babel/plugin-transform-modules-umd': [ '7.27.1' ],
132 silly audit   '@babel/plugin-transform-named-capturing-groups-regex': [ '7.27.1' ],
132 silly audit   '@babel/plugin-transform-new-target': [ '7.27.1' ],
132 silly audit   '@babel/plugin-transform-nullish-coalescing-operator': [ '7.28.6' ],
132 silly audit   '@babel/plugin-transform-numeric-separator': [ '7.28.6' ],
132 silly audit   '@babel/plugin-transform-object-rest-spread': [ '7.28.6' ],
132 silly audit   '@babel/plugin-transform-object-super': [ '7.27.1' ],
132 silly audit   '@babel/plugin-transform-optional-catch-binding': [ '7.28.6' ],
132 silly audit   '@babel/plugin-transform-optional-chaining': [ '7.28.6' ],
132 silly audit   '@babel/plugin-transform-parameters': [ '7.27.7' ],
132 silly audit   '@babel/plugin-transform-private-methods': [ '7.28.6' ],
132 silly audit   '@babel/plugin-transform-private-property-in-object': [ '7.28.6' ],
132 silly audit   '@babel/plugin-transform-property-literals': [ '7.27.1' ],
132 silly audit   '@babel/plugin-transform-react-display-name': [ '7.28.0' ],
132 silly audit   '@babel/plugin-transform-react-jsx': [ '7.28.6' ],
132 silly audit   '@babel/plugin-transform-react-jsx-development': [ '7.27.1' ],
132 silly audit   '@babel/plugin-transform-react-jsx-self': [ '7.27.1' ],
132 silly audit   '@babel/plugin-transform-react-jsx-source': [ '7.27.1' ],
132 silly audit   '@babel/plugin-transform-react-pure-annotations': [ '7.27.1' ],
132 silly audit   '@babel/plugin-transform-regenerator': [ '7.28.6' ],
132 silly audit   '@babel/plugin-transform-regexp-modifiers': [ '7.28.6' ],
132 silly audit   '@babel/plugin-transform-reserved-words': [ '7.27.1' ],
132 silly audit   '@babel/plugin-transform-runtime': [ '7.28.5' ],
132 silly audit   '@babel/plugin-transform-shorthand-properties': [ '7.27.1' ],
132 silly audit   '@babel/plugin-transform-spread': [ '7.28.6' ],
132 silly audit   '@babel/plugin-transform-sticky-regex': [ '7.27.1' ],
132 silly audit   '@babel/plugin-transform-template-literals': [ '7.27.1' ],
132 silly audit   '@babel/plugin-transform-typeof-symbol': [ '7.27.1' ],
132 silly audit   '@babel/plugin-transform-typescript': [ '7.28.6' ],
132 silly audit   '@babel/plugin-transform-unicode-escapes': [ '7.27.1' ],
132 silly audit   '@babel/plugin-transform-unicode-property-regex': [ '7.28.6' ],
132 silly audit   '@babel/plugin-transform-unicode-regex': [ '7.27.1' ],
132 silly audit   '@babel/plugin-transform-unicode-sets-regex': [ '7.28.6' ],
132 silly audit   '@babel/preset-env': [ '7.28.6' ],
132 silly audit   '@babel/preset-flow': [ '7.27.1' ],
132 silly audit   '@babel/preset-modules': [ '0.1.6-no-external-plugins' ],
132 silly audit   '@babel/preset-react': [ '7.28.5' ],
132 silly audit   '@babel/preset-typescript': [ '7.28.5' ],
132 silly audit   '@babel/register': [ '7.28.6' ],
132 silly audit   '@babel/runtime': [ '7.28.6' ],
132 silly audit   '@babel/template': [ '7.28.6' ],
132 silly audit   '@babel/traverse': [ '7.28.6' ],
132 silly audit   '@babel/types': [ '7.28.6' ],
132 silly audit   '@colors/colors': [ '1.6.0' ],
132 silly audit   '@cspotcode/source-map-support': [ '0.8.1' ],
132 silly audit   '@jridgewell/trace-mapping': [ '0.3.9', '0.3.31' ],
132 silly audit   '@dabh/diagnostics': [ '2.0.8' ],
132 silly audit   '@expo/bunyan': [ '4.0.1' ],
132 silly audit   '@expo/cli': [ '0.17.13' ],
132 silly audit   'form-data': [ '3.0.4', '2.5.5', '4.0.5' ],
132 silly audit   semver: [ '7.7.3', '7.5.3', '7.3.2', '5.7.2', '6.3.1' ],
132 silly audit   '@expo/code-signing-certificates': [ '0.0.5' ],
132 silly audit   '@expo/config': [ '8.5.6' ],
132 silly audit   '@expo/config-plugins': [ '7.9.2' ],
132 silly audit   glob: [ '7.1.6', '10.5.0', '7.2.3' ],
132 silly audit   '@expo/config-types': [ '50.0.1' ],
132 silly audit   'lru-cache': [ '6.0.0', '10.4.3', '5.1.1' ],
132 silly audit   yallist: [ '4.0.0', '3.1.1' ],
132 silly audit   '@expo/devcert': [ '1.2.1' ],
132 silly audit   debug: [ '3.2.7', '2.6.9', '4.4.3' ],
132 silly audit   '@expo/env': [ '0.2.3' ],
132 silly audit   dotenv: [ '16.4.7', '17.2.3', '16.6.1' ],
132 silly audit   '@expo/fingerprint': [ '0.6.1' ],
132 silly audit   '@expo/image-utils': [ '0.4.2' ],
132 silly audit   'crypto-random-string': [ '1.0.0', '2.0.0' ],
132 silly audit   'fs-extra': [ '9.0.0', '9.1.0', '8.1.0' ],
132 silly audit   jsonfile: [ '6.2.0', '4.0.0' ],
132 silly audit   universalify: [ '2.0.1', '1.0.0', '0.1.2' ],
132 silly audit   'temp-dir': [ '1.0.0', '2.0.0' ],
132 silly audit   tempy: [ '0.3.0', '0.7.1' ],
132 silly audit   'type-fest': [ '0.3.1', '0.21.3', '0.16.0', '0.7.1' ],
132 silly audit   'unique-string': [ '1.0.0', '2.0.0' ],
132 silly audit   '@expo/json-file': [ '8.3.3', '10.0.8' ],
132 silly audit   '@expo/metro-config': [ '0.17.8' ],
132 silly audit   '@expo/spawn-async': [ '1.7.2', '1.5.0' ],
132 silly audit   'cross-spawn': [ '7.0.6', '6.0.6' ],
132 silly audit   'path-key': [ '3.1.1', '2.0.1' ],
132 silly audit   'shebang-command': [ '2.0.0', '1.2.0' ],
132 silly audit   'shebang-regex': [ '3.0.0', '1.0.0' ],
132 silly audit   which: [ '2.0.2', '1.3.1' ],
132 silly audit   '@expo/metro-runtime': [ '3.1.3' ],
132 silly audit   '@expo/osascript': [ '2.3.8' ],
132 silly audit   '@expo/package-manager': [ '1.9.10' ],
132 silly audit   'hosted-git-info': [ '7.0.2', '3.0.8' ],
132 silly audit   'npm-package-arg': [ '11.0.3', '7.0.0' ],
132 silly audit   'validate-npm-package-name': [ '5.0.1', '3.0.0' ],
132 silly audit   '@expo/plist': [ '0.1.3' ],
132 silly audit   '@expo/prebuild-config': [ '6.8.1' ],
132 silly audit   '@expo/rudder-sdk-node': [ '1.1.1' ],
132 silly audit   '@expo/sdk-runtime-versions': [ '1.0.0' ],
132 silly audit   '@expo/sudo-prompt': [ '9.3.2' ],
132 silly audit   '@expo/vector-icons': [ '14.1.0' ],
132 silly audit   '@expo/xcpretty': [ '4.3.2' ],
132 silly audit   argparse: [ '2.0.1', '1.0.10' ],
132 silly audit   'js-yaml': [ '4.1.1', '3.14.2' ],
132 silly audit   '@firebase/ai': [ '2.7.0' ],
132 silly audit   '@firebase/analytics': [ '0.10.19' ],
132 silly audit   '@firebase/analytics-compat': [ '0.2.25' ],
132 silly audit   '@firebase/analytics-types': [ '0.8.3' ],
132 silly audit   '@firebase/app': [ '0.14.7' ],
132 silly audit   '@firebase/app-check': [ '0.11.0' ],
132 silly audit   '@firebase/app-check-compat': [ '0.4.0' ],
132 silly audit   '@firebase/app-check-interop-types': [ '0.3.3' ],
132 silly audit   '@firebase/app-check-types': [ '0.5.3' ],
132 silly audit   '@firebase/app-compat': [ '0.5.7' ],
132 silly audit   '@firebase/app-types': [ '0.9.3' ],
132 silly audit   '@firebase/auth-compat': [ '0.6.2' ],
132 silly audit   '@firebase/auth': [ '1.12.0' ],
132 silly audit   '@react-native-async-storage/async-storage': [ '1.21.0' ],
132 silly audit   '@firebase/auth-interop-types': [ '0.2.4' ],
132 silly audit   '@firebase/auth-types': [ '0.13.0' ],
132 silly audit   '@firebase/component': [ '0.7.0' ],
132 silly audit   '@firebase/data-connect': [ '0.3.12' ],
132 silly audit   '@firebase/database': [ '1.1.0' ],
132 silly audit   '@firebase/database-compat': [ '2.1.0' ],
132 silly audit   '@firebase/database-types': [ '1.0.16' ],
132 silly audit   '@firebase/firestore': [ '4.10.0' ],
132 silly audit   '@firebase/firestore-compat': [ '0.4.4' ],
132 silly audit   '@firebase/firestore-types': [ '3.0.3' ],
132 silly audit   '@firebase/functions': [ '0.13.1' ],
132 silly audit   '@firebase/functions-compat': [ '0.4.1' ],
132 silly audit   '@firebase/functions-types': [ '0.6.3' ],
132 silly audit   '@firebase/installations': [ '0.6.19' ],
132 silly audit   '@firebase/installations-compat': [ '0.2.19' ],
132 silly audit   '@firebase/installations-types': [ '0.5.3' ],
132 silly audit   '@firebase/logger': [ '0.5.0' ],
132 silly audit   '@firebase/messaging': [ '0.12.23' ],
132 silly audit   '@firebase/messaging-compat': [ '0.2.23' ],
132 silly audit   '@firebase/messaging-interop-types': [ '0.2.3' ],
132 silly audit   '@firebase/performance': [ '0.7.9' ],
132 silly audit   '@firebase/performance-compat': [ '0.2.22' ],
132 silly audit   '@firebase/performance-types': [ '0.2.3' ],
132 silly audit   '@firebase/remote-config': [ '0.8.0' ],
132 silly audit   '@firebase/remote-config-compat': [ '0.2.21' ],
132 silly audit   '@firebase/remote-config-types': [ '0.5.0' ],
132 silly audit   '@firebase/storage': [ '0.14.0' ],
132 silly audit   '@firebase/storage-compat': [ '0.4.0' ],
132 silly audit   '@firebase/storage-types': [ '0.8.3' ],
132 silly audit   '@firebase/util': [ '1.13.0' ],
132 silly audit   '@firebase/webchannel-wrapper': [ '1.0.5' ],
132 silly audit   '@gar/promisify': [ '1.1.3' ],
132 silly audit   '@genkit-ai/ai': [ '1.27.0' ],
132 silly audit   '@types/node': [ '20.19.30', '25.0.9' ],
132 silly audit   colorette: [ '2.0.20', '1.4.0' ],
132 silly audit   'node-fetch': [ '3.3.2', '2.7.0' ],
132 silly audit   'undici-types': [ '6.21.0', '7.16.0' ],
132 silly audit   uuid: [ '10.0.0', '9.0.1', '8.3.2', '7.0.3' ],
132 silly audit   '@genkit-ai/core': [ '1.27.0' ],
132 silly audit   '@genkit-ai/firebase': [ '1.27.0' ],
132 silly audit   '@genkit-ai/google-cloud': [ '1.27.0' ],
132 silly audit   '@genkit-ai/googleai': [ '1.27.0' ],
132 silly audit   '@google-cloud/common': [ '5.0.2' ],
132 silly audit   '@google-cloud/logging': [ '11.2.1' ],
132 silly audit   '@google-cloud/logging-winston': [ '6.0.1' ],
132 silly audit   '@google-cloud/modelarmor': [ '0.4.1' ],
132 silly audit   '@grpc/grpc-js': [ '1.14.3', '1.9.15' ],
132 silly audit   '@grpc/proto-loader': [ '0.8.0', '0.7.15' ],
132 silly audit   'agent-base': [ '7.1.4', '6.0.2' ],
132 silly audit   'brace-expansion': [ '2.0.2', '1.1.12' ],
132 silly audit   gaxios: [ '7.1.3', '6.7.1' ],
132 silly audit   'gcp-metadata': [ '8.1.2', '6.1.1' ],
132 silly audit   'google-auth-library': [ '10.5.0', '9.15.1' ],
132 silly audit   'google-gax': [ '5.0.6', '4.6.1' ],
132 silly audit   'google-logging-utils': [ '1.1.3', '0.0.2' ],
132 silly audit   gtoken: [ '8.0.0', '7.1.0' ],
132 silly audit   'https-proxy-agent': [ '7.0.6', '5.0.1' ],
132 silly audit   minimatch: [ '9.0.5', '3.1.2' ],
132 silly audit   minipass: [ '7.1.2', '3.3.6', '5.0.0' ],
132 silly audit   'proto3-json-serializer': [ '3.0.4', '2.0.2' ],
132 silly audit   'retry-request': [ '8.0.2', '7.0.2' ],
132 silly audit   rimraf: [ '5.0.10', '3.0.2', '2.6.3' ],
132 silly audit   'teeny-request': [ '10.1.0', '9.0.0' ],
132 silly audit   '@google-cloud/opentelemetry-cloud-monitoring-exporter': [ '0.19.0' ],
132 silly audit   '@google-cloud/opentelemetry-cloud-trace-exporter': [ '2.4.1' ],
132 silly audit   '@google-cloud/opentelemetry-resource-util': [ '2.4.0' ],
132 silly audit   '@google-cloud/paginator': [ '5.0.2' ],
132 silly audit   '@google-cloud/precise-date': [ '4.0.0' ],
132 silly audit   '@google-cloud/projectify': [ '4.0.0' ],
132 silly audit   '@google-cloud/promisify': [ '4.0.0' ],
132 silly audit   mime: [ '1.6.0', '2.6.0' ],
132 silly audit   '@google/generative-ai': [ '0.24.1' ],
132 silly audit   '@graphql-typed-document-node/core': [ '3.2.0' ],
132 silly audit   '@hapi/hoek': [ '9.3.0' ],
132 silly audit   '@hapi/topo': [ '5.1.0' ],
132 silly audit   '@isaacs/cliui': [ '8.0.2' ],
132 silly audit   'ansi-regex': [ '6.2.2', '5.0.1', '4.1.1' ],
132 silly audit   'emoji-regex': [ '9.2.2', '8.0.0' ],
132 silly audit   'string-width': [ '5.1.2', '4.2.3' ],
132 silly audit   'strip-ansi': [ '7.1.2', '6.0.1', '5.2.0' ],
132 silly audit   'wrap-ansi': [ '8.1.0', '6.2.0', '7.0.0' ],
132 silly audit   '@isaacs/ttlcache': [ '1.4.1' ],
132 silly audit   '@jest/create-cache-key-function': [ '29.7.0' ],
132 silly audit   '@jest/environment': [ '29.7.0' ],
132 silly audit   '@jest/fake-timers': [ '29.7.0' ],
132 silly audit   '@jest/schemas': [ '29.6.3' ],
132 silly audit   '@jest/types': [ '29.6.3', '26.6.2' ],
132 silly audit   '@jridgewell/gen-mapping': [ '0.3.13' ],
132 silly audit   '@jridgewell/remapping': [ '2.3.5' ],
132 silly audit   '@jridgewell/resolve-uri': [ '3.1.2' ],
132 silly audit   '@jridgewell/source-map': [ '0.3.11' ],
132 silly audit   '@jridgewell/sourcemap-codec': [ '1.5.5' ],
132 silly audit   '@js-sdsl/ordered-map': [ '4.4.2' ],
132 silly audit   '@nodelib/fs.scandir': [ '2.1.5' ],
132 silly audit   '@nodelib/fs.stat': [ '2.0.5' ],
132 silly audit   '@nodelib/fs.walk': [ '1.2.8' ],
132 silly audit   '@npmcli/fs': [ '1.1.1' ],
132 silly audit   '@npmcli/move-file': [ '1.1.2' ],
132 silly audit   mkdirp: [ '1.0.4', '0.5.6' ],
132 silly audit   '@opentelemetry/api': [ '1.9.0' ],
132 silly audit   '@opentelemetry/api-logs': [ '0.52.1' ],
132 silly audit   '@opentelemetry/auto-instrumentations-node': [ '0.49.2' ],
132 silly audit   '@opentelemetry/context-async-hooks': [ '1.25.1' ],
132 silly audit   '@opentelemetry/core': [ '1.25.1', '1.30.1' ],
132 silly audit   '@opentelemetry/semantic-conventions': [ '1.25.1', '1.28.0', '1.39.0' ],
132 silly audit   '@opentelemetry/exporter-jaeger': [ '1.30.1' ],
132 silly audit   '@opentelemetry/resources': [ '1.30.1', '1.25.1' ],
132 silly audit   '@opentelemetry/sdk-trace-base': [ '1.30.1', '1.25.1' ],
132 silly audit   '@opentelemetry/exporter-trace-otlp-grpc': [ '0.52.1' ],
132 silly audit   '@opentelemetry/exporter-trace-otlp-http': [ '0.52.1' ],
132 silly audit   '@opentelemetry/exporter-trace-otlp-proto': [ '0.52.1' ],
132 silly audit   '@opentelemetry/exporter-zipkin': [ '1.25.1' ],
132 silly audit   '@opentelemetry/instrumentation': [ '0.52.1' ],
132 silly audit   '@opentelemetry/instrumentation-amqplib': [ '0.41.0' ],
132 silly audit   '@opentelemetry/instrumentation-aws-lambda': [ '0.43.0' ],
132 silly audit   '@opentelemetry/instrumentation-aws-sdk': [ '0.43.1' ],
132 silly audit   '@opentelemetry/instrumentation-bunyan': [ '0.40.0' ],
132 silly audit   '@opentelemetry/instrumentation-cassandra-driver': [ '0.40.0' ],
132 silly audit   '@opentelemetry/instrumentation-connect': [ '0.38.0' ],
132 silly audit   '@opentelemetry/instrumentation-cucumber': [ '0.8.0' ],
132 silly audit   '@opentelemetry/instrumentation-dataloader': [ '0.11.0' ],
132 silly audit   '@opentelemetry/instrumentation-dns': [ '0.38.0' ],
132 silly audit   '@opentelemetry/instrumentation-express': [ '0.41.1' ],
132 silly audit   '@opentelemetry/instrumentation-fastify': [ '0.38.0' ],
132 silly audit   '@opentelemetry/instrumentation-fs': [ '0.14.0' ],
132 silly audit   '@opentelemetry/instrumentation-generic-pool': [ '0.38.1' ],
132 silly audit   '@opentelemetry/instrumentation-graphql': [ '0.42.0' ],
132 silly audit   '@opentelemetry/instrumentation-grpc': [ '0.52.1' ],
132 silly audit   '@opentelemetry/instrumentation-hapi': [ '0.40.0' ],
132 silly audit   '@opentelemetry/instrumentation-http': [ '0.52.1' ],
132 silly audit   '@opentelemetry/instrumentation-ioredis': [ '0.42.0' ],
132 silly audit   '@opentelemetry/instrumentation-kafkajs': [ '0.2.0' ],
132 silly audit   '@opentelemetry/instrumentation-knex': [ '0.39.0' ],
132 silly audit   '@opentelemetry/instrumentation-koa': [ '0.42.0' ],
132 silly audit   '@opentelemetry/instrumentation-lru-memoizer': [ '0.39.0' ],
132 silly audit   '@opentelemetry/instrumentation-memcached': [ '0.38.0' ],
132 silly audit   '@opentelemetry/instrumentation-mongodb': [ '0.46.0' ],
132 silly audit   '@opentelemetry/instrumentation-mongoose': [ '0.41.0' ],
132 silly audit   '@opentelemetry/instrumentation-mysql': [ '0.40.0' ],
132 silly audit   '@opentelemetry/instrumentation-mysql2': [ '0.40.0' ],
132 silly audit   '@opentelemetry/instrumentation-nestjs-core': [ '0.39.0' ],
132 silly audit   '@opentelemetry/instrumentation-net': [ '0.38.0' ],
132 silly audit   '@opentelemetry/instrumentation-pg': [ '0.43.0' ],
132 silly audit   '@opentelemetry/instrumentation-pino': [ '0.41.0' ],
132 silly audit   '@opentelemetry/instrumentation-redis': [ '0.41.0' ],
132 silly audit   '@opentelemetry/instrumentation-redis-4': [ '0.41.1' ],
132 silly audit   '@opentelemetry/instrumentation-restify': [ '0.40.0' ],
132 silly audit   '@opentelemetry/instrumentation-router': [ '0.39.0' ],
132 silly audit   '@opentelemetry/instrumentation-socket.io': [ '0.41.0' ],
132 silly audit   '@opentelemetry/instrumentation-tedious': [ '0.13.0' ],
132 silly audit   '@opentelemetry/instrumentation-undici': [ '0.5.0' ],
132 silly audit   '@opentelemetry/instrumentation-winston': [ '0.39.0' ],
132 silly audit   '@opentelemetry/otlp-exporter-base': [ '0.52.1' ],
132 silly audit   '@opentelemetry/otlp-grpc-exporter-base': [ '0.52.1' ],
132 silly audit   '@opentelemetry/otlp-transformer': [ '0.52.1' ],
132 silly audit   '@opentelemetry/propagation-utils': [ '0.30.16' ],
132 silly audit   '@opentelemetry/propagator-aws-xray': [ '1.26.2' ],
132 silly audit   '@opentelemetry/propagator-b3': [ '1.25.1' ],
132 silly audit   '@opentelemetry/propagator-jaeger': [ '1.25.1' ],
132 silly audit   '@opentelemetry/redis-common': [ '0.36.2' ],
132 silly audit   '@opentelemetry/resource-detector-alibaba-cloud': [ '0.29.7' ],
132 silly audit   '@opentelemetry/resource-detector-aws': [ '1.12.0' ],
132 silly audit   '@opentelemetry/resource-detector-azure': [ '0.2.12' ],
132 silly audit   '@opentelemetry/resource-detector-container': [ '0.4.4' ],
132 silly audit   '@opentelemetry/resource-detector-gcp': [ '0.29.13' ],
132 silly audit   '@opentelemetry/sdk-logs': [ '0.52.1' ],
132 silly audit   '@opentelemetry/sdk-metrics': [ '1.25.1' ],
132 silly audit   '@opentelemetry/sdk-node': [ '0.52.1' ],
132 silly audit   '@opentelemetry/sdk-trace-node': [ '1.25.1' ],
132 silly audit   '@opentelemetry/sql-common': [ '0.40.1' ],
132 silly audit   '@pkgjs/parseargs': [ '0.11.0' ],
132 silly audit   '@protobufjs/aspromise': [ '1.1.2' ],
132 silly audit   '@protobufjs/base64': [ '1.1.2' ],
132 silly audit   '@protobufjs/codegen': [ '2.0.4' ],
132 silly audit   '@protobufjs/eventemitter': [ '1.1.0' ],
132 silly audit   '@protobufjs/fetch': [ '1.1.0' ],
132 silly audit   '@protobufjs/float': [ '1.0.2' ],
132 silly audit   '@protobufjs/inquire': [ '1.1.0' ],
132 silly audit   '@protobufjs/path': [ '1.1.2' ],
132 silly audit   '@protobufjs/pool': [ '1.1.0' ],
132 silly audit   '@protobufjs/utf8': [ '1.1.0' ],
132 silly audit   '@react-native-community/cli': [ '12.3.0' ],
132 silly audit   '@react-native-community/cli-clean': [ '12.3.0' ],
132 silly audit   execa: [ '5.1.1', '1.0.0' ],
132 silly audit   'get-stream': [ '6.0.1', '4.1.0' ],
132 silly audit   'is-stream': [ '2.0.1', '1.1.0' ],
132 silly audit   'mimic-fn': [ '2.1.0', '1.2.0' ],
132 silly audit   'npm-run-path': [ '4.0.1', '2.0.2' ],
132 silly audit   onetime: [ '5.1.2', '2.0.1' ],
132 silly audit   '@react-native-community/cli-config': [ '12.3.0' ],
132 silly audit   '@react-native-community/cli-debugger-ui': [ '12.3.0' ],
132 silly audit   '@react-native-community/cli-doctor': [ '12.3.0' ],
132 silly audit   'cli-cursor': [ '3.1.0', '2.1.0' ],
132 silly audit   'log-symbols': [ '4.1.0', '2.2.0' ],
132 silly audit   ora: [ '5.4.1', '3.4.0' ],
132 silly audit   'restore-cursor': [ '3.1.0', '2.0.0' ],
132 silly audit   '@react-native-community/cli-hermes': [ '12.3.0' ],
132 silly audit   '@react-native-community/cli-platform-android': [ '12.3.0' ],
132 silly audit   '@react-native-community/cli-platform-ios': [ '12.3.0' ],
132 silly audit   '@react-native-community/cli-plugin-metro': [ '12.3.0' ],
132 silly audit   '@react-native-community/cli-server-api': [ '12.3.0' ],
132 silly audit   ws: [ '7.5.10', '6.2.3', '8.19.0' ],
132 silly audit   '@react-native-community/cli-tools': [ '12.3.0' ],
132 silly audit   'is-wsl': [ '1.1.0', '2.2.0' ],
132 silly audit   open: [ '6.4.0', '7.4.2', '8.4.2' ],
132 silly audit   '@react-native-community/cli-types': [ '12.3.0' ],
132 silly audit   commander: [ '9.5.0', '7.2.0', '4.1.1', '2.20.3' ],
132 silly audit   'find-up': [ '4.1.0', '5.0.0', '3.0.0' ],
132 silly audit   'locate-path': [ '5.0.0', '6.0.0', '3.0.0' ],
132 silly audit   'p-limit': [ '2.3.0', '3.1.0' ],
132 silly audit   'p-locate': [ '4.1.0', '5.0.0', '3.0.0' ],
132 silly audit   '@react-native-community/netinfo': [ '11.3.1' ],
132 silly audit   '@react-native/assets-registry': [ '0.73.1' ],
132 silly audit   '@react-native/babel-plugin-codegen': [ '0.73.4', '0.73.2' ],
132 silly audit   '@react-native/babel-preset': [ '0.73.21', '0.73.19' ],
132 silly audit   '@react-native/codegen': [ '0.73.3', '0.73.2' ],
132 silly audit   '@react-native/community-cli-plugin': [ '0.73.12' ],
132 silly audit   '@react-native/dev-middleware': [ '0.73.7', '0.73.8' ],
132 silly audit   ms: [ '2.0.0', '2.1.3' ],
132 silly audit   '@react-native/debugger-frontend': [ '0.73.3' ],
132 silly audit   '@react-native/gradle-plugin': [ '0.73.4' ],
132 silly audit   '@react-native/js-polyfills': [ '0.73.1' ],
132 silly audit   '@react-native/metro-babel-transformer': [ '0.73.13' ],
132 silly audit   '@react-native/normalize-color': [ '2.1.0' ],
132 silly audit   '@react-native/normalize-colors': [ '0.73.2', '0.74.89' ],
132 silly audit   '@react-native/virtualized-lists': [ '0.73.4' ],
132 silly audit   '@segment/loosely-validate-event': [ '2.0.0' ],
132 silly audit   '@sideway/address': [ '4.1.5' ],
132 silly audit   '@sideway/formula': [ '3.0.1' ],
132 silly audit   '@sideway/pinpoint': [ '2.0.0' ],
132 silly audit   '@sinclair/typebox': [ '0.27.8' ],
132 silly audit   '@sinonjs/commons': [ '3.0.1' ],
132 silly audit   '@sinonjs/fake-timers': [ '10.3.0' ],
132 silly audit   '@so-ric/colorspace': [ '1.1.6' ],
132 silly audit   '@tootallnate/once': [ '2.0.0' ],
132 silly audit   '@tsconfig/node10': [ '1.0.12' ],
132 silly audit   '@tsconfig/node12': [ '1.0.11' ],
132 silly audit   '@tsconfig/node14': [ '1.0.3' ],
132 silly audit   '@tsconfig/node16': [ '1.0.4' ],
132 silly audit   '@types/aws-lambda': [ '8.10.122' ],
132 silly audit   '@types/bunyan': [ '1.8.9' ],
132 silly audit   '@types/caseless': [ '0.12.5' ],
132 silly audit   '@types/connect': [ '3.4.36' ],
132 silly audit   '@types/istanbul-lib-coverage': [ '2.0.6' ],
132 silly audit   '@types/istanbul-lib-report': [ '3.0.3' ],
132 silly audit   '@types/istanbul-reports': [ '3.0.4' ],
132 silly audit   '@types/json-schema': [ '7.0.15' ],
132 silly audit   '@types/long': [ '4.0.2' ],
132 silly audit   '@types/memcached': [ '2.2.10' ],
132 silly audit   '@types/mysql': [ '2.15.22' ],
132 silly audit   '@types/pg': [ '8.6.1' ],
132 silly audit   '@types/pg-pool': [ '2.0.4' ],
132 silly audit   '@types/prop-types': [ '15.7.15' ],
132 silly audit   '@types/react': [ '18.2.79' ],
132 silly audit   '@types/request': [ '2.48.13' ],
132 silly audit   '@types/shimmer': [ '1.2.0' ],
132 silly audit   '@types/stack-utils': [ '2.0.3' ],
132 silly audit   '@types/tedious': [ '4.0.14' ],
132 silly audit   '@types/tough-cookie': [ '4.0.5' ],
132 silly audit   '@types/triple-beam': [ '1.3.5' ],
132 silly audit   '@types/yargs': [ '17.0.35', '15.0.20' ],
132 silly audit   '@types/yargs-parser': [ '21.0.3' ],
132 silly audit   '@urql/core': [ '2.3.6' ],
132 silly audit   '@urql/exchange-retry': [ '0.3.0' ],
132 silly audit   '@xmldom/xmldom': [ '0.7.13', '0.8.11' ],
132 silly audit   'abort-controller': [ '3.0.0' ],
132 silly audit   accepts: [ '1.3.8' ],
132 silly audit   acorn: [ '8.15.0' ],
132 silly audit   'acorn-import-attributes': [ '1.9.5' ],
132 silly audit   'acorn-walk': [ '8.3.4' ],
132 silly audit   'aggregate-error': [ '3.1.0' ],
132 silly audit   ajv: [ '8.17.1' ],
132 silly audit   'ajv-formats': [ '3.0.1' ],
132 silly audit   anser: [ '1.4.10' ],
132 silly audit   'ansi-color': [ '0.2.2' ],
132 silly audit   'ansi-escapes': [ '4.3.2' ],
132 silly audit   'ansi-fragments': [ '0.2.1' ],
132 silly audit   'any-promise': [ '1.3.0' ],
132 silly audit   anymatch: [ '3.1.3' ],
132 silly audit   picomatch: [ '2.3.1', '3.0.1' ],
132 silly audit   appdirsjs: [ '1.2.7' ],
132 silly audit   arg: [ '5.0.2', '4.1.3' ],
132 silly audit   'array-buffer-byte-length': [ '1.0.2' ],
132 silly audit   'array-flatten': [ '1.1.1' ],
132 silly audit   'array-union': [ '2.1.0' ],
132 silly audit   'arraybuffer.prototype.slice': [ '1.0.4' ],
132 silly audit   arrify: [ '2.0.1' ],
132 silly audit   asap: [ '2.0.6' ],
132 silly audit   'ast-types': [ '0.15.2' ],
132 silly audit   'astral-regex': [ '1.0.0' ],
132 silly audit   async: [ '3.2.6' ],
132 silly audit   'async-function': [ '1.0.0' ],
132 silly audit   'async-limiter': [ '1.0.1' ],
132 silly audit   'async-mutex': [ '0.5.0' ],
132 silly audit   asynckit: [ '0.4.0' ],
132 silly audit   'at-least-node': [ '1.0.0' ],
132 silly audit   'available-typed-arrays': [ '1.0.7' ],
132 silly audit   axios: [ '1.13.2' ],
132 silly audit   'babel-core': [ '7.0.0-bridge.0' ],
132 silly audit   'babel-plugin-polyfill-corejs2': [ '0.4.14' ],
132 silly audit   'babel-plugin-polyfill-corejs3': [ '0.13.0' ],
132 silly audit   'babel-plugin-polyfill-regenerator': [ '0.6.5' ],
132 silly audit   'babel-plugin-react-native-web': [ '0.18.12' ],
132 silly audit   'babel-plugin-syntax-trailing-function-commas': [ '7.0.0-beta.0' ],
132 silly audit   'babel-plugin-transform-flow-enums': [ '0.0.2' ],
132 silly audit   'babel-preset-expo': [ '10.0.2' ],
132 silly audit   'babel-preset-fbjs': [ '3.4.0' ],
132 silly audit   'balanced-match': [ '1.0.2' ],
132 silly audit   'base64-js': [ '1.5.1' ],
132 silly audit   'baseline-browser-mapping': [ '2.9.15' ],
132 silly audit   'better-opn': [ '3.0.2' ],
132 silly audit   'big-integer': [ '1.6.52' ],
132 silly audit   'bignumber.js': [ '9.3.1' ],
132 silly audit   bl: [ '4.1.0' ],
132 silly audit   'readable-stream': [ '3.6.2', '2.3.8' ],
132 silly audit   'blueimp-md5': [ '2.19.0' ],
132 silly audit   'body-parser': [ '1.20.4' ],
132 silly audit   'http-errors': [ '2.0.1', '2.0.0' ],
132 silly audit   'on-finished': [ '2.4.1', '2.3.0' ],
132 silly audit   statuses: [ '2.0.2', '2.0.1', '1.5.0' ],
132 silly audit   'bplist-creator': [ '0.1.0' ],
132 silly audit   'bplist-parser': [ '0.3.2', '0.3.1' ],
132 silly audit   braces: [ '3.0.3' ],
132 silly audit   browserslist: [ '4.28.1' ],
132 silly audit   bser: [ '2.1.1' ],
132 silly audit   buffer: [ '5.7.1' ],
132 silly audit   'buffer-alloc': [ '1.2.0' ],
132 silly audit   'buffer-alloc-unsafe': [ '1.1.0' ],
132 silly audit   'buffer-equal-constant-time': [ '1.0.1' ],
132 silly audit   'buffer-fill': [ '1.0.0' ],
132 silly audit   'buffer-from': [ '1.1.2' ],
132 silly audit   bufrw: [ '1.4.0' ],
132 silly audit   builtins: [ '1.0.3' ],
132 silly audit   bytes: [ '3.1.2' ],
132 silly audit   cacache: [ '15.3.0' ],
132 silly audit   'call-bind': [ '1.0.8' ],
132 silly audit   'call-bind-apply-helpers': [ '1.0.2' ],
132 silly audit   'call-bound': [ '1.0.4' ],
132 silly audit   'caller-callsite': [ '2.0.0' ],
132 silly audit   'caller-path': [ '2.0.0' ],
132 silly audit   callsites: [ '2.0.0' ],
132 silly audit   camelcase: [ '6.3.0', '5.3.1' ],
132 silly audit   'caniuse-lite': [ '1.0.30001765' ],
132 silly audit   charenc: [ '0.0.2' ],
132 silly audit   chownr: [ '2.0.0' ],
132 silly audit   'chrome-launcher': [ '0.15.2' ],
132 silly audit   'chromium-edge-launcher': [ '1.0.0' ],
132 silly audit   'ci-info': [ '3.9.0', '2.0.0' ],
132 silly audit   'cjs-module-lexer': [ '1.4.3' ],
132 silly audit   'clean-stack': [ '2.2.0' ],
132 silly audit   'cli-spinners': [ '2.9.2' ],
132 silly audit   cliui: [ '8.0.1', '6.0.0' ],
132 silly audit   clone: [ '2.1.2', '1.0.4' ],
132 silly audit   'clone-deep': [ '4.0.1' ],
132 silly audit   color: [ '5.0.3', '4.2.3' ],
132 silly audit   'color-string': [ '2.1.4', '1.9.1' ],
132 silly audit   'combined-stream': [ '1.0.8' ],
132 silly audit   'command-exists': [ '1.2.9' ],
132 silly audit   commondir: [ '1.0.1' ],
132 silly audit   'component-type': [ '1.2.2' ],
132 silly audit   compressible: [ '2.0.18' ],
132 silly audit   compression: [ '1.8.1' ],
132 silly audit   negotiator: [ '0.6.4', '0.6.3' ],
132 silly audit   'concat-map': [ '0.0.1' ],
132 silly audit   connect: [ '3.7.0' ],
132 silly audit   'content-disposition': [ '0.5.4' ],
132 silly audit   'content-type': [ '1.0.5' ],
132 silly audit   'convert-source-map': [ '2.0.0' ],
132 silly audit   cookie: [ '0.7.2' ],
132 silly audit   'cookie-signature': [ '1.0.7' ],
132 silly audit   'core-js-compat': [ '3.47.0' ],
132 silly audit   'core-util-is': [ '1.0.3' ],
132 silly audit   cors: [ '2.8.5' ],
132 silly audit   cosmiconfig: [ '5.2.1' ],
132 silly audit   'create-require': [ '1.1.1' ],
132 silly audit   'cross-fetch': [ '3.2.0' ],
132 silly audit   crypt: [ '0.0.2' ],
132 silly audit   'css-in-js-utils': [ '3.1.0' ],
132 silly audit   csstype: [ '3.2.3' ],
132 silly audit   'dag-map': [ '1.0.2' ],
132 silly audit   'data-uri-to-buffer': [ '4.0.1' ],
132 silly audit   'data-view-buffer': [ '1.0.2' ],
132 silly audit   'data-view-byte-length': [ '1.0.2' ],
132 silly audit   'data-view-byte-offset': [ '1.0.1' ],
132 silly audit   dayjs: [ '1.11.19' ],
132 silly audit   decamelize: [ '1.2.0' ],
132 silly audit   'deep-extend': [ '0.6.0' ],
132 silly audit   deepmerge: [ '4.3.1' ],
132 silly audit   'default-gateway': [ '4.2.0' ],
132 silly audit   defaults: [ '1.0.4' ],
132 silly audit   'define-data-property': [ '1.1.4' ],
132 silly audit   'define-lazy-prop': [ '2.0.0' ],
132 silly audit   'define-properties': [ '1.2.1' ],
132 silly audit   del: [ '6.1.1' ],
132 silly audit   'delayed-stream': [ '1.0.0' ],
132 silly audit   denodeify: [ '1.2.1' ],
132 silly audit   depd: [ '2.0.0' ],
132 silly audit   'deprecated-react-native-prop-types': [ '5.0.0' ],
132 silly audit   destroy: [ '1.2.0' ],
132 silly audit   'detect-libc': [ '1.0.3' ],
132 silly audit   diff: [ '4.0.4' ],
132 silly audit   'dir-glob': [ '3.0.1' ],
132 silly audit   'dot-prop': [ '6.0.1' ],
132 silly audit   'dotenv-expand': [ '11.0.7' ],
132 silly audit   dotprompt: [ '1.1.2' ],
132 silly audit   'dunder-proto': [ '1.0.1' ],
132 silly audit   duplexify: [ '4.1.3' ],
132 silly audit   eastasianwidth: [ '0.2.0' ],
132 silly audit   'ecdsa-sig-formatter': [ '1.0.11' ],
132 silly audit   'ee-first': [ '1.1.1' ],
132 silly audit   'electron-to-chromium': [ '1.5.267' ],
132 silly audit   enabled: [ '2.0.0' ],
132 silly audit   encodeurl: [ '1.0.2', '2.0.0' ],
132 silly audit   'end-of-stream': [ '1.4.5' ],
132 silly audit   'env-editor': [ '0.4.2' ],
132 silly audit   envinfo: [ '7.21.0' ],
132 silly audit   error: [ '7.0.2' ],
132 silly audit   'error-ex': [ '1.3.4' ],
132 silly audit   'error-stack-parser': [ '2.1.4' ],
132 silly audit   errorhandler: [ '1.5.2' ],
132 silly audit   'es-abstract': [ '1.24.1' ],
132 silly audit   'es-define-property': [ '1.0.1' ],
132 silly audit   'es-errors': [ '1.3.0' ],
132 silly audit   'es-object-atoms': [ '1.1.1' ],
132 silly audit   'es-set-tostringtag': [ '2.1.0' ],
132 silly audit   'es-to-primitive': [ '1.3.0' ],
132 silly audit   escalade: [ '3.2.0' ],
132 silly audit   'escape-html': [ '1.0.3' ],
132 silly audit   esprima: [ '4.0.1' ],
132 silly audit   esutils: [ '2.0.3' ],
132 silly audit   etag: [ '1.8.1' ],
132 silly audit   'event-target-shim': [ '5.0.1' ],
132 silly audit   eventid: [ '2.0.1' ],
132 silly audit   'exec-async': [ '2.2.0' ],
132 silly audit   expo: [ '50.0.21' ],
132 silly audit   'expo-asset': [ '9.0.2' ],
132 silly audit   'expo-av': [ '13.10.6' ],
132 silly audit   'expo-camera': [ '17.0.10' ],
132 silly audit   'expo-constants': [ '15.4.6' ],
132 silly audit   'expo-file-system': [ '16.0.9' ],
132 silly audit   'expo-font': [ '11.10.3' ],
132 silly audit   'expo-image-loader': [ '6.0.0' ],
132 silly audit   'expo-image-picker': [ '17.0.10' ],
132 silly audit   'expo-keep-awake': [ '12.8.2' ],
132 silly audit   'expo-modules-autolinking': [ '1.10.3' ],
132 silly audit   'expo-modules-core': [ '1.11.14' ],
132 silly audit   'expo-status-bar': [ '1.11.1' ],
132 silly audit   'exponential-backoff': [ '3.1.3' ],
132 silly audit   express: [ '4.22.1' ],
132 silly audit   finalhandler: [ '1.3.2', '1.1.2' ],
132 silly audit   send: [ '0.19.2', '0.18.0' ],
132 silly audit   extend: [ '3.0.2' ],
132 silly audit   'fast-deep-equal': [ '3.1.3' ],
132 silly audit   'fast-glob': [ '3.3.3' ],
132 silly audit   'fast-loops': [ '1.1.4' ],
132 silly audit   'fast-uri': [ '3.1.0' ],
132 silly audit   'fast-xml-parser': [ '4.5.3' ],
132 silly audit   fastq: [ '1.20.1' ],
132 silly audit   'faye-websocket': [ '0.11.4' ],
132 silly audit   'fb-watchman': [ '2.0.2' ],
132 silly audit   fbemitter: [ '3.0.0' ],
132 silly audit   fbjs: [ '3.0.5' ],
132 silly audit   'fbjs-css-vars': [ '1.0.2' ],
132 silly audit   fecha: [ '4.2.3' ],
132 silly audit   'fetch-blob': [ '3.2.0' ],
132 silly audit   'fetch-retry': [ '4.1.1' ],
132 silly audit   'fill-range': [ '7.1.1' ],
132 silly audit   'find-cache-dir': [ '2.1.0' ],
132 silly audit   'find-yarn-workspace-root': [ '2.0.0' ],
132 silly audit   firebase: [ '12.8.0' ],
132 silly audit   'flow-enums-runtime': [ '0.0.6' ],
132 silly audit   'flow-parser': [ '0.206.0' ],
132 silly audit   'fn.name': [ '1.1.0' ],
132 silly audit   'follow-redirects': [ '1.15.11' ],
132 silly audit   fontfaceobserver: [ '2.3.0' ],
132 silly audit   'for-each': [ '0.3.5' ],
132 silly audit   'foreground-child': [ '3.3.1' ],
132 silly audit   'signal-exit': [ '4.1.0', '3.0.7' ],
132 silly audit   'formdata-polyfill': [ '4.0.10' ],
132 silly audit   forwarded: [ '0.2.0' ],
132 silly audit   'freeport-async': [ '2.0.0' ],
132 silly audit   fresh: [ '0.5.2' ],
132 silly audit   'fs-minipass': [ '2.1.0' ],
132 silly audit   'fs.realpath': [ '1.0.0' ],
132 silly audit   fsevents: [ '2.3.3' ],
132 silly audit   'function-bind': [ '1.1.2' ],
132 silly audit   'function.prototype.name': [ '1.1.8' ],
132 silly audit   'functions-have-names': [ '1.2.3' ],
132 silly audit   'generator-function': [ '2.0.1' ],
132 silly audit   genkit: [ '1.27.0' ],
132 silly audit   gensync: [ '1.0.0-beta.2' ],
132 silly audit   'get-caller-file': [ '2.0.5' ],
132 silly audit   'get-intrinsic': [ '1.3.0' ],
132 silly audit   'get-port': [ '5.1.1' ],
132 silly audit   'get-proto': [ '1.0.1' ],
132 silly audit   'get-symbol-description': [ '1.1.0' ],
132 silly audit   getenv: [ '1.0.0' ],
132 silly audit   'glob-parent': [ '5.1.2' ],
132 silly audit   globalthis: [ '1.0.4' ],
132 silly audit   globby: [ '11.1.0' ],
132 silly audit   googleapis: [ '137.1.0' ],
132 silly audit   'googleapis-common': [ '7.2.0' ],
132 silly audit   gopd: [ '1.2.0' ],
132 silly audit   'graceful-fs': [ '4.2.11' ],
132 silly audit   graphql: [ '15.8.0' ],
132 silly audit   'graphql-tag': [ '2.12.6' ],
132 silly audit   handlebars: [ '4.7.8' ],
132 silly audit   'source-map': [ '0.6.1', '0.5.7', '0.7.6' ],
132 silly audit   'has-bigints': [ '1.1.0' ],
132 silly audit   'has-property-descriptors': [ '1.0.2' ],
132 silly audit   'has-proto': [ '1.2.0' ],
132 silly audit   'has-symbols': [ '1.1.0' ],
132 silly audit   'has-tostringtag': [ '1.0.2' ],
132 silly audit   hasown: [ '2.0.2' ],
132 silly audit   'hermes-estree': [ '0.15.0', '0.23.1' ],
132 silly audit   'hermes-parser': [ '0.15.0', '0.23.1' ],
132 silly audit   'hermes-profile-transformer': [ '0.0.6' ],
132 silly audit   hexer: [ '1.5.0' ],
132 silly audit   'html-entities': [ '2.6.0' ],
132 silly audit   'http-parser-js': [ '0.5.10' ],
132 silly audit   'http-proxy-agent': [ '5.0.0' ],
132 silly audit   'human-signals': [ '2.1.0' ],
132 silly audit   'hyphenate-style-name': [ '1.1.0' ],
132 silly audit   'iconv-lite': [ '0.4.24' ],
132 silly audit   idb: [ '7.1.1' ],
132 silly audit   ieee754: [ '1.2.1' ],
132 silly audit   ignore: [ '5.3.2' ],
132 silly audit   'image-size': [ '1.2.1' ],
132 silly audit   'import-fresh': [ '2.0.0' ],
132 silly audit   'resolve-from': [ '3.0.0', '5.0.0' ],
132 silly audit   'import-in-the-middle': [ '1.15.0' ],
132 silly audit   imurmurhash: [ '0.1.4' ],
132 silly audit   'indent-string': [ '4.0.0' ],
132 silly audit   'infer-owner': [ '1.0.4' ],
132 silly audit   inflight: [ '1.0.6' ],
132 silly audit   inherits: [ '2.0.4' ],
132 silly audit   ini: [ '1.3.8' ],
132 silly audit   'inline-style-prefixer': [ '6.0.4' ],
132 silly audit   'internal-ip': [ '4.3.0' ],
132 silly audit   'internal-slot': [ '1.1.0' ],
132 silly audit   invariant: [ '2.2.4' ],
132 silly audit   ip: [ '1.1.9' ],
132 silly audit   'ip-regex': [ '2.1.0' ],
132 silly audit   'ipaddr.js': [ '1.9.1' ],
132 silly audit   'is-array-buffer': [ '3.0.5' ],
132 silly audit   'is-arrayish': [ '0.2.1', '0.3.4' ],
132 silly audit   'is-async-function': [ '2.1.1' ],
132 silly audit   'is-bigint': [ '1.1.0' ],
132 silly audit   'is-boolean-object': [ '1.2.2' ],
132 silly audit   'is-buffer': [ '1.1.6' ],
132 silly audit   'is-callable': [ '1.2.7' ],
132 silly audit   'is-core-module': [ '2.16.1' ],
132 silly audit   'is-data-view': [ '1.0.2' ],
132 silly audit   'is-date-object': [ '1.1.0' ],
132 silly audit   'is-directory': [ '0.3.1' ],
132 silly audit   'is-docker': [ '2.2.1' ],
132 silly audit   'is-extglob': [ '2.1.1', '1.0.0' ],
132 silly audit   'is-finalizationregistry': [ '1.1.1' ],
132 silly audit   'is-fullwidth-code-point': [ '2.0.0', '3.0.0' ],
132 silly audit   'is-generator-function': [ '1.1.2' ],
132 silly audit   'is-glob': [ '4.0.3', '2.0.1' ],
132 silly audit   'is-interactive': [ '1.0.0' ],
132 silly audit   'is-invalid-path': [ '0.1.0' ],
132 silly audit   'is-map': [ '2.0.3' ],
132 silly audit   'is-negative-zero': [ '2.0.3' ],
132 silly audit   'is-number': [ '7.0.0' ],
132 silly audit   'is-number-object': [ '1.1.1' ],
132 silly audit   'is-obj': [ '2.0.0' ],
132 silly audit   'is-path-cwd': [ '2.2.0' ],
132 silly audit   'is-path-inside': [ '3.0.3' ],
132 silly audit   'is-plain-obj': [ '2.1.0' ],
132 silly audit   'is-plain-object': [ '2.0.4' ],
132 silly audit   'is-regex': [ '1.2.1' ],
132 silly audit   'is-set': [ '2.0.3' ],
132 silly audit   'is-shared-array-buffer': [ '1.0.4' ],
132 silly audit   'is-string': [ '1.1.1' ],
132 silly audit   'is-symbol': [ '1.1.1' ],
132 silly audit   'is-typed-array': [ '1.1.15' ],
132 silly audit   'is-unicode-supported': [ '0.1.0' ],
132 silly audit   'is-valid-path': [ '0.1.1' ],
132 silly audit   'is-weakmap': [ '2.0.2' ],
132 silly audit   'is-weakref': [ '1.1.1' ],
132 silly audit   'is-weakset': [ '2.0.4' ],
132 silly audit   isarray: [ '1.0.0', '2.0.5' ],
132 silly audit   isexe: [ '2.0.0' ],
132 silly audit   isobject: [ '3.0.1' ],
132 silly audit   jackspeak: [ '3.4.3' ],
132 silly audit   'jaeger-client': [ '3.19.0' ],
132 silly audit   'jest-environment-node': [ '29.7.0' ],
132 silly audit   'jest-get-type': [ '29.6.3' ],
132 silly audit   'jest-message-util': [ '29.7.0' ],
132 silly audit   'pretty-format': [ '29.7.0', '26.6.2' ],
132 silly audit   'react-is': [ '18.3.1', '16.13.1', '17.0.2', '19.2.3' ],
132 silly audit   'jest-mock': [ '29.7.0' ],
132 silly audit   'jest-util': [ '29.7.0' ],
132 silly audit   'jest-validate': [ '29.7.0' ],
132 silly audit   'jest-worker': [ '29.7.0' ],
132 silly audit   'jimp-compact': [ '0.16.1' ],
132 silly audit   joi: [ '17.13.3' ],
132 silly audit   'join-component': [ '1.1.0' ],
132 silly audit   'js-tokens': [ '4.0.0' ],
132 silly audit   'jsc-android': [ '250231.0.0' ],
132 silly audit   'jsc-safe-url': [ '0.2.4' ],
132 silly audit   jscodeshift: [ '0.14.0' ],
132 silly audit   jsesc: [ '3.1.0' ],
132 silly audit   'json-bigint': [ '1.0.0' ],
132 silly audit   'json-parse-better-errors': [ '1.0.2' ],
132 silly audit   'json-schema': [ '0.4.0' ],
132 silly audit   'json-schema-deref-sync': [ '0.13.0' ],
132 silly audit   md5: [ '2.2.1', '2.3.0' ],
132 silly audit   'json-schema-traverse': [ '1.0.0' ],
132 silly audit   json5: [ '2.2.3' ],
132 silly audit   jwa: [ '2.0.1' ],
132 silly audit   jws: [ '4.0.1' ],
132 silly audit   'kind-of': [ '6.0.3' ],
132 silly audit   kleur: [ '3.0.3' ],
132 silly audit   kuler: [ '2.0.0' ],
132 silly audit   leven: [ '3.1.0' ],
132 silly audit   'lighthouse-logger': [ '1.4.2' ],
132 silly audit   lightningcss: [ '1.19.0' ],
132 silly audit   'lightningcss-darwin-arm64': [ '1.19.0' ],
132 silly audit   'lightningcss-darwin-x64': [ '1.19.0' ],
132 silly audit   'lightningcss-linux-arm-gnueabihf': [ '1.19.0' ],
132 silly audit   'lightningcss-linux-arm64-gnu': [ '1.19.0' ],
132 silly audit   'lightningcss-linux-arm64-musl': [ '1.19.0' ],
132 silly audit   'lightningcss-linux-x64-gnu': [ '1.19.0' ],
132 silly audit   'lightningcss-linux-x64-musl': [ '1.19.0' ],
132 silly audit   'lightningcss-win32-x64-msvc': [ '1.19.0' ],
132 silly audit   'lines-and-columns': [ '1.2.4' ],
132 silly audit   lodash: [ '4.17.21' ],
132 silly audit   'lodash.camelcase': [ '4.3.0' ],
132 silly audit   'lodash.debounce': [ '4.0.8' ],
132 silly audit   'lodash.mapvalues': [ '4.6.0' ],
132 silly audit   'lodash.merge': [ '4.6.2' ],
132 silly audit   'lodash.throttle': [ '4.1.1' ],
132 silly audit   logform: [ '2.7.0' ],
132 silly audit   logkitty: [ '0.7.1' ],
132 silly audit   y18n: [ '4.0.3', '5.0.8' ],
132 silly audit   yargs: [ '15.4.1', '17.7.2' ],
132 silly audit   'yargs-parser': [ '18.1.3', '21.1.1' ],
132 silly audit   long: [ '5.3.2', '2.4.0' ],
132 silly audit   'loose-envify': [ '1.4.0' ],
132 silly audit   'make-dir': [ '2.1.0' ],
132 silly audit   'make-error': [ '1.3.6' ],
132 silly audit   makeerror: [ '1.0.12' ],
132 silly audit   marky: [ '1.3.0' ],
132 silly audit   'math-intrinsics': [ '1.1.0' ],
132 silly audit   'md5-file': [ '3.2.3' ],
132 silly audit   md5hex: [ '1.0.0' ],
132 silly audit   'media-typer': [ '0.3.0' ],
132 silly audit   'memoize-one': [ '5.2.1', '6.0.0' ],
132 silly audit   'memory-cache': [ '0.2.0' ],
132 silly audit   'merge-descriptors': [ '1.0.3' ],
132 silly audit   'merge-options': [ '3.0.4' ],
132 silly audit   'merge-stream': [ '2.0.0' ],
132 silly audit   merge2: [ '1.4.1' ],
132 silly audit   methods: [ '1.1.2' ],
132 silly audit   metro: [ '0.80.12' ],
132 silly audit   'metro-babel-transformer': [ '0.80.12' ],
132 silly audit   'metro-cache': [ '0.80.12' ],
132 silly audit   'metro-cache-key': [ '0.80.12' ],
132 silly audit   'metro-config': [ '0.80.12' ],
132 silly audit   'metro-core': [ '0.80.12' ],
132 silly audit   'metro-file-map': [ '0.80.12' ],
132 silly audit   'metro-minify-terser': [ '0.80.12' ],
132 silly audit   'metro-resolver': [ '0.80.12' ],
132 silly audit   'metro-runtime': [ '0.80.12' ],
132 silly audit   'metro-source-map': [ '0.80.12' ],
132 silly audit   'metro-symbolicate': [ '0.80.12' ],
132 silly audit   'metro-transform-plugins': [ '0.80.12' ],
132 silly audit   'metro-transform-worker': [ '0.80.12' ],
132 silly audit   micromatch: [ '4.0.8' ],
132 silly audit   'mime-db': [ '1.52.0' ],
132 silly audit   'mime-types': [ '2.1.35' ],
132 silly audit   minimist: [ '1.2.8' ],
132 silly audit   'minipass-collect': [ '1.0.2' ],
132 silly audit   'minipass-flush': [ '1.0.5' ],
132 silly audit   'minipass-pipeline': [ '1.2.4' ],
132 silly audit   minizlib: [ '2.1.2' ],
132 silly audit   'module-details-from-path': [ '1.0.4' ],
132 silly audit   mz: [ '2.7.0' ],
132 silly audit   nanoid: [ '3.3.11' ],
132 silly audit   'neo-async': [ '2.6.2' ],
132 silly audit   'nested-error-stacks': [ '2.0.1' ],
132 silly audit   'nice-try': [ '1.0.5' ],
132 silly audit   nocache: [ '3.0.4' ],
132 silly audit   'node-abort-controller': [ '3.1.1' ],
132 silly audit   'node-dir': [ '0.1.17' ],
132 silly audit   'node-domexception': [ '1.0.0' ],
132 silly audit   'node-forge': [ '1.3.3' ],
132 silly audit   'node-int64': [ '0.4.0' ],
132 silly audit   'node-releases': [ '2.0.27' ],
132 silly audit   'node-stream-zip': [ '1.15.0' ],
132 silly audit   'normalize-path': [ '3.0.0' ],
132 silly audit   nullthrows: [ '1.1.1' ],
132 silly audit   ob1: [ '0.80.12' ],
132 silly audit   'object-assign': [ '4.1.1' ],
132 silly audit   'object-hash': [ '3.0.0' ],
132 silly audit   'object-inspect': [ '1.13.4' ],
132 silly audit   'object-keys': [ '1.1.1' ],
132 silly audit   'object.assign': [ '4.1.7' ],
132 silly audit   'on-headers': [ '1.1.0' ],
132 silly audit   once: [ '1.4.0' ],
132 silly audit   'one-time': [ '1.0.0' ],
132 silly audit   opentracing: [ '0.14.7' ],
132 silly audit   'os-homedir': [ '1.0.2' ],
132 silly audit   'os-tmpdir': [ '1.0.2' ],
132 silly audit   osenv: [ '0.1.5' ],
132 silly audit   'own-keys': [ '1.0.1' ],
132 silly audit   'p-finally': [ '1.0.0' ],
132 silly audit   'p-map': [ '4.0.0' ],
132 silly audit   'p-try': [ '2.2.0' ],
132 silly audit   'package-json-from-dist': [ '1.0.1' ],
132 silly audit   'parse-json': [ '4.0.0' ],
132 silly audit   'parse-png': [ '2.1.0' ],
132 silly audit   parseurl: [ '1.3.3' ],
132 silly audit   'partial-json': [ '0.1.7' ],
132 silly audit   'path-exists': [ '4.0.0', '3.0.0' ],
132 silly audit   'path-is-absolute': [ '1.0.1' ],
132 silly audit   'path-parse': [ '1.0.7' ],
132 silly audit   'path-scurry': [ '1.11.1' ],
132 silly audit   'path-to-regexp': [ '0.1.12' ],
132 silly audit   'path-type': [ '4.0.0' ],
132 silly audit   'pg-int8': [ '1.0.1' ],
132 silly audit   'pg-protocol': [ '1.11.0' ],
132 silly audit   'pg-types': [ '2.2.0' ],
132 silly audit   picocolors: [ '1.1.1' ],
132 silly audit   pify: [ '4.0.1' ],
132 silly audit   pirates: [ '4.0.7' ],
132 silly audit   'pkg-dir': [ '3.0.0' ],
132 silly audit   plist: [ '3.1.0' ],
132 silly audit   xmlbuilder: [ '15.1.1', '11.0.1', '14.0.0' ],
132 silly audit   pngjs: [ '3.4.0' ],
132 silly audit   'possible-typed-array-names': [ '1.1.0' ],
132 silly audit   postcss: [ '8.4.49' ],
132 silly audit   'postcss-value-parser': [ '4.2.0' ],
132 silly audit   'postgres-array': [ '2.0.0' ],
132 silly audit   'postgres-bytea': [ '1.0.1' ],
132 silly audit   'postgres-date': [ '1.0.7' ],
132 silly audit   'postgres-interval': [ '1.2.0' ],
132 silly audit   'pretty-bytes': [ '5.6.0' ],
132 silly audit   'proc-log': [ '4.2.0' ],
132 silly audit   process: [ '0.10.1' ],
132 silly audit   'process-nextick-args': [ '2.0.1' ],
132 silly audit   progress: [ '2.0.3' ],
132 silly audit   promise: [ '7.3.1', '8.3.0' ],
132 silly audit   'promise-inflight': [ '1.0.1' ],
132 silly audit   prompts: [ '2.4.2' ],
132 silly audit   'prop-types': [ '15.8.1' ],
132 silly audit   protobufjs: [ '7.5.4' ],
132 silly audit   'proxy-addr': [ '2.0.7' ],
132 silly audit   'proxy-from-env': [ '1.1.0' ],
132 silly audit   pump: [ '3.0.3' ],
132 silly audit   pumpify: [ '2.0.1' ],
132 silly audit   punycode: [ '2.3.1' ],
132 silly audit   'qrcode-terminal': [ '0.11.0' ],
132 silly audit   qs: [ '6.14.1' ],
132 silly audit   queue: [ '6.0.2' ],
132 silly audit   'queue-microtask': [ '1.2.3' ],
132 silly audit   'range-parser': [ '1.2.1' ],
132 silly audit   'raw-body': [ '2.5.3' ],
132 silly audit   rc: [ '1.2.8' ],
132 silly audit   react: [ '18.2.0' ],
132 silly audit   'react-devtools-core': [ '4.28.5' ],
132 silly audit   'react-dom': [ '18.2.0' ],
132 silly audit   'react-freeze': [ '1.0.4' ],
132 silly audit   'react-native': [ '0.73.2' ],
132 silly audit   'react-native-safe-area-context': [ '4.8.2' ],
132 silly audit   'react-native-screens': [ '3.29.0' ],
132 silly audit   'react-native-web': [ '0.19.13' ],
132 silly audit   scheduler: [ '0.24.0-canary-efb381bbf-20230505', '0.23.2' ],
132 silly audit   'react-refresh': [ '0.14.0' ],
132 silly audit   'react-shallow-renderer': [ '16.15.0' ],
132 silly audit   'safe-buffer': [ '5.1.2', '5.2.1' ],
132 silly audit   readline: [ '1.3.0' ],
132 silly audit   recast: [ '0.21.5' ],
132 silly audit   'reflect.getprototypeof': [ '1.0.10' ],
132 silly audit   regenerate: [ '1.4.2' ],
132 silly audit   'regenerate-unicode-properties': [ '10.2.2' ],
132 silly audit   'regenerator-runtime': [ '0.13.11' ],
132 silly audit   'regexp.prototype.flags': [ '1.5.4' ],
132 silly audit   'regexpu-core': [ '6.4.0' ],
132 silly audit   regjsgen: [ '0.8.0' ],
132 silly audit   regjsparser: [ '0.13.0' ],
132 silly audit   'remove-trailing-slash': [ '0.1.1' ],
132 silly audit   'require-directory': [ '2.1.1' ],
132 silly audit   'require-from-string': [ '2.0.2' ],
132 silly audit   'require-in-the-middle': [ '7.5.2' ],
132 silly audit   'require-main-filename': [ '2.0.0' ],
132 silly audit   requireg: [ '0.2.2' ],
132 silly audit   resolve: [ '1.7.1', '1.22.11' ],
132 silly audit   'resolve-workspace-root': [ '2.0.1' ],
132 silly audit   'resolve.exports': [ '2.0.3' ],
132 silly audit   reusify: [ '1.1.0' ],
132 silly audit   'run-parallel': [ '1.2.0' ],
132 silly audit   'safe-array-concat': [ '1.1.3' ],
132 silly audit   'safe-push-apply': [ '1.0.0' ],
132 silly audit   'safe-regex-test': [ '1.1.0' ],
132 silly audit   'safe-stable-stringify': [ '2.5.0' ],
132 silly audit   'safer-buffer': [ '2.1.2' ],
132 silly audit   sax: [ '1.4.4' ],
132 silly audit   'serialize-error': [ '2.1.0' ],
132 silly audit   'serve-static': [ '1.16.3' ],
132 silly audit   'set-blocking': [ '2.0.0' ],
132 silly audit   'set-function-length': [ '1.2.2' ],
132 silly audit   'set-function-name': [ '2.0.2' ],
132 silly audit   'set-proto': [ '1.0.0' ],
132 silly audit   setimmediate: [ '1.0.5' ],
132 silly audit   setprototypeof: [ '1.2.0' ],
132 silly audit   'shallow-clone': [ '3.0.1' ],
132 silly audit   'shell-quote': [ '1.8.3' ],
132 silly audit   shimmer: [ '1.2.1' ],
132 silly audit   'side-channel': [ '1.1.0' ],
132 silly audit   'side-channel-list': [ '1.0.0' ],
132 silly audit   'side-channel-map': [ '1.0.1' ],
132 silly audit   'side-channel-weakmap': [ '1.0.2' ],
132 silly audit   'simple-plist': [ '1.3.1' ],
132 silly audit   sisteransi: [ '1.0.5' ],
132 silly audit   slash: [ '3.0.0' ],
132 silly audit   'slice-ansi': [ '2.1.0' ],
132 silly audit   slugify: [ '1.6.6' ],
132 silly audit   'source-map-js': [ '1.2.1' ],
132 silly audit   'source-map-support': [ '0.5.21' ],
132 silly audit   'sprintf-js': [ '1.0.3' ],
132 silly audit   ssri: [ '8.0.1' ],
132 silly audit   'stack-trace': [ '0.0.10' ],
132 silly audit   'stack-utils': [ '2.0.6' ],
132 silly audit   stackframe: [ '1.3.4' ],
132 silly audit   'stacktrace-parser': [ '0.1.11' ],
132 silly audit   'stop-iteration-iterator': [ '1.1.0' ],
132 silly audit   'stream-buffers': [ '2.2.0' ],
132 silly audit   'stream-events': [ '1.0.5' ],
132 silly audit   'stream-shift': [ '1.0.3' ],
132 silly audit   string_decoder: [ '1.1.1' ],
132 silly audit   'string-template': [ '0.2.1' ],
132 silly audit   'string.prototype.trim': [ '1.2.10' ],
132 silly audit   'string.prototype.trimend': [ '1.0.9' ],
132 silly audit   'string.prototype.trimstart': [ '1.0.8' ],
132 silly audit   'strip-eof': [ '1.0.0' ],
132 silly audit   'strip-final-newline': [ '2.0.0' ],
132 silly audit   'strip-json-comments': [ '2.0.1' ],
132 silly audit   strnum: [ '1.1.2' ],
132 silly audit   'structured-headers': [ '0.4.1' ],
132 silly audit   stubs: [ '3.0.0' ],
132 silly audit   styleq: [ '0.1.3' ],
132 silly audit   sucrase: [ '3.34.0' ],
132 silly audit   'sudo-prompt': [ '9.2.1' ],
132 silly audit   'supports-hyperlinks': [ '2.3.0' ],
132 silly audit   'supports-preserve-symlinks-flag': [ '1.0.0' ],
132 silly audit   tar: [ '6.2.1' ],
132 silly audit   temp: [ '0.8.4' ],
132 silly audit   'terminal-link': [ '2.1.1' ],
132 silly audit   terser: [ '5.46.0' ],
132 silly audit   'text-hex': [ '1.0.0' ],
132 silly audit   'text-table': [ '0.2.0' ],
132 silly audit   thenify: [ '3.3.1' ],
132 silly audit   'thenify-all': [ '1.6.0' ],
132 silly audit   thriftrw: [ '3.11.4' ],
132 silly audit   throat: [ '5.0.0' ],
132 silly audit   through2: [ '2.0.5' ],
132 silly audit   tmpl: [ '1.0.5' ],
132 silly audit   'to-regex-range': [ '5.0.1' ],
132 silly audit   toidentifier: [ '1.0.1' ],
132 silly audit   tr46: [ '0.0.3' ],
132 silly audit   traverse: [ '0.6.11' ],
132 silly audit   'triple-beam': [ '1.4.1' ],
132 silly audit   'ts-interface-checker': [ '0.1.13' ],
132 silly audit   'ts-node': [ '10.9.2' ],
132 silly audit   tslib: [ '2.8.1' ],
132 silly audit   'type-detect': [ '4.0.8' ],
132 silly audit   'type-is': [ '1.6.18' ],
132 silly audit   'typed-array-buffer': [ '1.0.3' ],
132 silly audit   'typed-array-byte-length': [ '1.0.3' ],
132 silly audit   'typed-array-byte-offset': [ '1.0.4' ],
132 silly audit   'typed-array-length': [ '1.0.7' ],
132 silly audit   'typedarray.prototype.slice': [ '1.0.5' ],
132 silly audit   typescript: [ '5.9.3' ],
132 silly audit   'ua-parser-js': [ '1.0.41' ],
132 silly audit   'uglify-js': [ '3.19.3' ],
132 silly audit   'unbox-primitive': [ '1.1.0' ],
132 silly audit   'unicode-canonical-property-names-ecmascript': [ '2.0.1' ],
132 silly audit   'unicode-match-property-ecmascript': [ '2.0.0' ],
132 silly audit   'unicode-match-property-value-ecmascript': [ '2.2.1' ],
132 silly audit   'unicode-property-aliases-ecmascript': [ '2.2.0' ],
132 silly audit   'unique-filename': [ '1.1.1' ],
132 silly audit   'unique-slug': [ '2.0.2' ],
132 silly audit   unpipe: [ '1.0.0' ],
132 silly audit   'update-browserslist-db': [ '1.2.3' ],
132 silly audit   'uri-templates': [ '0.2.0' ],
132 silly audit   'url-join': [ '4.0.0' ],
132 silly audit   'url-template': [ '2.0.8' ],
132 silly audit   'util-deprecate': [ '1.0.2' ],
132 silly audit   'utils-merge': [ '1.0.1' ],
132 silly audit   'v8-compile-cache-lib': [ '3.0.1' ],
132 silly audit   'valid-url': [ '1.0.9' ],
132 silly audit   vary: [ '1.1.2' ],
132 silly audit   vlq: [ '1.0.1' ],
132 silly audit   walker: [ '1.0.8' ],
132 silly audit   'warn-once': [ '0.1.1' ],
132 silly audit   wcwidth: [ '1.0.1' ],
132 silly audit   'web-streams-polyfill': [ '3.3.3' ],
132 silly audit   'web-vitals': [ '4.2.4' ],
132 silly audit   'webidl-conversions': [ '3.0.1', '5.0.0' ],
132 silly audit   'websocket-driver': [ '0.7.4' ],
132 silly audit   'websocket-extensions': [ '0.1.4' ],
132 silly audit   'whatwg-fetch': [ '3.6.20' ],
132 silly audit   'whatwg-url': [ '5.0.0' ],
132 silly audit   'whatwg-url-without-unicode': [ '8.0.0-3' ],
132 silly audit   'which-boxed-primitive': [ '1.1.1' ],
132 silly audit   'which-builtin-type': [ '1.2.1' ],
132 silly audit   'which-collection': [ '1.0.2' ],
132 silly audit   'which-module': [ '2.0.1' ],
132 silly audit   'which-typed-array': [ '1.1.20' ],
132 silly audit   winston: [ '3.19.0' ],
132 silly audit   'winston-transport': [ '4.9.0' ],
132 silly audit   wonka: [ '4.0.15' ],
132 silly audit   wordwrap: [ '1.0.0' ],
132 silly audit   wrappy: [ '1.0.2' ],
132 silly audit   'write-file-atomic': [ '2.4.3' ],
132 silly audit   xcode: [ '3.0.1' ],
132 silly audit   xml2js: [ '0.6.0' ],
132 silly audit   xorshift: [ '1.2.0' ],
132 silly audit   xtend: [ '4.0.2' ],
132 silly audit   yaml: [ '2.8.2' ],
132 silly audit   yn: [ '3.1.1' ],
132 silly audit   'yocto-queue': [ '0.1.0' ],
132 silly audit   zod: [ '3.25.76' ],
132 silly audit   'zod-to-json-schema': [ '3.25.1' ],
132 silly audit   '@react-navigation/native': [ '7.1.28' ],
132 silly audit   '@react-navigation/native-stack': [ '7.10.1' ],
132 silly audit   '@react-navigation/core': [ '7.14.0' ],
132 silly audit   'use-latest-callback': [ '0.2.6' ],
132 silly audit   '@react-navigation/routers': [ '7.5.3' ],
132 silly audit   'query-string': [ '7.1.3' ],
132 silly audit   'use-sync-external-store': [ '1.6.0' ],
132 silly audit   '@react-navigation/elements': [ '2.9.5' ],
132 silly audit   'sf-symbols-typescript': [ '2.2.0' ],
132 silly audit   'decode-uri-component': [ '0.2.2' ],
132 silly audit   'filter-obj': [ '1.1.0' ],
132 silly audit   'split-on-first': [ '1.1.0' ],
132 silly audit   'strict-uri-encode': [ '2.0.0' ],
132 silly audit   'simple-swizzle': [ '0.2.4' ]
132 silly audit }
133 verbose reify failed optional dependency /Users/nag/Desktop/agrisarathi trae/frontend/node_modules/lightningcss-win32-x64-msvc
134 silly reify mark deleted [
134 silly reify   '/Users/nag/Desktop/agrisarathi trae/frontend/node_modules/lightningcss-win32-x64-msvc'
134 silly reify ]
135 verbose reify failed optional dependency /Users/nag/Desktop/agrisarathi trae/frontend/node_modules/lightningcss-linux-x64-musl
136 silly reify mark deleted [
136 silly reify   '/Users/nag/Desktop/agrisarathi trae/frontend/node_modules/lightningcss-linux-x64-musl'
136 silly reify ]
137 verbose reify failed optional dependency /Users/nag/Desktop/agrisarathi trae/frontend/node_modules/lightningcss-linux-x64-gnu
138 silly reify mark deleted [
138 silly reify   '/Users/nag/Desktop/agrisarathi trae/frontend/node_modules/lightningcss-linux-x64-gnu'
138 silly reify ]
139 verbose reify failed optional dependency /Users/nag/Desktop/agrisarathi trae/frontend/node_modules/lightningcss-linux-arm64-musl
140 silly reify mark deleted [
140 silly reify   '/Users/nag/Desktop/agrisarathi trae/frontend/node_modules/lightningcss-linux-arm64-musl'
140 silly reify ]
141 verbose reify failed optional dependency /Users/nag/Desktop/agrisarathi trae/frontend/node_modules/lightningcss-linux-arm64-gnu
142 silly reify mark deleted [
142 silly reify   '/Users/nag/Desktop/agrisarathi trae/frontend/node_modules/lightningcss-linux-arm64-gnu'
142 silly reify ]
143 verbose reify failed optional dependency /Users/nag/Desktop/agrisarathi trae/frontend/node_modules/lightningcss-linux-arm-gnueabihf
144 silly reify mark deleted [
144 silly reify   '/Users/nag/Desktop/agrisarathi trae/frontend/node_modules/lightningcss-linux-arm-gnueabihf'
144 silly reify ]
145 verbose reify failed optional dependency /Users/nag/Desktop/agrisarathi trae/frontend/node_modules/lightningcss-darwin-x64
146 silly reify mark deleted [
146 silly reify   '/Users/nag/Desktop/agrisarathi trae/frontend/node_modules/lightningcss-darwin-x64'
146 silly reify ]
147 http cache simple-swizzle@https://registry.npmjs.org/simple-swizzle/-/simple-swizzle-0.2.4.tgz 0ms (cache hit)
148 http cache split-on-first@https://registry.npmjs.org/split-on-first/-/split-on-first-1.1.0.tgz 0ms (cache hit)
149 http cache strict-uri-encode@https://registry.npmjs.org/strict-uri-encode/-/strict-uri-encode-2.0.0.tgz 0ms (cache hit)
150 http cache filter-obj@https://registry.npmjs.org/filter-obj/-/filter-obj-1.1.0.tgz 0ms (cache hit)
151 http cache decode-uri-component@https://registry.npmjs.org/decode-uri-component/-/decode-uri-component-0.2.2.tgz 0ms (cache hit)
152 http cache sf-symbols-typescript@https://registry.npmjs.org/sf-symbols-typescript/-/sf-symbols-typescript-2.2.0.tgz 0ms (cache hit)
153 http cache @react-navigation/elements@https://registry.npmjs.org/@react-navigation/elements/-/elements-2.9.5.tgz 0ms (cache hit)
154 http cache use-sync-external-store@https://registry.npmjs.org/use-sync-external-store/-/use-sync-external-store-1.6.0.tgz 0ms (cache hit)
155 http cache query-string@https://registry.npmjs.org/query-string/-/query-string-7.1.3.tgz 0ms (cache hit)
156 http cache @react-navigation/routers@https://registry.npmjs.org/@react-navigation/routers/-/routers-7.5.3.tgz 0ms (cache hit)
157 http cache use-latest-callback@https://registry.npmjs.org/use-latest-callback/-/use-latest-callback-0.2.6.tgz 0ms (cache hit)
158 http cache @react-navigation/core@https://registry.npmjs.org/@react-navigation/core/-/core-7.14.0.tgz 0ms (cache hit)
159 http cache @react-navigation/native@https://registry.npmjs.org/@react-navigation/native/-/native-7.1.28.tgz 0ms (cache hit)
160 http cache color-string@https://registry.npmjs.org/color-string/-/color-string-1.9.1.tgz 0ms (cache hit)
161 http cache is-arrayish@https://registry.npmjs.org/is-arrayish/-/is-arrayish-0.3.4.tgz 0ms (cache hit)
162 http cache color@https://registry.npmjs.org/color/-/color-4.2.3.tgz 0ms (cache hit)
163 http cache react-is@https://registry.npmjs.org/react-is/-/react-is-19.2.3.tgz 0ms (cache hit)
164 http cache color-string@https://registry.npmjs.org/color-string/-/color-string-1.9.1.tgz 0ms (cache hit)
165 http cache color@https://registry.npmjs.org/color/-/color-4.2.3.tgz 0ms (cache hit)
166 http cache @react-navigation/native-stack@https://registry.npmjs.org/@react-navigation/native-stack/-/native-stack-7.10.1.tgz 0ms (cache hit)
167 silly tarball no local data for simple-swizzle@https://registry.npmjs.org/simple-swizzle/-/simple-swizzle-0.2.4.tgz. Extracting by manifest.
168 silly tarball no local data for split-on-first@https://registry.npmjs.org/split-on-first/-/split-on-first-1.1.0.tgz. Extracting by manifest.
169 silly tarball no local data for strict-uri-encode@https://registry.npmjs.org/strict-uri-encode/-/strict-uri-encode-2.0.0.tgz. Extracting by manifest.
170 silly tarball no local data for filter-obj@https://registry.npmjs.org/filter-obj/-/filter-obj-1.1.0.tgz. Extracting by manifest.
171 silly tarball no local data for decode-uri-component@https://registry.npmjs.org/decode-uri-component/-/decode-uri-component-0.2.2.tgz. Extracting by manifest.
172 silly tarball no local data for sf-symbols-typescript@https://registry.npmjs.org/sf-symbols-typescript/-/sf-symbols-typescript-2.2.0.tgz. Extracting by manifest.
173 silly tarball no local data for @react-navigation/elements@https://registry.npmjs.org/@react-navigation/elements/-/elements-2.9.5.tgz. Extracting by manifest.
174 silly tarball no local data for use-sync-external-store@https://registry.npmjs.org/use-sync-external-store/-/use-sync-external-store-1.6.0.tgz. Extracting by manifest.
175 silly tarball no local data for query-string@https://registry.npmjs.org/query-string/-/query-string-7.1.3.tgz. Extracting by manifest.
176 silly tarball no local data for @react-navigation/routers@https://registry.npmjs.org/@react-navigation/routers/-/routers-7.5.3.tgz. Extracting by manifest.
177 silly tarball no local data for use-latest-callback@https://registry.npmjs.org/use-latest-callback/-/use-latest-callback-0.2.6.tgz. Extracting by manifest.
178 silly tarball no local data for @react-navigation/core@https://registry.npmjs.org/@react-navigation/core/-/core-7.14.0.tgz. Extracting by manifest.
179 silly tarball no local data for @react-navigation/native@https://registry.npmjs.org/@react-navigation/native/-/native-7.1.28.tgz. Extracting by manifest.
180 silly tarball no local data for color-string@https://registry.npmjs.org/color-string/-/color-string-1.9.1.tgz. Extracting by manifest.
181 silly tarball no local data for is-arrayish@https://registry.npmjs.org/is-arrayish/-/is-arrayish-0.3.4.tgz. Extracting by manifest.
182 silly tarball no local data for color@https://registry.npmjs.org/color/-/color-4.2.3.tgz. Extracting by manifest.
183 silly tarball no local data for react-is@https://registry.npmjs.org/react-is/-/react-is-19.2.3.tgz. Extracting by manifest.
184 silly tarball no local data for color-string@https://registry.npmjs.org/color-string/-/color-string-1.9.1.tgz. Extracting by manifest.
185 silly tarball no local data for color@https://registry.npmjs.org/color/-/color-4.2.3.tgz. Extracting by manifest.
186 silly tarball no local data for @react-navigation/native-stack@https://registry.npmjs.org/@react-navigation/native-stack/-/native-stack-7.10.1.tgz. Extracting by manifest.
187 http fetch GET 200 https://registry.npmjs.org/split-on-first/-/split-on-first-1.1.0.tgz 141ms (cache miss)
188 http fetch GET 200 https://registry.npmjs.org/strict-uri-encode/-/strict-uri-encode-2.0.0.tgz 141ms (cache miss)
189 http fetch GET 200 https://registry.npmjs.org/simple-swizzle/-/simple-swizzle-0.2.4.tgz 181ms (cache miss)
190 http fetch GET 200 https://registry.npmjs.org/filter-obj/-/filter-obj-1.1.0.tgz 181ms (cache miss)
191 http fetch GET 200 https://registry.npmjs.org/color/-/color-4.2.3.tgz 313ms (cache miss)
192 http fetch GET 200 https://registry.npmjs.org/is-arrayish/-/is-arrayish-0.3.4.tgz 313ms (cache miss)
193 http fetch GET 200 https://registry.npmjs.org/color-string/-/color-string-1.9.1.tgz 313ms (cache miss)
194 http fetch GET 200 https://registry.npmjs.org/react-is/-/react-is-19.2.3.tgz 313ms (cache miss)
195 http fetch GET 200 https://registry.npmjs.org/color/-/color-4.2.3.tgz 382ms (cache miss)
196 http fetch GET 200 https://registry.npmjs.org/query-string/-/query-string-7.1.3.tgz 392ms (cache miss)
197 http fetch GET 200 https://registry.npmjs.org/use-latest-callback/-/use-latest-callback-0.2.6.tgz 401ms (cache miss)
198 http fetch POST 200 https://registry.npmjs.org/-/npm/v1/security/advisories/bulk 437ms
199 silly audit report {
199 silly audit report   semver: [
199 silly audit report     {
199 silly audit report       id: 1101088,
199 silly audit report       url: 'https://github.com/advisories/GHSA-c2qf-rxjj-qqgw',
199 silly audit report       title: 'semver vulnerable to Regular Expression Denial of Service',
199 silly audit report       severity: 'high',
199 silly audit report       vulnerable_versions: '>=7.0.0 <7.5.2',
199 silly audit report       cwe: [Array],
199 silly audit report       cvss: [Object]
199 silly audit report     }
199 silly audit report   ],
199 silly audit report   send: [
199 silly audit report     {
199 silly audit report       id: 1109556,
199 silly audit report       url: 'https://github.com/advisories/GHSA-m6fv-jmcg-4jfg',
199 silly audit report       title: 'send vulnerable to template injection that can lead to XSS',
199 silly audit report       severity: 'low',
199 silly audit report       vulnerable_versions: '<0.19.0',
199 silly audit report       cwe: [Array],
199 silly audit report       cvss: [Object]
199 silly audit report     }
199 silly audit report   ],
199 silly audit report   ip: [
199 silly audit report     {
199 silly audit report       id: 1101851,
199 silly audit report       url: 'https://github.com/advisories/GHSA-2p57-rm9w-gvfp',
199 silly audit report       title: 'ip SSRF improper categorization in isPublic',
199 silly audit report       severity: 'high',
199 silly audit report       vulnerable_versions: '<=2.0.1',
199 silly audit report       cwe: [Array],
199 silly audit report       cvss: [Object]
199 silly audit report     }
199 silly audit report   ],
199 silly audit report   tar: [
199 silly audit report     {
199 silly audit report       id: 1112255,
199 silly audit report       url: 'https://github.com/advisories/GHSA-8qq5-rm4j-mr97',
199 silly audit report       title: 'node-tar is Vulnerable to Arbitrary File Overwrite and Symlink Poisoning via Insufficient Path Sanitization',
199 silly audit report       severity: 'high',
199 silly audit report       vulnerable_versions: '<=7.5.2',
199 silly audit report       cwe: [Array],
199 silly audit report       cvss: [Object]
199 silly audit report     },
199 silly audit report     {
199 silly audit report       id: 1112329,
199 silly audit report       url: 'https://github.com/advisories/GHSA-r6q2-hw4h-h46w',
199 silly audit report       title: 'Race Condition in node-tar Path Reservations via Unicode Ligature Collisions on macOS APFS',
199 silly audit report       severity: 'high',
199 silly audit report       vulnerable_versions: '<=7.5.3',
199 silly audit report       cwe: [Array],
199 silly audit report       cvss: [Object]
199 silly audit report     }
199 silly audit report   ]
199 silly audit report }
200 silly packumentCache corgi:https://registry.npmjs.org/semver cache-miss
201 silly packumentCache corgi:https://registry.npmjs.org/send cache-miss
202 silly packumentCache corgi:https://registry.npmjs.org/ip cache-miss
203 silly packumentCache corgi:https://registry.npmjs.org/tar cache-miss
204 http fetch GET 200 https://registry.npmjs.org/@react-navigation/elements/-/elements-2.9.5.tgz 466ms (cache miss)
205 http fetch GET 200 https://registry.npmjs.org/@react-navigation/native/-/native-7.1.28.tgz 495ms (cache miss)
206 http fetch GET 200 https://registry.npmjs.org/@react-navigation/native-stack/-/native-stack-7.10.1.tgz 518ms (cache miss)
207 http fetch GET 200 https://registry.npmjs.org/send 110ms (cache revalidated)
208 silly packumentCache corgi:https://registry.npmjs.org/send set size:63171 disposed:false
209 http fetch GET 200 https://registry.npmjs.org/ip 111ms (cache revalidated)
210 silly packumentCache corgi:https://registry.npmjs.org/ip set size:17316 disposed:false
211 http fetch GET 200 https://registry.npmjs.org/semver 112ms (cache revalidated)
212 silly packumentCache corgi:https://registry.npmjs.org/semver set size:95618 disposed:false
213 http fetch GET 200 https://registry.npmjs.org/color-string/-/color-string-1.9.1.tgz 541ms (cache miss)
214 http fetch GET 200 https://registry.npmjs.org/decode-uri-component/-/decode-uri-component-0.2.2.tgz 542ms (cache miss)
215 http fetch GET 200 https://registry.npmjs.org/@react-navigation/routers/-/routers-7.5.3.tgz 543ms (cache miss)
216 http fetch GET 200 https://registry.npmjs.org/use-sync-external-store/-/use-sync-external-store-1.6.0.tgz 543ms (cache miss)
217 http fetch GET 200 https://registry.npmjs.org/@react-navigation/core/-/core-7.14.0.tgz 556ms (cache miss)
218 http fetch GET 200 https://registry.npmjs.org/tar 146ms (cache updated)
219 silly packumentCache corgi:https://registry.npmjs.org/tar set size:undefined disposed:false
220 silly packumentCache corgi:https://registry.npmjs.org/@expo%2fimage-utils cache-miss
221 http fetch GET 200 https://registry.npmjs.org/sf-symbols-typescript/-/sf-symbols-typescript-2.2.0.tgz 702ms (cache miss)
222 http fetch GET 200 https://registry.npmjs.org/@expo%2fimage-utils 1351ms (cache revalidated)
223 silly packumentCache corgi:https://registry.npmjs.org/@expo%2fimage-utils set size:225090 disposed:false
224 silly packumentCache corgi:https://registry.npmjs.org/@expo%2fcli cache-miss
225 http fetch GET 200 https://registry.npmjs.org/@expo%2fcli 109ms (cache revalidated)
226 silly packumentCache corgi:https://registry.npmjs.org/@expo%2fcli set size:1328750 disposed:false
227 silly packumentCache corgi:https://registry.npmjs.org/@react-native-community%2fcli-doctor cache-miss
228 silly packumentCache corgi:https://registry.npmjs.org/@react-native-community%2fcli-hermes cache-miss
229 http fetch GET 200 https://registry.npmjs.org/@react-native-community%2fcli-doctor 109ms (cache revalidated)
230 silly packumentCache corgi:https://registry.npmjs.org/@react-native-community%2fcli-doctor set size:254833 disposed:false
231 http fetch GET 200 https://registry.npmjs.org/@react-native-community%2fcli-hermes 1318ms (cache revalidated)
232 silly packumentCache corgi:https://registry.npmjs.org/@react-native-community%2fcli-hermes set size:162123 disposed:false
233 silly packumentCache corgi:https://registry.npmjs.org/cacache cache-miss
234 http fetch GET 200 https://registry.npmjs.org/cacache 125ms (cache revalidated)
235 silly packumentCache corgi:https://registry.npmjs.org/cacache set size:155668 disposed:false
236 silly packumentCache corgi:https://registry.npmjs.org/@expo%2fprebuild-config cache-miss
237 http fetch GET 200 https://registry.npmjs.org/@expo%2fprebuild-config 136ms (cache revalidated)
238 silly packumentCache corgi:https://registry.npmjs.org/@expo%2fprebuild-config set size:314617 disposed:false
239 silly packumentCache corgi:https://registry.npmjs.org/expo cache-miss
240 http fetch GET 200 https://registry.npmjs.org/expo 84ms (cache revalidated)
241 silly packumentCache corgi:https://registry.npmjs.org/expo set size:1566086 disposed:false
242 silly packumentCache corgi:https://registry.npmjs.org/@react-native-community%2fcli cache-miss
243 http fetch GET 200 https://registry.npmjs.org/@react-native-community%2fcli 599ms (cache revalidated)
244 silly packumentCache corgi:https://registry.npmjs.org/@react-native-community%2fcli set size:702040 disposed:false
245 silly packumentCache corgi:https://registry.npmjs.org/react-native cache-miss
246 http fetch GET 200 https://registry.npmjs.org/react-native 680ms (cache updated)
247 silly packumentCache corgi:https://registry.npmjs.org/react-native set size:undefined disposed:false
248 silly ADD node_modules/simple-swizzle
249 silly ADD node_modules/simple-swizzle/node_modules/is-arrayish
250 silly ADD node_modules/strict-uri-encode
251 silly ADD node_modules/split-on-first
252 silly ADD node_modules/filter-obj
253 silly ADD node_modules/decode-uri-component
254 silly ADD node_modules/sf-symbols-typescript
255 silly ADD node_modules/@react-navigation/elements
256 silly ADD node_modules/@react-navigation/elements/node_modules/color-string
257 silly ADD node_modules/@react-navigation/elements/node_modules/color
258 silly ADD node_modules/use-sync-external-store
259 silly ADD node_modules/query-string
260 silly ADD node_modules/@react-navigation/routers
261 silly ADD node_modules/use-latest-callback
262 silly ADD node_modules/@react-navigation/core
263 silly ADD node_modules/@react-navigation/core/node_modules/react-is
264 silly ADD node_modules/@react-navigation/native-stack
265 silly ADD node_modules/@react-navigation/native-stack/node_modules/color-string
266 silly ADD node_modules/@react-navigation/native-stack/node_modules/color
267 silly ADD node_modules/@react-navigation/native
268 silly ADD
269 silly ADD
270 silly ADD
271 silly ADD
272 silly ADD
273 silly ADD
274 silly ADD
275 silly REMOVE node_modules/retry
276 silly REMOVE node_modules/lru-memoizer
277 silly REMOVE node_modules/lru-memoizer/node_modules/yallist
278 silly REMOVE node_modules/lru-memoizer/node_modules/lru-cache
279 silly REMOVE node_modules/lodash.once
280 silly REMOVE node_modules/lodash.isstring
281 silly REMOVE node_modules/lodash.isplainobject
282 silly REMOVE node_modules/lodash.isnumber
283 silly REMOVE node_modules/lodash.isinteger
284 silly REMOVE node_modules/lodash.isboolean
285 silly REMOVE node_modules/lodash.includes
286 silly REMOVE node_modules/lodash.clonedeep
287 silly REMOVE node_modules/limiter
288 silly REMOVE node_modules/jwks-rsa
289 silly REMOVE node_modules/jsonwebtoken
290 silly REMOVE node_modules/jsonwebtoken/node_modules/semver
291 silly REMOVE node_modules/jose
292 silly REMOVE node_modules/functional-red-black-tree
293 silly REMOVE node_modules/firebase-admin
294 silly REMOVE node_modules/firebase-admin/node_modules/uuid
295 silly REMOVE node_modules/firebase-admin/node_modules/undici-types
296 silly REMOVE node_modules/firebase-admin/node_modules/@types/node
297 silly REMOVE node_modules/firebase/node_modules/@react-native-async-storage/async-storage
298 silly REMOVE node_modules/farmhash-modern
299 silly REMOVE node_modules/async-retry
300 silly REMOVE node_modules/@types/ms
301 silly REMOVE node_modules/@types/jsonwebtoken
302 silly REMOVE node_modules/@google-cloud/storage
303 silly REMOVE node_modules/@google-cloud/storage/node_modules/mime
304 silly REMOVE node_modules/@google-cloud/firestore
305 silly REMOVE node_modules/@firebase/auth-compat/node_modules/@react-native-async-storage/async-storage
306 silly REMOVE node_modules/@fastify/busboy
307 verbose cwd /Users/nag/Desktop/agrisarathi trae/frontend
308 verbose os Darwin 25.2.0
309 verbose node v22.20.0
310 verbose npm  v10.9.3
311 verbose exit 0
312 info ok
